#
# There is insufficient memory for the Java Runtime Environment to continue.
# Native memory allocation (malloc) failed to allocate 1110896 bytes for Chunk::new
# Possible reasons:
#   The system is out of physical RAM or swap space
#   The process is running with CompressedOops enabled, and the Java Heap may be blocking the growth of the native heap
# Possible solutions:
#   Reduce memory load on the system
#   Increase physical memory or swap space
#   Check if swap backing store is full
#   Decrease Java heap size (-Xmx/-Xms)
#   Decrease number of Java threads
#   Decrease Java thread stack sizes (-Xss)
#   Set larger code cache with -XX:ReservedCodeCacheSize=
#   JVM is running with Unscaled Compressed Oops mode in which the Java heap is
#     placed in the first 4GB address space. The Java Heap base address is the
#     maximum limit for the native heap growth. Please use -XX:HeapBaseMinAddress
#     to set the Java Heap base and to place the Java Heap above 4GB virtual address.
# This output file may be truncated or incomplete.
#
#  Out of Memory Error (./src/hotspot/share/memory/arena.cpp:197), pid=15392, tid=3692
#
# JRE version: OpenJDK Runtime Environment (11.0.8+10) (build 11.0.8+10-b944.6842174)
# Java VM: OpenJDK 64-Bit Server VM (11.0.8+10-b944.6842174, mixed mode, tiered, compressed oops, g1 gc, windows-amd64)
# No core dump will be written. Minidumps are not enabled by default on client versions of Windows
#

---------------  S U M M A R Y ------------

Command Line: --add-opens=java.base/java.util=ALL-UNNAMED --add-opens=java.base/java.lang=ALL-UNNAMED --add-opens=java.base/java.lang.invoke=ALL-UNNAMED --add-opens=java.prefs/java.util.prefs=ALL-UNNAMED -Xmx1536M -Dfile.encoding=windows-1252 -Duser.country=US -Duser.language=en -Duser.variant org.gradle.launcher.daemon.bootstrap.GradleDaemon 6.7

Host: Intel(R) Core(TM) i5-7300HQ CPU @ 2.50GHz, 4 cores, 15G,  Windows 10 , 64 bit Build 22000 (10.0.22000.120)
Time: Thu Aug 12 20:42:57 2021 Arab Standard Time elapsed time: 2 seconds (0d 0h 0m 2s)

---------------  T H R E A D  ---------------

Current thread (0x0000020875ccf800):  JavaThread "C2 CompilerThread0" daemon [_thread_in_native, id=3692, stack(0x0000008d25800000,0x0000008d25900000)]


Current CompileTask:
C2:   2637 2040       4       java.net.URLClassLoader$1::run (5 bytes)

Stack: [0x0000008d25800000,0x0000008d25900000]
Native frames: (J=compiled Java code, j=interpreted, Vv=VM code, C=native code)
V  [jvm.dll+0x5de50a]
V  [jvm.dll+0x7122f5]
V  [jvm.dll+0x71384d]
V  [jvm.dll+0x713f03]
V  [jvm.dll+0x23e728]
V  [jvm.dll+0xb899c]
V  [jvm.dll+0xb8e9c]
V  [jvm.dll+0x2b20e4]
V  [jvm.dll+0x502098]
V  [jvm.dll+0x1ff393]
V  [jvm.dll+0x1f917c]
V  [jvm.dll+0x1f685f]
V  [jvm.dll+0x17f32c]
V  [jvm.dll+0x205047]
V  [jvm.dll+0x203891]
V  [jvm.dll+0x6dad3f]
V  [jvm.dll+0x6d3895]
V  [jvm.dll+0x5dd4a6]
C  [ucrtbase.dll+0x26c0c]
C  [KERNEL32.DLL+0x154e0]
C  [ntdll.dll+0x485b]


---------------  P R O C E S S  ---------------

Threads class SMR info:
_java_thread_list=0x00000208780115d0, length=25, elements={
0x000002085cca0800, 0x0000020875c4b800, 0x0000020875c77000, 0x0000020875ccd800,
0x0000020875cce800, 0x0000020875ccf800, 0x0000020875cd4000, 0x0000020875ce2000,
0x0000020875e35000, 0x0000020875e3a000, 0x00000208770fd800, 0x0000020877bd3800,
0x0000020875ee7000, 0x00000208776dd800, 0x0000020877732800, 0x00000208775f2800,
0x0000020877eff000, 0x00000208780af800, 0x000002087776d000, 0x000002087800f800,
0x0000020877bdb000, 0x0000020877bda000, 0x0000020877bdd800, 0x0000020877074800,
0x0000020877bdb800
}

Java Threads: ( => current thread )
  0x000002085cca0800 JavaThread "main" [_thread_blocked, id=11428, stack(0x0000008d24d00000,0x0000008d24e00000)]
  0x0000020875c4b800 JavaThread "Reference Handler" daemon [_thread_blocked, id=16336, stack(0x0000008d25400000,0x0000008d25500000)]
  0x0000020875c77000 JavaThread "Finalizer" daemon [_thread_blocked, id=13804, stack(0x0000008d25500000,0x0000008d25600000)]
  0x0000020875ccd800 JavaThread "Signal Dispatcher" daemon [_thread_blocked, id=14460, stack(0x0000008d25600000,0x0000008d25700000)]
  0x0000020875cce800 JavaThread "Attach Listener" daemon [_thread_blocked, id=14564, stack(0x0000008d25700000,0x0000008d25800000)]
=>0x0000020875ccf800 JavaThread "C2 CompilerThread0" daemon [_thread_in_native, id=3692, stack(0x0000008d25800000,0x0000008d25900000)]
  0x0000020875cd4000 JavaThread "C1 CompilerThread0" daemon [_thread_blocked, id=10168, stack(0x0000008d25900000,0x0000008d25a00000)]
  0x0000020875ce2000 JavaThread "Sweeper thread" daemon [_thread_blocked, id=16268, stack(0x0000008d25a00000,0x0000008d25b00000)]
  0x0000020875e35000 JavaThread "Common-Cleaner" daemon [_thread_blocked, id=32, stack(0x0000008d25b00000,0x0000008d25c00000)]
  0x0000020875e3a000 JavaThread "Service Thread" daemon [_thread_blocked, id=1228, stack(0x0000008d25c00000,0x0000008d25d00000)]
  0x00000208770fd800 JavaThread "Daemon health stats" [_thread_blocked, id=16028, stack(0x0000008d26200000,0x0000008d26300000)]
  0x0000020877bd3800 JavaThread "Incoming local TCP Connector on port 51816" [_thread_in_native, id=16132, stack(0x0000008d26400000,0x0000008d26500000)]
  0x0000020875ee7000 JavaThread "Daemon periodic checks" [_thread_blocked, id=10632, stack(0x0000008d26500000,0x0000008d26600000)]
  0x00000208776dd800 JavaThread "Daemon" [_thread_blocked, id=5388, stack(0x0000008d26600000,0x0000008d26700000)]
  0x0000020877732800 JavaThread "Handler for socket connection from /127.0.0.1:51816 to /127.0.0.1:51817" [_thread_in_native, id=16264, stack(0x0000008d26700000,0x0000008d26800000)]
  0x00000208775f2800 JavaThread "Cancel handler" [_thread_blocked, id=12796, stack(0x0000008d26800000,0x0000008d26900000)]
  0x0000020877eff000 JavaThread "Daemon worker" [_thread_in_native, id=9992, stack(0x0000008d26900000,0x0000008d26a00000)]
  0x00000208780af800 JavaThread "Asynchronous log dispatcher for DefaultDaemonConnection: socket connection from /127.0.0.1:51816 to /127.0.0.1:51817" [_thread_blocked, id=6864, stack(0x0000008d26a00000,0x0000008d26b00000)]
  0x000002087776d000 JavaThread "Stdin handler" [_thread_blocked, id=6140, stack(0x0000008d26b00000,0x0000008d26c00000)]
  0x000002087800f800 JavaThread "Thread-8" [_thread_blocked, id=14724, stack(0x0000008d26c00000,0x0000008d26d00000)]
  0x0000020877bdb000 JavaThread "Cache worker for file hash cache (C:\Users\cheet\.gradle\caches\6.7\fileHashes)" [_thread_blocked, id=12984, stack(0x0000008d26d00000,0x0000008d26e00000)]
  0x0000020877bda000 JavaThread "File lock request listener" [_thread_in_native, id=15800, stack(0x0000008d26e00000,0x0000008d26f00000)]
  0x0000020877bdd800 JavaThread "Cache worker for journal cache (C:\Users\cheet\.gradle\caches\journal-1)" [_thread_blocked, id=15840, stack(0x0000008d26f00000,0x0000008d27000000)]
  0x0000020877074800 JavaThread "C2 CompilerThread1" daemon [_thread_in_native, id=9428, stack(0x0000008d27000000,0x0000008d27100000)]
  0x0000020877bdb800 JavaThread "Cache worker for file hash cache (C:\Users\cheet\AndroidStudioProjects\rdrr\android\.gradle\6.7\fileHashes)" [_thread_blocked, id=8272, stack(0x0000008d27100000,0x0000008d27200000)]

Other Threads:
  0x0000020875c47800 VMThread "VM Thread" [stack: 0x0000008d25300000,0x0000008d25400000] [id=2064]
  0x0000020875e3b800 WatcherThread [stack: 0x0000008d25d00000,0x0000008d25e00000] [id=2408]
  0x000002085ccb7800 GCTaskThread "GC Thread#0" [stack: 0x0000008d24e00000,0x0000008d24f00000] [id=7804]
  0x00000208764e1800 GCTaskThread "GC Thread#1" [stack: 0x0000008d25f00000,0x0000008d26000000] [id=9512]
  0x00000208762f8800 GCTaskThread "GC Thread#2" [stack: 0x0000008d26000000,0x0000008d26100000] [id=14388]
  0x000002087644f800 GCTaskThread "GC Thread#3" [stack: 0x0000008d26100000,0x0000008d26200000] [id=7296]
  0x000002085ccdc800 ConcurrentGCThread "G1 Main Marker" [stack: 0x0000008d24f00000,0x0000008d25000000] [id=2904]
  0x000002085ccde000 ConcurrentGCThread "G1 Conc#0" [stack: 0x0000008d25000000,0x0000008d25100000] [id=10824]
  0x00000208752ad000 ConcurrentGCThread "G1 Refine#0" [stack: 0x0000008d25100000,0x0000008d25200000] [id=15024]
  0x00000208752b0000 ConcurrentGCThread "G1 Young RemSet Sampling" [stack: 0x0000008d25200000,0x0000008d25300000] [id=15160]

Threads with active compile tasks:
C2 CompilerThread0   2657 2040       4       java.net.URLClassLoader$1::run (5 bytes)
C2 CompilerThread1   2657 2041   !   4       java.net.URLClassLoader$1::run (63 bytes)

VM state:not at safepoint (normal execution)

VM Mutex/Monitor currently owned by a thread: None

Heap address: 0x00000000a0000000, size: 1536 MB, Compressed Oops mode: 32-bit
Narrow klass base: 0x0000000000000000, Narrow klass shift: 3
Compressed class space size: 1073741824 Address: 0x0000000100000000

Heap:
 garbage-first heap   total 262144K, used 62908K [0x00000000a0000000, 0x0000000100000000)
  region size 1024K, 50 young (51200K), 4 survivors (4096K)
 Metaspace       used 25809K, capacity 26390K, committed 26624K, reserved 1073152K
  class space    used 3370K, capacity 3579K, committed 3584K, reserved 1048576K
Heap Regions: E=young(eden), S=young(survivor), O=old, HS=humongous(starts), HC=humongous(continues), CS=collection set, F=free, A=archive, TAMS=top-at-mark-start (previous, next)
|   0|0x00000000a0000000, 0x00000000a0100000, 0x00000000a0100000|100%| O|  |TAMS 0x00000000a0100000, 0x00000000a0000000| Untracked 
|   1|0x00000000a0100000, 0x00000000a0200000, 0x00000000a0200000|100%| O|  |TAMS 0x00000000a0200000, 0x00000000a0100000| Untracked 
|   2|0x00000000a0200000, 0x00000000a0300000, 0x00000000a0300000|100%| O|  |TAMS 0x00000000a0300000, 0x00000000a0200000| Untracked 
|   3|0x00000000a0300000, 0x00000000a0400000, 0x00000000a0400000|100%|HS|  |TAMS 0x00000000a0400000, 0x00000000a0300000| Complete 
|   4|0x00000000a0400000, 0x00000000a0500000, 0x00000000a0500000|100%|HC|  |TAMS 0x00000000a0500000, 0x00000000a0400000| Complete 
|   5|0x00000000a0500000, 0x00000000a0600000, 0x00000000a0600000|100%|HC|  |TAMS 0x00000000a0600000, 0x00000000a0500000| Complete 
|   6|0x00000000a0600000, 0x00000000a0700000, 0x00000000a0700000|100%| O|  |TAMS 0x00000000a0700000, 0x00000000a0600000| Untracked 
|   7|0x00000000a0700000, 0x00000000a0800000, 0x00000000a0800000|100%| O|  |TAMS 0x00000000a0800000, 0x00000000a0700000| Untracked 
|   8|0x00000000a0800000, 0x00000000a0900000, 0x00000000a0900000|100%| O|  |TAMS 0x00000000a0900000, 0x00000000a0800000| Untracked 
|   9|0x00000000a0900000, 0x00000000a0a00000, 0x00000000a0a00000|100%| O|  |TAMS 0x00000000a0a00000, 0x00000000a0900000| Untracked 
|  10|0x00000000a0a00000, 0x00000000a0b00000, 0x00000000a0b00000|100%| O|  |TAMS 0x00000000a0b00000, 0x00000000a0a00000| Untracked 
|  11|0x00000000a0b00000, 0x00000000a0c00000, 0x00000000a0c00000|100%| O|  |TAMS 0x00000000a0c00000, 0x00000000a0b00000| Untracked 
|  12|0x00000000a0c00000, 0x00000000a0cc4c00, 0x00000000a0d00000| 76%| O|  |TAMS 0x00000000a0cc4c00, 0x00000000a0c00000| Untracked 
|  13|0x00000000a0d00000, 0x00000000a0d00000, 0x00000000a0e00000|  0%| F|  |TAMS 0x00000000a0d00000, 0x00000000a0d00000| Untracked 
|  14|0x00000000a0e00000, 0x00000000a0e00000, 0x00000000a0f00000|  0%| F|  |TAMS 0x00000000a0e00000, 0x00000000a0e00000| Untracked 
|  15|0x00000000a0f00000, 0x00000000a0f00000, 0x00000000a1000000|  0%| F|  |TAMS 0x00000000a0f00000, 0x00000000a0f00000| Untracked 
|  16|0x00000000a1000000, 0x00000000a1000000, 0x00000000a1100000|  0%| F|  |TAMS 0x00000000a1000000, 0x00000000a1000000| Untracked 
|  17|0x00000000a1100000, 0x00000000a1100000, 0x00000000a1200000|  0%| F|  |TAMS 0x00000000a1100000, 0x00000000a1100000| Untracked 
|  18|0x00000000a1200000, 0x00000000a1200000, 0x00000000a1300000|  0%| F|  |TAMS 0x00000000a1200000, 0x00000000a1200000| Untracked 
|  19|0x00000000a1300000, 0x00000000a1300000, 0x00000000a1400000|  0%| F|  |TAMS 0x00000000a1300000, 0x00000000a1300000| Untracked 
|  20|0x00000000a1400000, 0x00000000a1400000, 0x00000000a1500000|  0%| F|  |TAMS 0x00000000a1400000, 0x00000000a1400000| Untracked 
|  21|0x00000000a1500000, 0x00000000a1500000, 0x00000000a1600000|  0%| F|  |TAMS 0x00000000a1500000, 0x00000000a1500000| Untracked 
|  22|0x00000000a1600000, 0x00000000a1600000, 0x00000000a1700000|  0%| F|  |TAMS 0x00000000a1600000, 0x00000000a1600000| Untracked 
|  23|0x00000000a1700000, 0x00000000a1700000, 0x00000000a1800000|  0%| F|  |TAMS 0x00000000a1700000, 0x00000000a1700000| Untracked 
|  24|0x00000000a1800000, 0x00000000a1800000, 0x00000000a1900000|  0%| F|  |TAMS 0x00000000a1800000, 0x00000000a1800000| Untracked 
|  25|0x00000000a1900000, 0x00000000a1900000, 0x00000000a1a00000|  0%| F|  |TAMS 0x00000000a1900000, 0x00000000a1900000| Untracked 
|  26|0x00000000a1a00000, 0x00000000a1a00000, 0x00000000a1b00000|  0%| F|  |TAMS 0x00000000a1a00000, 0x00000000a1a00000| Untracked 
|  27|0x00000000a1b00000, 0x00000000a1b00000, 0x00000000a1c00000|  0%| F|  |TAMS 0x00000000a1b00000, 0x00000000a1b00000| Untracked 
|  28|0x00000000a1c00000, 0x00000000a1c00000, 0x00000000a1d00000|  0%| F|  |TAMS 0x00000000a1c00000, 0x00000000a1c00000| Untracked 
|  29|0x00000000a1d00000, 0x00000000a1d00000, 0x00000000a1e00000|  0%| F|  |TAMS 0x00000000a1d00000, 0x00000000a1d00000| Untracked 
|  30|0x00000000a1e00000, 0x00000000a1e00000, 0x00000000a1f00000|  0%| F|  |TAMS 0x00000000a1e00000, 0x00000000a1e00000| Untracked 
|  31|0x00000000a1f00000, 0x00000000a1f00000, 0x00000000a2000000|  0%| F|  |TAMS 0x00000000a1f00000, 0x00000000a1f00000| Untracked 
|  32|0x00000000a2000000, 0x00000000a2000000, 0x00000000a2100000|  0%| F|  |TAMS 0x00000000a2000000, 0x00000000a2000000| Untracked 
|  33|0x00000000a2100000, 0x00000000a2100000, 0x00000000a2200000|  0%| F|  |TAMS 0x00000000a2100000, 0x00000000a2100000| Untracked 
|  34|0x00000000a2200000, 0x00000000a2200000, 0x00000000a2300000|  0%| F|  |TAMS 0x00000000a2200000, 0x00000000a2200000| Untracked 
|  35|0x00000000a2300000, 0x00000000a2300000, 0x00000000a2400000|  0%| F|  |TAMS 0x00000000a2300000, 0x00000000a2300000| Untracked 
|  36|0x00000000a2400000, 0x00000000a2400000, 0x00000000a2500000|  0%| F|  |TAMS 0x00000000a2400000, 0x00000000a2400000| Untracked 
|  37|0x00000000a2500000, 0x00000000a2500000, 0x00000000a2600000|  0%| F|  |TAMS 0x00000000a2500000, 0x00000000a2500000| Untracked 
|  38|0x00000000a2600000, 0x00000000a2600000, 0x00000000a2700000|  0%| F|  |TAMS 0x00000000a2600000, 0x00000000a2600000| Untracked 
|  39|0x00000000a2700000, 0x00000000a2700000, 0x00000000a2800000|  0%| F|  |TAMS 0x00000000a2700000, 0x00000000a2700000| Untracked 
|  40|0x00000000a2800000, 0x00000000a2800000, 0x00000000a2900000|  0%| F|  |TAMS 0x00000000a2800000, 0x00000000a2800000| Untracked 
|  41|0x00000000a2900000, 0x00000000a2900000, 0x00000000a2a00000|  0%| F|  |TAMS 0x00000000a2900000, 0x00000000a2900000| Untracked 
|  42|0x00000000a2a00000, 0x00000000a2a00000, 0x00000000a2b00000|  0%| F|  |TAMS 0x00000000a2a00000, 0x00000000a2a00000| Untracked 
|  43|0x00000000a2b00000, 0x00000000a2b00000, 0x00000000a2c00000|  0%| F|  |TAMS 0x00000000a2b00000, 0x00000000a2b00000| Untracked 
|  44|0x00000000a2c00000, 0x00000000a2c00000, 0x00000000a2d00000|  0%| F|  |TAMS 0x00000000a2c00000, 0x00000000a2c00000| Untracked 
|  45|0x00000000a2d00000, 0x00000000a2d00000, 0x00000000a2e00000|  0%| F|  |TAMS 0x00000000a2d00000, 0x00000000a2d00000| Untracked 
|  46|0x00000000a2e00000, 0x00000000a2e00000, 0x00000000a2f00000|  0%| F|  |TAMS 0x00000000a2e00000, 0x00000000a2e00000| Untracked 
|  47|0x00000000a2f00000, 0x00000000a2f00000, 0x00000000a3000000|  0%| F|  |TAMS 0x00000000a2f00000, 0x00000000a2f00000| Untracked 
|  48|0x00000000a3000000, 0x00000000a3000000, 0x00000000a3100000|  0%| F|  |TAMS 0x00000000a3000000, 0x00000000a3000000| Untracked 
|  49|0x00000000a3100000, 0x00000000a3100000, 0x00000000a3200000|  0%| F|  |TAMS 0x00000000a3100000, 0x00000000a3100000| Untracked 
|  50|0x00000000a3200000, 0x00000000a3200000, 0x00000000a3300000|  0%| F|  |TAMS 0x00000000a3200000, 0x00000000a3200000| Untracked 
|  51|0x00000000a3300000, 0x00000000a3300000, 0x00000000a3400000|  0%| F|  |TAMS 0x00000000a3300000, 0x00000000a3300000| Untracked 
|  52|0x00000000a3400000, 0x00000000a3400000, 0x00000000a3500000|  0%| F|  |TAMS 0x00000000a3400000, 0x00000000a3400000| Untracked 
|  53|0x00000000a3500000, 0x00000000a3500000, 0x00000000a3600000|  0%| F|  |TAMS 0x00000000a3500000, 0x00000000a3500000| Untracked 
|  54|0x00000000a3600000, 0x00000000a3600000, 0x00000000a3700000|  0%| F|  |TAMS 0x00000000a3600000, 0x00000000a3600000| Untracked 
|  55|0x00000000a3700000, 0x00000000a3700000, 0x00000000a3800000|  0%| F|  |TAMS 0x00000000a3700000, 0x00000000a3700000| Untracked 
|  56|0x00000000a3800000, 0x00000000a3800000, 0x00000000a3900000|  0%| F|  |TAMS 0x00000000a3800000, 0x00000000a3800000| Untracked 
|  57|0x00000000a3900000, 0x00000000a3900000, 0x00000000a3a00000|  0%| F|  |TAMS 0x00000000a3900000, 0x00000000a3900000| Untracked 
|  58|0x00000000a3a00000, 0x00000000a3a00000, 0x00000000a3b00000|  0%| F|  |TAMS 0x00000000a3a00000, 0x00000000a3a00000| Untracked 
|  59|0x00000000a3b00000, 0x00000000a3b00000, 0x00000000a3c00000|  0%| F|  |TAMS 0x00000000a3b00000, 0x00000000a3b00000| Untracked 
|  60|0x00000000a3c00000, 0x00000000a3c00000, 0x00000000a3d00000|  0%| F|  |TAMS 0x00000000a3c00000, 0x00000000a3c00000| Untracked 
|  61|0x00000000a3d00000, 0x00000000a3d00000, 0x00000000a3e00000|  0%| F|  |TAMS 0x00000000a3d00000, 0x00000000a3d00000| Untracked 
|  62|0x00000000a3e00000, 0x00000000a3e00000, 0x00000000a3f00000|  0%| F|  |TAMS 0x00000000a3e00000, 0x00000000a3e00000| Untracked 
|  63|0x00000000a3f00000, 0x00000000a3f00000, 0x00000000a4000000|  0%| F|  |TAMS 0x00000000a3f00000, 0x00000000a3f00000| Untracked 
|  64|0x00000000a4000000, 0x00000000a4000000, 0x00000000a4100000|  0%| F|  |TAMS 0x00000000a4000000, 0x00000000a4000000| Untracked 
|  65|0x00000000a4100000, 0x00000000a4100000, 0x00000000a4200000|  0%| F|  |TAMS 0x00000000a4100000, 0x00000000a4100000| Untracked 
|  66|0x00000000a4200000, 0x00000000a4200000, 0x00000000a4300000|  0%| F|  |TAMS 0x00000000a4200000, 0x00000000a4200000| Untracked 
|  67|0x00000000a4300000, 0x00000000a4300000, 0x00000000a4400000|  0%| F|  |TAMS 0x00000000a4300000, 0x00000000a4300000| Untracked 
|  68|0x00000000a4400000, 0x00000000a4400000, 0x00000000a4500000|  0%| F|  |TAMS 0x00000000a4400000, 0x00000000a4400000| Untracked 
|  69|0x00000000a4500000, 0x00000000a4500000, 0x00000000a4600000|  0%| F|  |TAMS 0x00000000a4500000, 0x00000000a4500000| Untracked 
|  70|0x00000000a4600000, 0x00000000a4600000, 0x00000000a4700000|  0%| F|  |TAMS 0x00000000a4600000, 0x00000000a4600000| Untracked 
|  71|0x00000000a4700000, 0x00000000a4700000, 0x00000000a4800000|  0%| F|  |TAMS 0x00000000a4700000, 0x00000000a4700000| Untracked 
|  72|0x00000000a4800000, 0x00000000a4800000, 0x00000000a4900000|  0%| F|  |TAMS 0x00000000a4800000, 0x00000000a4800000| Untracked 
|  73|0x00000000a4900000, 0x00000000a4900000, 0x00000000a4a00000|  0%| F|  |TAMS 0x00000000a4900000, 0x00000000a4900000| Untracked 
|  74|0x00000000a4a00000, 0x00000000a4a00000, 0x00000000a4b00000|  0%| F|  |TAMS 0x00000000a4a00000, 0x00000000a4a00000| Untracked 
|  75|0x00000000a4b00000, 0x00000000a4b00000, 0x00000000a4c00000|  0%| F|  |TAMS 0x00000000a4b00000, 0x00000000a4b00000| Untracked 
|  76|0x00000000a4c00000, 0x00000000a4c00000, 0x00000000a4d00000|  0%| F|  |TAMS 0x00000000a4c00000, 0x00000000a4c00000| Untracked 
|  77|0x00000000a4d00000, 0x00000000a4d00000, 0x00000000a4e00000|  0%| F|  |TAMS 0x00000000a4d00000, 0x00000000a4d00000| Untracked 
|  78|0x00000000a4e00000, 0x00000000a4e00000, 0x00000000a4f00000|  0%| F|  |TAMS 0x00000000a4e00000, 0x00000000a4e00000| Untracked 
|  79|0x00000000a4f00000, 0x00000000a4f00000, 0x00000000a5000000|  0%| F|  |TAMS 0x00000000a4f00000, 0x00000000a4f00000| Untracked 
|  80|0x00000000a5000000, 0x00000000a5000000, 0x00000000a5100000|  0%| F|  |TAMS 0x00000000a5000000, 0x00000000a5000000| Untracked 
|  81|0x00000000a5100000, 0x00000000a5100000, 0x00000000a5200000|  0%| F|  |TAMS 0x00000000a5100000, 0x00000000a5100000| Untracked 
|  82|0x00000000a5200000, 0x00000000a5200000, 0x00000000a5300000|  0%| F|  |TAMS 0x00000000a5200000, 0x00000000a5200000| Untracked 
|  83|0x00000000a5300000, 0x00000000a5300000, 0x00000000a5400000|  0%| F|  |TAMS 0x00000000a5300000, 0x00000000a5300000| Untracked 
|  84|0x00000000a5400000, 0x00000000a5400000, 0x00000000a5500000|  0%| F|  |TAMS 0x00000000a5400000, 0x00000000a5400000| Untracked 
|  85|0x00000000a5500000, 0x00000000a5500000, 0x00000000a5600000|  0%| F|  |TAMS 0x00000000a5500000, 0x00000000a5500000| Untracked 
|  86|0x00000000a5600000, 0x00000000a5600000, 0x00000000a5700000|  0%| F|  |TAMS 0x00000000a5600000, 0x00000000a5600000| Untracked 
|  87|0x00000000a5700000, 0x00000000a5700000, 0x00000000a5800000|  0%| F|  |TAMS 0x00000000a5700000, 0x00000000a5700000| Untracked 
|  88|0x00000000a5800000, 0x00000000a5800000, 0x00000000a5900000|  0%| F|  |TAMS 0x00000000a5800000, 0x00000000a5800000| Untracked 
|  89|0x00000000a5900000, 0x00000000a5900000, 0x00000000a5a00000|  0%| F|  |TAMS 0x00000000a5900000, 0x00000000a5900000| Untracked 
|  90|0x00000000a5a00000, 0x00000000a5a00000, 0x00000000a5b00000|  0%| F|  |TAMS 0x00000000a5a00000, 0x00000000a5a00000| Untracked 
|  91|0x00000000a5b00000, 0x00000000a5b00000, 0x00000000a5c00000|  0%| F|  |TAMS 0x00000000a5b00000, 0x00000000a5b00000| Untracked 
|  92|0x00000000a5c00000, 0x00000000a5c00000, 0x00000000a5d00000|  0%| F|  |TAMS 0x00000000a5c00000, 0x00000000a5c00000| Untracked 
|  93|0x00000000a5d00000, 0x00000000a5d00000, 0x00000000a5e00000|  0%| F|  |TAMS 0x00000000a5d00000, 0x00000000a5d00000| Untracked 
|  94|0x00000000a5e00000, 0x00000000a5e00000, 0x00000000a5f00000|  0%| F|  |TAMS 0x00000000a5e00000, 0x00000000a5e00000| Untracked 
|  95|0x00000000a5f00000, 0x00000000a5f00000, 0x00000000a6000000|  0%| F|  |TAMS 0x00000000a5f00000, 0x00000000a5f00000| Untracked 
|  96|0x00000000a6000000, 0x00000000a6000000, 0x00000000a6100000|  0%| F|  |TAMS 0x00000000a6000000, 0x00000000a6000000| Untracked 
|  97|0x00000000a6100000, 0x00000000a6100000, 0x00000000a6200000|  0%| F|  |TAMS 0x00000000a6100000, 0x00000000a6100000| Untracked 
|  98|0x00000000a6200000, 0x00000000a6200000, 0x00000000a6300000|  0%| F|  |TAMS 0x00000000a6200000, 0x00000000a6200000| Untracked 
|  99|0x00000000a6300000, 0x00000000a6300000, 0x00000000a6400000|  0%| F|  |TAMS 0x00000000a6300000, 0x00000000a6300000| Untracked 
| 100|0x00000000a6400000, 0x00000000a6400000, 0x00000000a6500000|  0%| F|  |TAMS 0x00000000a6400000, 0x00000000a6400000| Untracked 
| 101|0x00000000a6500000, 0x00000000a6500000, 0x00000000a6600000|  0%| F|  |TAMS 0x00000000a6500000, 0x00000000a6500000| Untracked 
| 102|0x00000000a6600000, 0x00000000a6600000, 0x00000000a6700000|  0%| F|  |TAMS 0x00000000a6600000, 0x00000000a6600000| Untracked 
| 103|0x00000000a6700000, 0x00000000a6700000, 0x00000000a6800000|  0%| F|  |TAMS 0x00000000a6700000, 0x00000000a6700000| Untracked 
| 104|0x00000000a6800000, 0x00000000a6800000, 0x00000000a6900000|  0%| F|  |TAMS 0x00000000a6800000, 0x00000000a6800000| Untracked 
| 105|0x00000000a6900000, 0x00000000a6900000, 0x00000000a6a00000|  0%| F|  |TAMS 0x00000000a6900000, 0x00000000a6900000| Untracked 
| 106|0x00000000a6a00000, 0x00000000a6a00000, 0x00000000a6b00000|  0%| F|  |TAMS 0x00000000a6a00000, 0x00000000a6a00000| Untracked 
| 107|0x00000000a6b00000, 0x00000000a6b00000, 0x00000000a6c00000|  0%| F|  |TAMS 0x00000000a6b00000, 0x00000000a6b00000| Untracked 
| 108|0x00000000a6c00000, 0x00000000a6c00000, 0x00000000a6d00000|  0%| F|  |TAMS 0x00000000a6c00000, 0x00000000a6c00000| Untracked 
| 109|0x00000000a6d00000, 0x00000000a6d00000, 0x00000000a6e00000|  0%| F|  |TAMS 0x00000000a6d00000, 0x00000000a6d00000| Untracked 
| 110|0x00000000a6e00000, 0x00000000a6e00000, 0x00000000a6f00000|  0%| F|  |TAMS 0x00000000a6e00000, 0x00000000a6e00000| Untracked 
| 111|0x00000000a6f00000, 0x00000000a6f00000, 0x00000000a7000000|  0%| F|  |TAMS 0x00000000a6f00000, 0x00000000a6f00000| Untracked 
| 112|0x00000000a7000000, 0x00000000a7000000, 0x00000000a7100000|  0%| F|  |TAMS 0x00000000a7000000, 0x00000000a7000000| Untracked 
| 113|0x00000000a7100000, 0x00000000a7100000, 0x00000000a7200000|  0%| F|  |TAMS 0x00000000a7100000, 0x00000000a7100000| Untracked 
| 114|0x00000000a7200000, 0x00000000a7200000, 0x00000000a7300000|  0%| F|  |TAMS 0x00000000a7200000, 0x00000000a7200000| Untracked 
| 115|0x00000000a7300000, 0x00000000a7300000, 0x00000000a7400000|  0%| F|  |TAMS 0x00000000a7300000, 0x00000000a7300000| Untracked 
| 116|0x00000000a7400000, 0x00000000a7400000, 0x00000000a7500000|  0%| F|  |TAMS 0x00000000a7400000, 0x00000000a7400000| Untracked 
| 117|0x00000000a7500000, 0x00000000a7500000, 0x00000000a7600000|  0%| F|  |TAMS 0x00000000a7500000, 0x00000000a7500000| Untracked 
| 118|0x00000000a7600000, 0x00000000a7600000, 0x00000000a7700000|  0%| F|  |TAMS 0x00000000a7600000, 0x00000000a7600000| Untracked 
| 119|0x00000000a7700000, 0x00000000a7700000, 0x00000000a7800000|  0%| F|  |TAMS 0x00000000a7700000, 0x00000000a7700000| Untracked 
| 120|0x00000000a7800000, 0x00000000a7800000, 0x00000000a7900000|  0%| F|  |TAMS 0x00000000a7800000, 0x00000000a7800000| Untracked 
| 121|0x00000000a7900000, 0x00000000a7900000, 0x00000000a7a00000|  0%| F|  |TAMS 0x00000000a7900000, 0x00000000a7900000| Untracked 
| 122|0x00000000a7a00000, 0x00000000a7a00000, 0x00000000a7b00000|  0%| F|  |TAMS 0x00000000a7a00000, 0x00000000a7a00000| Untracked 
| 123|0x00000000a7b00000, 0x00000000a7b00000, 0x00000000a7c00000|  0%| F|  |TAMS 0x00000000a7b00000, 0x00000000a7b00000| Untracked 
| 124|0x00000000a7c00000, 0x00000000a7c00000, 0x00000000a7d00000|  0%| F|  |TAMS 0x00000000a7c00000, 0x00000000a7c00000| Untracked 
| 125|0x00000000a7d00000, 0x00000000a7d00000, 0x00000000a7e00000|  0%| F|  |TAMS 0x00000000a7d00000, 0x00000000a7d00000| Untracked 
| 126|0x00000000a7e00000, 0x00000000a7e00000, 0x00000000a7f00000|  0%| F|  |TAMS 0x00000000a7e00000, 0x00000000a7e00000| Untracked 
| 127|0x00000000a7f00000, 0x00000000a7f00000, 0x00000000a8000000|  0%| F|  |TAMS 0x00000000a7f00000, 0x00000000a7f00000| Untracked 
| 128|0x00000000a8000000, 0x00000000a8000000, 0x00000000a8100000|  0%| F|  |TAMS 0x00000000a8000000, 0x00000000a8000000| Untracked 
| 129|0x00000000a8100000, 0x00000000a8100000, 0x00000000a8200000|  0%| F|  |TAMS 0x00000000a8100000, 0x00000000a8100000| Untracked 
| 130|0x00000000a8200000, 0x00000000a8200000, 0x00000000a8300000|  0%| F|  |TAMS 0x00000000a8200000, 0x00000000a8200000| Untracked 
| 131|0x00000000a8300000, 0x00000000a8300000, 0x00000000a8400000|  0%| F|  |TAMS 0x00000000a8300000, 0x00000000a8300000| Untracked 
| 132|0x00000000a8400000, 0x00000000a8400000, 0x00000000a8500000|  0%| F|  |TAMS 0x00000000a8400000, 0x00000000a8400000| Untracked 
| 133|0x00000000a8500000, 0x00000000a8500000, 0x00000000a8600000|  0%| F|  |TAMS 0x00000000a8500000, 0x00000000a8500000| Untracked 
| 134|0x00000000a8600000, 0x00000000a8600000, 0x00000000a8700000|  0%| F|  |TAMS 0x00000000a8600000, 0x00000000a8600000| Untracked 
| 135|0x00000000a8700000, 0x00000000a8700000, 0x00000000a8800000|  0%| F|  |TAMS 0x00000000a8700000, 0x00000000a8700000| Untracked 
| 136|0x00000000a8800000, 0x00000000a8800000, 0x00000000a8900000|  0%| F|  |TAMS 0x00000000a8800000, 0x00000000a8800000| Untracked 
| 137|0x00000000a8900000, 0x00000000a8900000, 0x00000000a8a00000|  0%| F|  |TAMS 0x00000000a8900000, 0x00000000a8900000| Untracked 
| 138|0x00000000a8a00000, 0x00000000a8a00000, 0x00000000a8b00000|  0%| F|  |TAMS 0x00000000a8a00000, 0x00000000a8a00000| Untracked 
| 139|0x00000000a8b00000, 0x00000000a8b00000, 0x00000000a8c00000|  0%| F|  |TAMS 0x00000000a8b00000, 0x00000000a8b00000| Untracked 
| 140|0x00000000a8c00000, 0x00000000a8c00000, 0x00000000a8d00000|  0%| F|  |TAMS 0x00000000a8c00000, 0x00000000a8c00000| Untracked 
| 141|0x00000000a8d00000, 0x00000000a8d00000, 0x00000000a8e00000|  0%| F|  |TAMS 0x00000000a8d00000, 0x00000000a8d00000| Untracked 
| 142|0x00000000a8e00000, 0x00000000a8e00000, 0x00000000a8f00000|  0%| F|  |TAMS 0x00000000a8e00000, 0x00000000a8e00000| Untracked 
| 143|0x00000000a8f00000, 0x00000000a8f00000, 0x00000000a9000000|  0%| F|  |TAMS 0x00000000a8f00000, 0x00000000a8f00000| Untracked 
| 144|0x00000000a9000000, 0x00000000a9000000, 0x00000000a9100000|  0%| F|  |TAMS 0x00000000a9000000, 0x00000000a9000000| Untracked 
| 145|0x00000000a9100000, 0x00000000a9100000, 0x00000000a9200000|  0%| F|  |TAMS 0x00000000a9100000, 0x00000000a9100000| Untracked 
| 146|0x00000000a9200000, 0x00000000a9200000, 0x00000000a9300000|  0%| F|  |TAMS 0x00000000a9200000, 0x00000000a9200000| Untracked 
| 147|0x00000000a9300000, 0x00000000a9300000, 0x00000000a9400000|  0%| F|  |TAMS 0x00000000a9300000, 0x00000000a9300000| Untracked 
| 148|0x00000000a9400000, 0x00000000a9400000, 0x00000000a9500000|  0%| F|  |TAMS 0x00000000a9400000, 0x00000000a9400000| Untracked 
| 149|0x00000000a9500000, 0x00000000a9500000, 0x00000000a9600000|  0%| F|  |TAMS 0x00000000a9500000, 0x00000000a9500000| Untracked 
| 150|0x00000000a9600000, 0x00000000a9600000, 0x00000000a9700000|  0%| F|  |TAMS 0x00000000a9600000, 0x00000000a9600000| Untracked 
| 151|0x00000000a9700000, 0x00000000a9700000, 0x00000000a9800000|  0%| F|  |TAMS 0x00000000a9700000, 0x00000000a9700000| Untracked 
| 152|0x00000000a9800000, 0x00000000a9800000, 0x00000000a9900000|  0%| F|  |TAMS 0x00000000a9800000, 0x00000000a9800000| Untracked 
| 153|0x00000000a9900000, 0x00000000a9900000, 0x00000000a9a00000|  0%| F|  |TAMS 0x00000000a9900000, 0x00000000a9900000| Untracked 
| 154|0x00000000a9a00000, 0x00000000a9a00000, 0x00000000a9b00000|  0%| F|  |TAMS 0x00000000a9a00000, 0x00000000a9a00000| Untracked 
| 155|0x00000000a9b00000, 0x00000000a9b00000, 0x00000000a9c00000|  0%| F|  |TAMS 0x00000000a9b00000, 0x00000000a9b00000| Untracked 
| 156|0x00000000a9c00000, 0x00000000a9c00000, 0x00000000a9d00000|  0%| F|  |TAMS 0x00000000a9c00000, 0x00000000a9c00000| Untracked 
| 157|0x00000000a9d00000, 0x00000000a9d00000, 0x00000000a9e00000|  0%| F|  |TAMS 0x00000000a9d00000, 0x00000000a9d00000| Untracked 
| 158|0x00000000a9e00000, 0x00000000a9e00000, 0x00000000a9f00000|  0%| F|  |TAMS 0x00000000a9e00000, 0x00000000a9e00000| Untracked 
| 159|0x00000000a9f00000, 0x00000000a9f00000, 0x00000000aa000000|  0%| F|  |TAMS 0x00000000a9f00000, 0x00000000a9f00000| Untracked 
| 160|0x00000000aa000000, 0x00000000aa000000, 0x00000000aa100000|  0%| F|  |TAMS 0x00000000aa000000, 0x00000000aa000000| Untracked 
| 161|0x00000000aa100000, 0x00000000aa100000, 0x00000000aa200000|  0%| F|  |TAMS 0x00000000aa100000, 0x00000000aa100000| Untracked 
| 162|0x00000000aa200000, 0x00000000aa200000, 0x00000000aa300000|  0%| F|  |TAMS 0x00000000aa200000, 0x00000000aa200000| Untracked 
| 163|0x00000000aa300000, 0x00000000aa300000, 0x00000000aa400000|  0%| F|  |TAMS 0x00000000aa300000, 0x00000000aa300000| Untracked 
| 164|0x00000000aa400000, 0x00000000aa400000, 0x00000000aa500000|  0%| F|  |TAMS 0x00000000aa400000, 0x00000000aa400000| Untracked 
| 165|0x00000000aa500000, 0x00000000aa500000, 0x00000000aa600000|  0%| F|  |TAMS 0x00000000aa500000, 0x00000000aa500000| Untracked 
| 166|0x00000000aa600000, 0x00000000aa600000, 0x00000000aa700000|  0%| F|  |TAMS 0x00000000aa600000, 0x00000000aa600000| Untracked 
| 167|0x00000000aa700000, 0x00000000aa700000, 0x00000000aa800000|  0%| F|  |TAMS 0x00000000aa700000, 0x00000000aa700000| Untracked 
| 168|0x00000000aa800000, 0x00000000aa800000, 0x00000000aa900000|  0%| F|  |TAMS 0x00000000aa800000, 0x00000000aa800000| Untracked 
| 169|0x00000000aa900000, 0x00000000aa900000, 0x00000000aaa00000|  0%| F|  |TAMS 0x00000000aa900000, 0x00000000aa900000| Untracked 
| 170|0x00000000aaa00000, 0x00000000aaa00000, 0x00000000aab00000|  0%| F|  |TAMS 0x00000000aaa00000, 0x00000000aaa00000| Untracked 
| 171|0x00000000aab00000, 0x00000000aab00000, 0x00000000aac00000|  0%| F|  |TAMS 0x00000000aab00000, 0x00000000aab00000| Untracked 
| 172|0x00000000aac00000, 0x00000000aac00000, 0x00000000aad00000|  0%| F|  |TAMS 0x00000000aac00000, 0x00000000aac00000| Untracked 
| 173|0x00000000aad00000, 0x00000000aad00000, 0x00000000aae00000|  0%| F|  |TAMS 0x00000000aad00000, 0x00000000aad00000| Untracked 
| 174|0x00000000aae00000, 0x00000000aae00000, 0x00000000aaf00000|  0%| F|  |TAMS 0x00000000aae00000, 0x00000000aae00000| Untracked 
| 175|0x00000000aaf00000, 0x00000000aaf00000, 0x00000000ab000000|  0%| F|  |TAMS 0x00000000aaf00000, 0x00000000aaf00000| Untracked 
| 176|0x00000000ab000000, 0x00000000ab000000, 0x00000000ab100000|  0%| F|  |TAMS 0x00000000ab000000, 0x00000000ab000000| Untracked 
| 177|0x00000000ab100000, 0x00000000ab100000, 0x00000000ab200000|  0%| F|  |TAMS 0x00000000ab100000, 0x00000000ab100000| Untracked 
| 178|0x00000000ab200000, 0x00000000ab200000, 0x00000000ab300000|  0%| F|  |TAMS 0x00000000ab200000, 0x00000000ab200000| Untracked 
| 179|0x00000000ab300000, 0x00000000ab300000, 0x00000000ab400000|  0%| F|  |TAMS 0x00000000ab300000, 0x00000000ab300000| Untracked 
| 180|0x00000000ab400000, 0x00000000ab400000, 0x00000000ab500000|  0%| F|  |TAMS 0x00000000ab400000, 0x00000000ab400000| Untracked 
| 181|0x00000000ab500000, 0x00000000ab500000, 0x00000000ab600000|  0%| F|  |TAMS 0x00000000ab500000, 0x00000000ab500000| Untracked 
| 182|0x00000000ab600000, 0x00000000ab600000, 0x00000000ab700000|  0%| F|  |TAMS 0x00000000ab600000, 0x00000000ab600000| Untracked 
| 183|0x00000000ab700000, 0x00000000ab700000, 0x00000000ab800000|  0%| F|  |TAMS 0x00000000ab700000, 0x00000000ab700000| Untracked 
| 184|0x00000000ab800000, 0x00000000ab800000, 0x00000000ab900000|  0%| F|  |TAMS 0x00000000ab800000, 0x00000000ab800000| Untracked 
| 185|0x00000000ab900000, 0x00000000ab900000, 0x00000000aba00000|  0%| F|  |TAMS 0x00000000ab900000, 0x00000000ab900000| Untracked 
| 186|0x00000000aba00000, 0x00000000aba00000, 0x00000000abb00000|  0%| F|  |TAMS 0x00000000aba00000, 0x00000000aba00000| Untracked 
| 187|0x00000000abb00000, 0x00000000abb00000, 0x00000000abc00000|  0%| F|  |TAMS 0x00000000abb00000, 0x00000000abb00000| Untracked 
| 188|0x00000000abc00000, 0x00000000abc00000, 0x00000000abd00000|  0%| F|  |TAMS 0x00000000abc00000, 0x00000000abc00000| Untracked 
| 189|0x00000000abd00000, 0x00000000abd00000, 0x00000000abe00000|  0%| F|  |TAMS 0x00000000abd00000, 0x00000000abd00000| Untracked 
| 190|0x00000000abe00000, 0x00000000abe00000, 0x00000000abf00000|  0%| F|  |TAMS 0x00000000abe00000, 0x00000000abe00000| Untracked 
| 191|0x00000000abf00000, 0x00000000abf00000, 0x00000000ac000000|  0%| F|  |TAMS 0x00000000abf00000, 0x00000000abf00000| Untracked 
| 192|0x00000000ac000000, 0x00000000ac000000, 0x00000000ac100000|  0%| F|  |TAMS 0x00000000ac000000, 0x00000000ac000000| Untracked 
| 193|0x00000000ac100000, 0x00000000ac100000, 0x00000000ac200000|  0%| F|  |TAMS 0x00000000ac100000, 0x00000000ac100000| Untracked 
| 194|0x00000000ac200000, 0x00000000ac200000, 0x00000000ac300000|  0%| F|  |TAMS 0x00000000ac200000, 0x00000000ac200000| Untracked 
| 195|0x00000000ac300000, 0x00000000ac300000, 0x00000000ac400000|  0%| F|  |TAMS 0x00000000ac300000, 0x00000000ac300000| Untracked 
| 196|0x00000000ac400000, 0x00000000ac400000, 0x00000000ac500000|  0%| F|  |TAMS 0x00000000ac400000, 0x00000000ac400000| Untracked 
| 197|0x00000000ac500000, 0x00000000ac500000, 0x00000000ac600000|  0%| F|  |TAMS 0x00000000ac500000, 0x00000000ac500000| Untracked 
| 198|0x00000000ac600000, 0x00000000ac600000, 0x00000000ac700000|  0%| F|  |TAMS 0x00000000ac600000, 0x00000000ac600000| Untracked 
| 199|0x00000000ac700000, 0x00000000ac700000, 0x00000000ac800000|  0%| F|  |TAMS 0x00000000ac700000, 0x00000000ac700000| Untracked 
| 200|0x00000000ac800000, 0x00000000ac800000, 0x00000000ac900000|  0%| F|  |TAMS 0x00000000ac800000, 0x00000000ac800000| Untracked 
| 201|0x00000000ac900000, 0x00000000ac900000, 0x00000000aca00000|  0%| F|  |TAMS 0x00000000ac900000, 0x00000000ac900000| Untracked 
| 202|0x00000000aca00000, 0x00000000aca00000, 0x00000000acb00000|  0%| F|  |TAMS 0x00000000aca00000, 0x00000000aca00000| Untracked 
| 203|0x00000000acb00000, 0x00000000acb00000, 0x00000000acc00000|  0%| F|  |TAMS 0x00000000acb00000, 0x00000000acb00000| Untracked 
| 204|0x00000000acc00000, 0x00000000acc00000, 0x00000000acd00000|  0%| F|  |TAMS 0x00000000acc00000, 0x00000000acc00000| Untracked 
| 205|0x00000000acd00000, 0x00000000acd00000, 0x00000000ace00000|  0%| F|  |TAMS 0x00000000acd00000, 0x00000000acd00000| Untracked 
| 206|0x00000000ace00000, 0x00000000acef8ba0, 0x00000000acf00000| 97%| E|  |TAMS 0x00000000ace00000, 0x00000000ace00000| Complete 
| 207|0x00000000acf00000, 0x00000000ad000000, 0x00000000ad000000|100%| E|CS|TAMS 0x00000000acf00000, 0x00000000acf00000| Complete 
| 208|0x00000000ad000000, 0x00000000ad100000, 0x00000000ad100000|100%| E|CS|TAMS 0x00000000ad000000, 0x00000000ad000000| Complete 
| 209|0x00000000ad100000, 0x00000000ad200000, 0x00000000ad200000|100%| E|CS|TAMS 0x00000000ad100000, 0x00000000ad100000| Complete 
| 210|0x00000000ad200000, 0x00000000ad300000, 0x00000000ad300000|100%| E|CS|TAMS 0x00000000ad200000, 0x00000000ad200000| Complete 
| 211|0x00000000ad300000, 0x00000000ad400000, 0x00000000ad400000|100%| E|CS|TAMS 0x00000000ad300000, 0x00000000ad300000| Complete 
| 212|0x00000000ad400000, 0x00000000ad500000, 0x00000000ad500000|100%| E|CS|TAMS 0x00000000ad400000, 0x00000000ad400000| Complete 
| 213|0x00000000ad500000, 0x00000000ad600000, 0x00000000ad600000|100%| E|CS|TAMS 0x00000000ad500000, 0x00000000ad500000| Complete 
| 214|0x00000000ad600000, 0x00000000ad700000, 0x00000000ad700000|100%| E|CS|TAMS 0x00000000ad600000, 0x00000000ad600000| Complete 
| 215|0x00000000ad700000, 0x00000000ad800000, 0x00000000ad800000|100%| E|CS|TAMS 0x00000000ad700000, 0x00000000ad700000| Complete 
| 216|0x00000000ad800000, 0x00000000ad900000, 0x00000000ad900000|100%| E|CS|TAMS 0x00000000ad800000, 0x00000000ad800000| Complete 
| 217|0x00000000ad900000, 0x00000000ada00000, 0x00000000ada00000|100%| E|CS|TAMS 0x00000000ad900000, 0x00000000ad900000| Complete 
| 218|0x00000000ada00000, 0x00000000adb00000, 0x00000000adb00000|100%| E|CS|TAMS 0x00000000ada00000, 0x00000000ada00000| Complete 
| 219|0x00000000adb00000, 0x00000000adc00000, 0x00000000adc00000|100%| E|CS|TAMS 0x00000000adb00000, 0x00000000adb00000| Complete 
| 220|0x00000000adc00000, 0x00000000add00000, 0x00000000add00000|100%| E|CS|TAMS 0x00000000adc00000, 0x00000000adc00000| Complete 
| 221|0x00000000add00000, 0x00000000ade00000, 0x00000000ade00000|100%| E|CS|TAMS 0x00000000add00000, 0x00000000add00000| Complete 
| 222|0x00000000ade00000, 0x00000000adf00000, 0x00000000adf00000|100%| E|CS|TAMS 0x00000000ade00000, 0x00000000ade00000| Complete 
| 223|0x00000000adf00000, 0x00000000ae000000, 0x00000000ae000000|100%| E|CS|TAMS 0x00000000adf00000, 0x00000000adf00000| Complete 
| 224|0x00000000ae000000, 0x00000000ae100000, 0x00000000ae100000|100%| E|CS|TAMS 0x00000000ae000000, 0x00000000ae000000| Complete 
| 225|0x00000000ae100000, 0x00000000ae200000, 0x00000000ae200000|100%| E|CS|TAMS 0x00000000ae100000, 0x00000000ae100000| Complete 
| 226|0x00000000ae200000, 0x00000000ae300000, 0x00000000ae300000|100%| E|CS|TAMS 0x00000000ae200000, 0x00000000ae200000| Complete 
| 227|0x00000000ae300000, 0x00000000ae400000, 0x00000000ae400000|100%| E|CS|TAMS 0x00000000ae300000, 0x00000000ae300000| Complete 
| 228|0x00000000ae400000, 0x00000000ae500000, 0x00000000ae500000|100%| E|CS|TAMS 0x00000000ae400000, 0x00000000ae400000| Complete 
| 229|0x00000000ae500000, 0x00000000ae600000, 0x00000000ae600000|100%| E|CS|TAMS 0x00000000ae500000, 0x00000000ae500000| Complete 
| 230|0x00000000ae600000, 0x00000000ae700000, 0x00000000ae700000|100%| E|CS|TAMS 0x00000000ae600000, 0x00000000ae600000| Complete 
| 231|0x00000000ae700000, 0x00000000ae800000, 0x00000000ae800000|100%| E|CS|TAMS 0x00000000ae700000, 0x00000000ae700000| Complete 
| 232|0x00000000ae800000, 0x00000000ae8aa438, 0x00000000ae900000| 66%| S|CS|TAMS 0x00000000ae800000, 0x00000000ae800000| Complete 
| 233|0x00000000ae900000, 0x00000000aea00000, 0x00000000aea00000|100%| S|CS|TAMS 0x00000000ae900000, 0x00000000ae900000| Complete 
| 234|0x00000000aea00000, 0x00000000aeb00000, 0x00000000aeb00000|100%| S|CS|TAMS 0x00000000aea00000, 0x00000000aea00000| Complete 
| 235|0x00000000aeb00000, 0x00000000aec00000, 0x00000000aec00000|100%| S|CS|TAMS 0x00000000aeb00000, 0x00000000aeb00000| Complete 
| 236|0x00000000aec00000, 0x00000000aed00000, 0x00000000aed00000|100%| E|CS|TAMS 0x00000000aec00000, 0x00000000aec00000| Complete 
| 237|0x00000000aed00000, 0x00000000aee00000, 0x00000000aee00000|100%| E|CS|TAMS 0x00000000aed00000, 0x00000000aed00000| Complete 
| 238|0x00000000aee00000, 0x00000000aef00000, 0x00000000aef00000|100%| E|CS|TAMS 0x00000000aee00000, 0x00000000aee00000| Complete 
| 239|0x00000000aef00000, 0x00000000af000000, 0x00000000af000000|100%| E|CS|TAMS 0x00000000aef00000, 0x00000000aef00000| Complete 
| 240|0x00000000af000000, 0x00000000af100000, 0x00000000af100000|100%| E|CS|TAMS 0x00000000af000000, 0x00000000af000000| Complete 
| 241|0x00000000af100000, 0x00000000af200000, 0x00000000af200000|100%| E|CS|TAMS 0x00000000af100000, 0x00000000af100000| Complete 
| 242|0x00000000af200000, 0x00000000af300000, 0x00000000af300000|100%| E|CS|TAMS 0x00000000af200000, 0x00000000af200000| Complete 
| 243|0x00000000af300000, 0x00000000af400000, 0x00000000af400000|100%| E|CS|TAMS 0x00000000af300000, 0x00000000af300000| Complete 
| 244|0x00000000af400000, 0x00000000af500000, 0x00000000af500000|100%| E|CS|TAMS 0x00000000af400000, 0x00000000af400000| Complete 
| 245|0x00000000af500000, 0x00000000af600000, 0x00000000af600000|100%| E|CS|TAMS 0x00000000af500000, 0x00000000af500000| Complete 
| 246|0x00000000af600000, 0x00000000af700000, 0x00000000af700000|100%| E|CS|TAMS 0x00000000af600000, 0x00000000af600000| Complete 
| 247|0x00000000af700000, 0x00000000af800000, 0x00000000af800000|100%| E|CS|TAMS 0x00000000af700000, 0x00000000af700000| Complete 
| 248|0x00000000af800000, 0x00000000af900000, 0x00000000af900000|100%| E|CS|TAMS 0x00000000af800000, 0x00000000af800000| Complete 
| 249|0x00000000af900000, 0x00000000afa00000, 0x00000000afa00000|100%| E|CS|TAMS 0x00000000af900000, 0x00000000af900000| Complete 
| 250|0x00000000afa00000, 0x00000000afb00000, 0x00000000afb00000|100%| E|CS|TAMS 0x00000000afa00000, 0x00000000afa00000| Complete 
| 251|0x00000000afb00000, 0x00000000afc00000, 0x00000000afc00000|100%| E|CS|TAMS 0x00000000afb00000, 0x00000000afb00000| Complete 
| 252|0x00000000afc00000, 0x00000000afd00000, 0x00000000afd00000|100%| E|CS|TAMS 0x00000000afc00000, 0x00000000afc00000| Complete 
| 253|0x00000000afd00000, 0x00000000afe00000, 0x00000000afe00000|100%| E|CS|TAMS 0x00000000afd00000, 0x00000000afd00000| Complete 
| 254|0x00000000afe00000, 0x00000000aff00000, 0x00000000aff00000|100%| E|CS|TAMS 0x00000000afe00000, 0x00000000afe00000| Complete 
| 255|0x00000000aff00000, 0x00000000b0000000, 0x00000000b0000000|100%| E|CS|TAMS 0x00000000aff00000, 0x00000000aff00000| Complete 

Card table byte_map: [0x000002086f910000,0x000002086fc10000] _byte_map_base: 0x000002086f410000

Marking Bits (Prev, Next): (CMBitMap*) 0x000002085ccd5a70, (CMBitMap*) 0x000002085ccd5a38
 Prev Bits: [0x0000020871710000, 0x0000020872f10000)
 Next Bits: [0x000002086ff10000, 0x0000020871710000)

Polling page: 0x000002085ac20000

Metaspace:

Usage:
  Non-class:     22.34 MB capacity,    21.95 MB ( 98%) used,   353.27 KB (  2%) free+waste,    44.44 KB ( <1%) overhead. 
      Class:      3.50 MB capacity,     3.30 MB ( 94%) used,   179.44 KB (  5%) free+waste,    22.13 KB ( <1%) overhead. 
       Both:     25.83 MB capacity,    25.25 MB ( 98%) used,   532.70 KB (  2%) free+waste,    66.56 KB ( <1%) overhead. 

Virtual space:
  Non-class space:       24.00 MB reserved,      22.50 MB ( 94%) committed 
      Class space:        1.00 GB reserved,       3.50 MB ( <1%) committed 
             Both:        1.02 GB reserved,      26.00 MB (  2%) committed 

Chunk freelists:
   Non-Class:  36.00 KB
       Class:  4.00 KB
        Both:  40.00 KB

MaxMetaspaceSize: 17179869184.00 GB
CompressedClassSpaceSize: 1.00 GB

CodeHeap 'non-profiled nmethods': size=120064Kb used=859Kb max_used=859Kb free=119204Kb
 bounds [0x00000208680d0000, 0x0000020868340000, 0x000002086f610000]
CodeHeap 'profiled nmethods': size=120000Kb used=3901Kb max_used=3901Kb free=116098Kb
 bounds [0x0000020860ba0000, 0x0000020860f80000, 0x00000208680d0000]
CodeHeap 'non-nmethods': size=5696Kb used=1145Kb max_used=1178Kb free=4550Kb
 bounds [0x0000020860610000, 0x0000020860880000, 0x0000020860ba0000]
 total_blobs=2362 nmethods=1880 adapters=393
 compilation: enabled
              stopped_count=0, restarted_count=0
 full_count=0

Compilation events (20 events):
Event: 2.593 Thread 0x0000020875cd4000 2085   !   3       org.gradle.internal.service.DefaultServiceRegistry$FactoryService::bind (283 bytes)
Event: 2.596 Thread 0x0000020875cd4000 nmethod 2085 0x0000020860f5b390 code [0x0000020860f5ba80, 0x0000020860f5ff28]
Event: 2.596 Thread 0x0000020875cd4000 2087       3       java.lang.ClassLoader::getBuiltinPlatformClassLoader (4 bytes)
Event: 2.596 Thread 0x0000020875cd4000 nmethod 2087 0x0000020860f61590 code [0x0000020860f61740, 0x0000020860f61878]
Event: 2.596 Thread 0x0000020875cd4000 2086       3       jdk.internal.misc.VM::isSystemDomainLoader (17 bytes)
Event: 2.597 Thread 0x0000020875cd4000 nmethod 2086 0x0000020860f61910 code [0x0000020860f61b60, 0x0000020860f624d8]
Event: 2.601 Thread 0x0000020875cd4000 2088       3       org.gradle.internal.service.DefaultServiceRegistry$FactoryMethodService::getParameterTypes (10 bytes)
Event: 2.601 Thread 0x0000020875cd4000 nmethod 2088 0x0000020860f62810 code [0x0000020860f629c0, 0x0000020860f62b98]
Event: 2.603 Thread 0x0000020875cd4000 2089       3       jdk.internal.reflect.ReflectionFactory::newMethodAccessor (119 bytes)
Event: 2.605 Thread 0x0000020875cd4000 nmethod 2089 0x0000020860f62c90 code [0x0000020860f63080, 0x0000020860f64dc8]
Event: 2.605 Thread 0x0000020875cd4000 2090       3       jdk.internal.reflect.Reflection::isCallerSensitive (24 bytes)
Event: 2.607 Thread 0x0000020875cd4000 nmethod 2090 0x0000020860f65710 code [0x0000020860f65a40, 0x0000020860f66db8]
Event: 2.610 Thread 0x0000020875cd4000 2091       3       com.google.common.cache.LocalCache::evictsBySize (15 bytes)
Event: 2.610 Thread 0x0000020875cd4000 nmethod 2091 0x0000020860f67390 code [0x0000020860f67540, 0x0000020860f676b8]
Event: 2.627 Thread 0x0000020875cd4000 2092       1       sun.reflect.generics.repository.AbstractRepository::getTree (5 bytes)
Event: 2.627 Thread 0x0000020875cd4000 nmethod 2092 0x00000208681a6910 code [0x00000208681a6ac0, 0x00000208681a6b78]
Event: 2.634 Thread 0x0000020875cd4000 2094       3       org.gradle.internal.service.DefaultServiceRegistry$FactoryService::assembleParameters (58 bytes)
Event: 2.634 Thread 0x0000020875cd4000 nmethod 2094 0x0000020860f67790 code [0x0000020860f67980, 0x0000020860f67f68]
Event: 2.634 Thread 0x0000020875cd4000 2093       3       org.gradle.internal.service.DefaultServiceRegistry$FactoryService::create (18 bytes)
Event: 2.635 Thread 0x0000020875cd4000 nmethod 2093 0x0000020860f68190 code [0x0000020860f68360, 0x0000020860f68578]

GC Heap History (10 events):
Event: 0.412 GC heap before
{Heap before GC invocations=0 (full 0):
 garbage-first heap   total 262144K, used 19456K [0x00000000a0000000, 0x0000000100000000)
  region size 1024K, 14 young (14336K), 0 survivors (0K)
 Metaspace       used 7445K, capacity 7599K, committed 7680K, reserved 1056768K
  class space    used 688K, capacity 748K, committed 768K, reserved 1048576K
}
Event: 0.418 GC heap after
{Heap after GC invocations=1 (full 0):
 garbage-first heap   total 262144K, used 8071K [0x00000000a0000000, 0x0000000100000000)
  region size 1024K, 2 young (2048K), 2 survivors (2048K)
 Metaspace       used 7445K, capacity 7599K, committed 7680K, reserved 1056768K
  class space    used 688K, capacity 748K, committed 768K, reserved 1048576K
}
Event: 0.698 GC heap before
{Heap before GC invocations=1 (full 0):
 garbage-first heap   total 262144K, used 23431K [0x00000000a0000000, 0x0000000100000000)
  region size 1024K, 17 young (17408K), 2 survivors (2048K)
 Metaspace       used 10485K, capacity 10693K, committed 11008K, reserved 1058816K
  class space    used 1100K, capacity 1164K, committed 1280K, reserved 1048576K
}
Event: 0.700 GC heap after
{Heap after GC invocations=2 (full 0):
 garbage-first heap   total 262144K, used 9060K [0x00000000a0000000, 0x0000000100000000)
  region size 1024K, 1 young (1024K), 1 survivors (1024K)
 Metaspace       used 10485K, capacity 10693K, committed 11008K, reserved 1058816K
  class space    used 1100K, capacity 1164K, committed 1280K, reserved 1048576K
}
Event: 0.880 GC heap before
{Heap before GC invocations=2 (full 0):
 garbage-first heap   total 262144K, used 30564K [0x00000000a0000000, 0x0000000100000000)
  region size 1024K, 23 young (23552K), 1 survivors (1024K)
 Metaspace       used 10601K, capacity 10757K, committed 11008K, reserved 1058816K
  class space    used 1101K, capacity 1164K, committed 1280K, reserved 1048576K
}
Event: 0.882 GC heap after
{Heap after GC invocations=3 (full 0):
 garbage-first heap   total 262144K, used 13008K [0x00000000a0000000, 0x0000000100000000)
  region size 1024K, 3 young (3072K), 3 survivors (3072K)
 Metaspace       used 10601K, capacity 10757K, committed 11008K, reserved 1058816K
  class space    used 1101K, capacity 1164K, committed 1280K, reserved 1048576K
}
Event: 1.918 GC heap before
{Heap before GC invocations=3 (full 0):
 garbage-first heap   total 262144K, used 49872K [0x00000000a0000000, 0x0000000100000000)
  region size 1024K, 39 young (39936K), 3 survivors (3072K)
 Metaspace       used 17683K, capacity 18052K, committed 18176K, reserved 1064960K
  class space    used 2112K, capacity 2239K, committed 2304K, reserved 1048576K
}
Event: 1.924 GC heap after
{Heap after GC invocations=4 (full 0):
 garbage-first heap   total 262144K, used 15704K [0x00000000a0000000, 0x0000000100000000)
  region size 1024K, 5 young (5120K), 5 survivors (5120K)
 Metaspace       used 17683K, capacity 18052K, committed 18176K, reserved 1064960K
  class space    used 2112K, capacity 2239K, committed 2304K, reserved 1048576K
}
Event: 2.167 GC heap before
{Heap before GC invocations=4 (full 0):
 garbage-first heap   total 262144K, used 35160K [0x00000000a0000000, 0x0000000100000000)
  region size 1024K, 25 young (25600K), 5 survivors (5120K)
 Metaspace       used 20695K, capacity 21154K, committed 21248K, reserved 1067008K
  class space    used 2568K, capacity 2725K, committed 2816K, reserved 1048576K
}
Event: 2.172 GC heap after
{Heap after GC invocations=5 (full 0):
 garbage-first heap   total 262144K, used 16828K [0x00000000a0000000, 0x0000000100000000)
  region size 1024K, 4 young (4096K), 4 survivors (4096K)
 Metaspace       used 20695K, capacity 21154K, committed 21248K, reserved 1067008K
  class space    used 2568K, capacity 2725K, committed 2816K, reserved 1048576K
}

Deoptimization events (20 events):
Event: 2.382 Thread 0x0000020877eff000 Uncommon trap: trap_request=0xffffff4d fr.pc=0x000002086811e480 relative=0x0000000000000240
Event: 2.382 Thread 0x0000020877eff000 Uncommon trap: reason=unstable_if action=reinterpret pc=0x000002086811e480 method=java.util.concurrent.ConcurrentHashMap.get(Ljava/lang/Object;)Ljava/lang/Object; @ 76 c2
Event: 2.382 Thread 0x0000020877eff000 DEOPT PACKING pc=0x000002086811e480 sp=0x0000008d269f8910
Event: 2.382 Thread 0x0000020877eff000 DEOPT UNPACKING pc=0x00000208606374af sp=0x0000008d269f8878 mode 2
Event: 2.434 Thread 0x0000020877eff000 Uncommon trap: trap_request=0xffffff4d fr.pc=0x0000020868187c28 relative=0x0000000000000168
Event: 2.434 Thread 0x0000020877eff000 Uncommon trap: reason=unstable_if action=reinterpret pc=0x0000020868187c28 method=java.util.HashMap.getNode(ILjava/lang/Object;)Ljava/util/HashMap$Node; @ 129 c2
Event: 2.434 Thread 0x0000020877eff000 DEOPT PACKING pc=0x0000020868187c28 sp=0x0000008d269fcc40
Event: 2.434 Thread 0x0000020877eff000 DEOPT UNPACKING pc=0x00000208606374af sp=0x0000008d269fcb50 mode 2
Event: 2.542 Thread 0x0000020877eff000 Uncommon trap: trap_request=0xffffff7e fr.pc=0x000002086818b030 relative=0x0000000000000150
Event: 2.542 Thread 0x0000020877eff000 Uncommon trap: reason=predicate action=maybe_recompile pc=0x000002086818b030 method=com.google.common.base.CharMatcher.indexIn(Ljava/lang/CharSequence;I)I @ 19 c2
Event: 2.542 Thread 0x0000020877eff000 DEOPT PACKING pc=0x000002086818b030 sp=0x0000008d269fb970
Event: 2.542 Thread 0x0000020877eff000 DEOPT UNPACKING pc=0x00000208606374af sp=0x0000008d269fb900 mode 2
Event: 2.622 Thread 0x0000020877eff000 Uncommon trap: trap_request=0xffffff4d fr.pc=0x00000208681950cc relative=0x000000000000020c
Event: 2.622 Thread 0x0000020877eff000 Uncommon trap: reason=unstable_if action=reinterpret pc=0x00000208681950cc method=java.util.HashMap.hash(Ljava/lang/Object;)I @ 1 c2
Event: 2.622 Thread 0x0000020877eff000 DEOPT PACKING pc=0x00000208681950cc sp=0x0000008d269f8310
Event: 2.622 Thread 0x0000020877eff000 DEOPT UNPACKING pc=0x00000208606374af sp=0x0000008d269f8248 mode 2
Event: 2.630 Thread 0x0000020877eff000 Uncommon trap: trap_request=0xffffff4d fr.pc=0x0000020868188d2c relative=0x000000000000008c
Event: 2.630 Thread 0x0000020877eff000 Uncommon trap: reason=unstable_if action=reinterpret pc=0x0000020868188d2c method=java.util.HashMap.hash(Ljava/lang/Object;)I @ 1 c2
Event: 2.630 Thread 0x0000020877eff000 DEOPT PACKING pc=0x0000020868188d2c sp=0x0000008d269f7c40
Event: 2.630 Thread 0x0000020877eff000 DEOPT UNPACKING pc=0x00000208606374af sp=0x0000008d269f7bd8 mode 2

Classes redefined (0 events):
No events

Internal exceptions (20 events):
Event: 1.826 Thread 0x0000020877eff000 Exception <a 'java/lang/NoSuchMethodError'{0x00000000ae1e0e98}: 'long java.lang.invoke.DirectMethodHandle$Holder.invokeInterface(java.lang.Object, java.lang.Object)'> (0x00000000ae1e0e98) thrown at [./src/hotspot/share/interpreter/linkResolver.cpp, line 773]
Event: 1.829 Thread 0x0000020877eff000 Exception <a 'java/lang/NoSuchMethodError'{0x00000000ae002b38}: 'void java.lang.invoke.DelegatingMethodHandle$Holder.reinvoke_L(java.lang.Object, java.lang.Object, java.lang.Object, java.lang.Object, java.lang.Object, java.lang.Object, java.lang.Object)'> (0x00000000ae002b38) thrown at [./src/hotspot/share/interpreter/linkResolver.cpp, line 773]
Event: 1.986 Thread 0x0000020877eff000 Exception <a 'java/lang/NoSuchMethodError'{0x00000000afb09310}: 'java.lang.Object java.lang.invoke.DirectMethodHandle$Holder.invokeVirtual(java.lang.Object, java.lang.Object, java.lang.Object)'> (0x00000000afb09310) thrown at [./src/hotspot/share/interpreter/linkResolver.cpp, line 773]
Event: 2.018 Thread 0x0000020877eff000 Exception <a 'java/lang/NoSuchMethodError'{0x00000000af88cbf8}: 'void java.lang.invoke.DirectMethodHandle$Holder.invokeStaticInit(java.lang.Object)'> (0x00000000af88cbf8) thrown at [./src/hotspot/share/interpreter/linkResolver.cpp, line 773]
Event: 2.107 Thread 0x0000020877eff000 Exception <a 'java/lang/NoSuchMethodError'{0x00000000af110b78}: 'int java.lang.invoke.DirectMethodHandle$Holder.invokeSpecialIFC(java.lang.Object, java.lang.Object, java.lang.Object, java.lang.Object)'> (0x00000000af110b78) thrown at [./src/hotspot/share/interpreter/linkResolver.cpp, line 773]
Event: 2.109 Thread 0x0000020877eff000 Exception <a 'java/lang/NoSuchMethodError'{0x00000000af11e938}: 'java.lang.Object java.lang.invoke.DirectMethodHandle$Holder.invokeInterface(java.lang.Object, java.lang.Object, java.lang.Object)'> (0x00000000af11e938) thrown at [./src/hotspot/share/interpreter/linkResolver.cpp, line 773]
Event: 2.109 Thread 0x0000020877eff000 Exception <a 'java/lang/IncompatibleClassChangeError'{0x00000000af121e10}: Found class java.lang.Object, but interface was expected> (0x00000000af121e10) thrown at [./src/hotspot/share/interpreter/linkResolver.cpp, line 839]
Event: 2.159 Thread 0x0000020877eff000 Exception <a 'java/lang/NoSuchMethodError'{0x00000000aeda4598}: 'void java.lang.invoke.DirectMethodHandle$Holder.invokeSpecial(java.lang.Object, java.lang.Object)'> (0x00000000aeda4598) thrown at [./src/hotspot/share/interpreter/linkResolver.cpp, line 773]
Event: 2.249 Thread 0x0000020877eff000 Exception <a 'java/lang/NoSuchMethodError'{0x00000000af645320}: 'java.lang.Object java.lang.invoke.DirectMethodHandle$Holder.invokeVirtual(java.lang.Object, java.lang.Object, java.lang.Object, java.lang.Object)'> (0x00000000af645320) thrown at [./src/hotspot/share/interpreter/linkResolver.cpp, line 773]
Event: 2.406 Thread 0x0000020877eff000 Exception <a 'java/lang/NoSuchMethodError'{0x00000000ae6ce988}: 'void java.lang.invoke.DirectMethodHandle$Holder.invokeSpecial(java.lang.Object, java.lang.Object, java.lang.Object, java.lang.Object, java.lang.Object, java.lang.Object)'> (0x00000000ae6ce988) thrown at [./src/hotspot/share/interpreter/linkResolver.cpp, line 773]
Event: 2.428 Thread 0x0000020877eff000 Exception <a 'java/lang/NoSuchMethodError'{0x00000000ae462db8}: 'java.lang.Object java.lang.invoke.Invokers$Holder.invoker(java.lang.Object, java.lang.Object, java.lang.Object)'> (0x00000000ae462db8) thrown at [./src/hotspot/share/interpreter/linkResolver.cpp, line 773]
Event: 2.444 Thread 0x0000020877eff000 Exception <a 'java/lang/NoSuchMethodError'{0x00000000ae355cd0}: 'void java.lang.invoke.DirectMethodHandle$Holder.invokeSpecial(java.lang.Object, java.lang.Object, java.lang.Object, java.lang.Object, java.lang.Object, java.lang.Object, java.lang.Object)'> (0x00000000ae355cd0) thrown at [./src/hotspot/share/interpreter/linkResolver.cpp, line 773]
Event: 2.445 Thread 0x0000020877eff000 Exception <a 'java/lang/NoSuchMethodError'{0x00000000ae35df18}: 'java.lang.Object java.lang.invoke.Invokers$Holder.linkToTargetMethod(java.lang.Object, java.lang.Object, java.lang.Object, java.lang.Object, java.lang.Object, java.lang.Object)'> (0x00000000ae35df18) thrown at [./src/hotspot/share/interpreter/linkResolver.cpp, line 773]
Event: 2.457 Thread 0x0000020877eff000 Exception <a 'java/lang/NoSuchMethodError'{0x00000000ae297480}: 'java.lang.Object java.lang.invoke.DirectMethodHandle$Holder.invokeVirtual(java.lang.Object, java.lang.Object, java.lang.Object, java.lang.Object, java.lang.Object, java.lang.Object, java.lang.Object, java.lang.Object, java.lang.Object, java.lang.Object, java.lang.Object, java.lang.Object, java.lang.Object, java.lang.Object, java.lang.Object, java.lang.Object, java.lang.Object)'> (0x00000000ae297480) thrown at [./src/hotspot/share/interpreter/
Event: 2.459 Thread 0x0000020877eff000 Exception <a 'java/lang/NoSuchMethodError'{0x00000000ae2c6000}: 'java.lang.Object java.lang.invoke.DirectMethodHandle$Holder.invokeSpecial(java.lang.Object, java.lang.Object, java.lang.Object, java.lang.Object, java.lang.Object, java.lang.Object, java.lang.Object, java.lang.Object, java.lang.Object)'> (0x00000000ae2c6000) thrown at [./src/hotspot/share/interpreter/linkResolver.cpp, line 773]
Event: 2.554 Thread 0x0000020877eff000 Exception <a 'java/lang/NoSuchMethodError'{0x00000000ad9f23c8}: 'java.lang.Object java.lang.invoke.DirectMethodHandle$Holder.invokeStatic(java.lang.Object, java.lang.Object, java.lang.Object, int, java.lang.Object, java.lang.Object)'> (0x00000000ad9f23c8) thrown at [./src/hotspot/share/interpreter/linkResolver.cpp, line 773]
Event: 2.554 Thread 0x0000020877eff000 Exception <a 'java/lang/NoSuchMethodError'{0x00000000ad9f9730}: 'java.lang.Object java.lang.invoke.Invokers$Holder.linkToTargetMethod(java.lang.Object, java.lang.Object, int, java.lang.Object, java.lang.Object, java.lang.Object)'> (0x00000000ad9f9730) thrown at [./src/hotspot/share/interpreter/linkResolver.cpp, line 773]
Event: 2.567 Thread 0x0000020877eff000 Exception <a 'java/lang/NoSuchMethodError'{0x00000000ad71f9c0}: 'void java.lang.invoke.DirectMethodHandle$Holder.invokeSpecial(java.lang.Object, java.lang.Object, java.lang.Object, java.lang.Object)'> (0x00000000ad71f9c0) thrown at [./src/hotspot/share/interpreter/linkResolver.cpp, line 773]
Event: 2.622 Thread 0x0000020877eff000 Implicit null exception at 0x0000020868194ef5 to 0x00000208681950bc
Event: 2.630 Thread 0x0000020877eff000 Implicit null exception at 0x0000020868188caf to 0x0000020868188d1d

Events (20 events):
Event: 2.632 loading class org/gradle/model/internal/manage/schema/extract/UnmanagedImplStructStrategy
Event: 2.632 loading class org/gradle/model/internal/manage/schema/extract/UnmanagedImplStructStrategy done
Event: 2.632 loading class org/gradle/model/internal/manage/schema/extract/DefaultModelSchemaStore
Event: 2.632 loading class org/gradle/model/internal/manage/schema/extract/DefaultModelSchemaStore done
Event: 2.633 loading class org/gradle/model/internal/manage/schema/cache/ModelSchemaCache
Event: 2.633 loading class org/gradle/model/internal/manage/schema/cache/ModelSchemaCache done
Event: 2.633 loading class org/gradle/api/internal/resolve/LibraryResolutionErrorMessageBuilder
Event: 2.633 loading class org/gradle/api/internal/resolve/LibraryResolutionErrorMessageBuilder done
Event: 2.633 loading class org/gradle/api/internal/resolve/LocalLibraryMetaDataAdapter
Event: 2.633 loading class org/gradle/api/internal/resolve/LocalLibraryMetaDataAdapter done
Event: 2.634 loading class org/gradle/api/internal/resolve/VariantBinarySelector
Event: 2.634 loading class org/gradle/api/internal/resolve/VariantBinarySelector done
Event: 2.634 loading class org/gradle/api/internal/resolve/LocalLibraryResolver
Event: 2.634 loading class org/gradle/api/internal/resolve/LocalLibraryResolver done
Event: 2.634 loading class org/gradle/api/internal/artifacts/ivyservice/projectmodule/DefaultLocalComponentRegistry
Event: 2.634 loading class org/gradle/api/internal/artifacts/ivyservice/projectmodule/DefaultLocalComponentRegistry done
Event: 2.634 loading class org/gradle/api/internal/notations/ModuleIdentifierNotationConverter
Event: 2.634 loading class org/gradle/api/internal/notations/ModuleIdentifierNotationConverter done
Event: 2.635 loading class org/gradle/internal/typeconversion/CharSequenceNotationConverter
Event: 2.635 loading class org/gradle/internal/typeconversion/CharSequenceNotationConverter done


Dynamic libraries:
0x00007ff7a48b0000 - 0x00007ff7a48ba000 	C:\Program Files\Android\Android Studio\jre\bin\java.exe
0x00007ffe4b6e0000 - 0x00007ffe4b8e7000 	C:\WINDOWS\SYSTEM32\ntdll.dll
0x00007ffe4a2a0000 - 0x00007ffe4a35d000 	C:\WINDOWS\System32\KERNEL32.DLL
0x00007ffe48c30000 - 0x00007ffe48fa4000 	C:\WINDOWS\System32\KERNELBASE.dll
0x00007ffe461a0000 - 0x00007ffe46231000 	C:\WINDOWS\SYSTEM32\apphelp.dll
0x00007ffe490d0000 - 0x00007ffe491e1000 	C:\WINDOWS\System32\ucrtbase.dll
0x00007ffe2f1f0000 - 0x00007ffe2f209000 	C:\Program Files\Android\Android Studio\jre\bin\jli.dll
0x00007ffe4afb0000 - 0x00007ffe4b15c000 	C:\WINDOWS\System32\USER32.dll
0x00007ffe49350000 - 0x00007ffe49376000 	C:\WINDOWS\System32\win32u.dll
0x00007ffe4ade0000 - 0x00007ffe4ae09000 	C:\WINDOWS\System32\GDI32.dll
0x00007ffe48fb0000 - 0x00007ffe490c2000 	C:\WINDOWS\System32\gdi32full.dll
0x00007ffe492b0000 - 0x00007ffe4934d000 	C:\WINDOWS\System32\msvcp_win.dll
0x00007ffe35310000 - 0x00007ffe35327000 	C:\Program Files\Android\Android Studio\jre\bin\VCRUNTIME140.dll
0x00007ffe3a180000 - 0x00007ffe3a425000 	C:\WINDOWS\WinSxS\amd64_microsoft.windows.common-controls_6595b64144ccf1df_6.0.22000.120_none_9d947278b86cc467\COMCTL32.dll
0x00007ffe4a8b0000 - 0x00007ffe4a953000 	C:\WINDOWS\System32\msvcrt.dll
0x00007ffe4a460000 - 0x00007ffe4a491000 	C:\WINDOWS\System32\IMM32.DLL
0x00007ffe29d20000 - 0x00007ffe29dbd000 	C:\Program Files\Android\Android Studio\jre\bin\msvcp140.dll
0x00007ffdee020000 - 0x00007ffdeeadc000 	C:\Program Files\Android\Android Studio\jre\bin\server\jvm.dll
0x00007ffe4b270000 - 0x00007ffe4b31c000 	C:\WINDOWS\System32\ADVAPI32.dll
0x00007ffe49570000 - 0x00007ffe4960d000 	C:\WINDOWS\System32\sechost.dll
0x00007ffe4a4a0000 - 0x00007ffe4a5c1000 	C:\WINDOWS\System32\RPCRT4.dll
0x00007ffe4a0d0000 - 0x00007ffe4a0d8000 	C:\WINDOWS\System32\PSAPI.DLL
0x00007ffe452d0000 - 0x00007ffe452d9000 	C:\WINDOWS\SYSTEM32\WSOCK32.dll
0x00007ffe433a0000 - 0x00007ffe433d3000 	C:\WINDOWS\SYSTEM32\WINMM.dll
0x00007ffe3b4f0000 - 0x00007ffe3b4fa000 	C:\WINDOWS\SYSTEM32\VERSION.dll
0x00007ffe49f30000 - 0x00007ffe49f9f000 	C:\WINDOWS\System32\WS2_32.dll
0x00007ffe47cf0000 - 0x00007ffe47d08000 	C:\WINDOWS\SYSTEM32\kernel.appcore.dll
0x00007ffe39180000 - 0x00007ffe39191000 	C:\Program Files\Android\Android Studio\jre\bin\verify.dll
0x00007ffe32fb0000 - 0x00007ffe331d1000 	C:\WINDOWS\SYSTEM32\DBGHELP.DLL
0x00007ffe31880000 - 0x00007ffe318b1000 	C:\WINDOWS\SYSTEM32\dbgcore.DLL
0x00007ffe49380000 - 0x00007ffe49400000 	C:\WINDOWS\System32\bcryptPrimitives.dll
0x00007ffe39030000 - 0x00007ffe39059000 	C:\Program Files\Android\Android Studio\jre\bin\java.dll
0x00007ffe442d0000 - 0x00007ffe442db000 	C:\Program Files\Android\Android Studio\jre\bin\jimage.dll
0x00007ffe39160000 - 0x00007ffe39178000 	C:\Program Files\Android\Android Studio\jre\bin\zip.dll
0x00007ffe49710000 - 0x00007ffe49eb9000 	C:\WINDOWS\System32\SHELL32.dll
0x00007ffe46d70000 - 0x00007ffe475d2000 	C:\WINDOWS\SYSTEM32\windows.storage.dll
0x00007ffe4b320000 - 0x00007ffe4b698000 	C:\WINDOWS\System32\combase.dll
0x00007ffe46c00000 - 0x00007ffe46d66000 	C:\WINDOWS\SYSTEM32\wintypes.dll
0x00007ffe4ae10000 - 0x00007ffe4aefa000 	C:\WINDOWS\System32\SHCORE.dll
0x00007ffe4b210000 - 0x00007ffe4b26d000 	C:\WINDOWS\System32\shlwapi.dll
0x00007ffe48af0000 - 0x00007ffe48b11000 	C:\WINDOWS\SYSTEM32\profapi.dll
0x00007ffe390e0000 - 0x00007ffe390fa000 	C:\Program Files\Android\Android Studio\jre\bin\net.dll
0x00007ffe422c0000 - 0x00007ffe423cc000 	C:\WINDOWS\SYSTEM32\WINHTTP.dll
0x00007ffe481f0000 - 0x00007ffe48257000 	C:\WINDOWS\system32\mswsock.dll
0x00007ffe38920000 - 0x00007ffe38934000 	C:\Program Files\Android\Android Studio\jre\bin\nio.dll
0x00007ffe2a3a0000 - 0x00007ffe2a3c7000 	C:\Users\cheet\.gradle\native\fdc75f09e3144964f2cf3f50f0aa648679c211496f362492102eb8c894070792\windows-amd64\native-platform.dll
0x00007ffdf9af0000 - 0x00007ffdf9c86000 	C:\Users\cheet\.gradle\native\12488b8bf47d2d4c9fbf2f6322a914ad602e24e48041cd04a747c6da556b65c4\windows-amd64\native-platform-file-events.dll
0x00007ffe39090000 - 0x00007ffe3909a000 	C:\Program Files\Android\Android Studio\jre\bin\management.dll
0x00007ffe39020000 - 0x00007ffe3902c000 	C:\Program Files\Android\Android Studio\jre\bin\management_ext.dll
0x00007ffe48440000 - 0x00007ffe48458000 	C:\WINDOWS\SYSTEM32\CRYPTSP.dll
0x00007ffe47c50000 - 0x00007ffe47c85000 	C:\WINDOWS\system32\rsaenh.dll
0x00007ffe482e0000 - 0x00007ffe48309000 	C:\WINDOWS\SYSTEM32\USERENV.dll
0x00007ffe485b0000 - 0x00007ffe485d7000 	C:\WINDOWS\SYSTEM32\bcrypt.dll
0x00007ffe48430000 - 0x00007ffe4843c000 	C:\WINDOWS\SYSTEM32\CRYPTBASE.dll
0x00007ffe47830000 - 0x00007ffe4785d000 	C:\WINDOWS\SYSTEM32\IPHLPAPI.DLL
0x00007ffe4a0c0000 - 0x00007ffe4a0c9000 	C:\WINDOWS\System32\NSI.dll
0x00007ffe41cb0000 - 0x00007ffe41cc9000 	C:\WINDOWS\SYSTEM32\dhcpcsvc6.DLL
0x00007ffe43200000 - 0x00007ffe4321e000 	C:\WINDOWS\SYSTEM32\dhcpcsvc.DLL
0x00007ffe47860000 - 0x00007ffe47947000 	C:\WINDOWS\SYSTEM32\DNSAPI.dll
0x00007ffe41be0000 - 0x00007ffe41bec000 	C:\WINDOWS\SYSTEM32\WINNSI.DLL

dbghelp: loaded successfully - version: 4.0.5 - missing functions: none
symbol engine: initialized successfully - sym options: 0x614 - pdb path: .;C:\Program Files\Android\Android Studio\jre\bin;C:\WINDOWS\SYSTEM32;C:\WINDOWS\WinSxS\amd64_microsoft.windows.common-controls_6595b64144ccf1df_6.0.22000.120_none_9d947278b86cc467;C:\Program Files\Android\Android Studio\jre\bin\server;C:\Users\cheet\.gradle\native\fdc75f09e3144964f2cf3f50f0aa648679c211496f362492102eb8c894070792\windows-amd64;C:\Users\cheet\.gradle\native\12488b8bf47d2d4c9fbf2f6322a914ad602e24e48041cd04a747c6da556b65c4\windows-amd64

VM Arguments:
jvm_args: --add-opens=java.base/java.util=ALL-UNNAMED --add-opens=java.base/java.lang=ALL-UNNAMED --add-opens=java.base/java.lang.invoke=ALL-UNNAMED --add-opens=java.prefs/java.util.prefs=ALL-UNNAMED -Xmx1536M -Dfile.encoding=windows-1252 -Duser.country=US -Duser.language=en -Duser.variant 
java_command: org.gradle.launcher.daemon.bootstrap.GradleDaemon 6.7
java_class_path (initial): C:\Users\cheet\.gradle\wrapper\dists\gradle-6.7-all\cuy9mc7upwgwgeb72wkcrupxe\gradle-6.7\lib\gradle-launcher-6.7.jar
Launcher Type: SUN_STANDARD

[Global flags]
     intx CICompilerCount                          = 3                                         {product} {ergonomic}
     uint ConcGCThreads                            = 1                                         {product} {ergonomic}
     uint G1ConcRefinementThreads                  = 4                                         {product} {ergonomic}
   size_t G1HeapRegionSize                         = 1048576                                   {product} {ergonomic}
    uintx GCDrainStackTargetSize                   = 64                                        {product} {ergonomic}
   size_t InitialHeapSize                          = 268435456                                 {product} {ergonomic}
   size_t MarkStackSize                            = 4194304                                   {product} {ergonomic}
   size_t MaxHeapSize                              = 1610612736                                {product} {command line}
   size_t MaxNewSize                               = 965738496                                 {product} {ergonomic}
   size_t MinHeapDeltaBytes                        = 1048576                                   {product} {ergonomic}
    uintx NonNMethodCodeHeapSize                   = 5830732                                {pd product} {ergonomic}
    uintx NonProfiledCodeHeapSize                  = 122913754                              {pd product} {ergonomic}
    uintx ProfiledCodeHeapSize                     = 122913754                              {pd product} {ergonomic}
    uintx ReservedCodeCacheSize                    = 251658240                              {pd product} {ergonomic}
     bool SegmentedCodeCache                       = true                                      {product} {ergonomic}
     bool UseCompressedClassPointers               = true                                 {lp64_product} {ergonomic}
     bool UseCompressedOops                        = true                                 {lp64_product} {ergonomic}
     bool UseG1GC                                  = true                                      {product} {ergonomic}
     bool UseLargePagesIndividualAllocation        = false                                  {pd product} {ergonomic}

Logging:
Log output configuration:
 #0: stdout all=warning uptime,level,tags
 #1: stderr all=off uptime,level,tags

Environment Variables:
JAVA_HOME=C:\Program Files\Android\Android Studio\jre
CLASSPATH=C:\Users\cheet\AndroidStudioProjects\rdrr\android\\gradle\wrapper\gradle-wrapper.jar
PATH=C:\Program Files\Common Files\Oracle\Java\javapath;C:\Program Files (x86)\Intel\iCLS Client\;C:\Program Files\Intel\iCLS Client\;C:\Program Files\Python39\Scripts\;C:\Program Files\Python39\;C:\Windows\system32;C:\Windows;C:\Windows\System32\Wbem;C:\Windows\System32\WindowsPowerShell\v1.0\;C:\Windows\System32\OpenSSH\;C:\Program Files (x86)\Intel\Intel(R) Management Engine Components\DAL;C:\Program Files\Intel\Intel(R) Management Engine Components\DAL;C:\Program Files (x86)\Intel\Intel(R) Management Engine Components\IPT;C:\Program Files\Intel\Intel(R) Management Engine Components\IPT;C:\Program Files (x86)\NVIDIA Corporation\PhysX\Common;C:\WINDOWS\system32;C:\WINDOWS;C:\WINDOWS\System32\Wbem;C:\WINDOWS\System32\WindowsPowerShell\v1.0\;C:\WINDOWS\System32\OpenSSH\;C:\Users\cheet\Downloads\flutter_windows_2.2.3-stable\flutter\bin\;C:\Users\cheet\AppData\Local\Microsoft\WindowsApps;;C:\Program Files\JetBrains\IntelliJ IDEA 2021.2\bin;;C:\Users\cheet\Downloads\flutter_windows_2.2.3-stable\flutter\bin\mingit\cmd
USERNAME=cheet
OS=Windows_NT
PROCESSOR_IDENTIFIER=Intel64 Family 6 Model 158 Stepping 9, GenuineIntel



---------------  S Y S T E M  ---------------

OS: Windows 10 , 64 bit Build 22000 (10.0.22000.120)
OS uptime: 1 days 4:39 hours

CPU:total 4 (initial active 4) (4 cores per cpu, 1 threads per core) family 6 model 158 stepping 9, cmov, cx8, fxsr, mmx, sse, sse2, sse3, ssse3, sse4.1, sse4.2, popcnt, avx, avx2, aes, clmul, erms, 3dnowpref, lzcnt, tsc, tscinvbit, bmi1, bmi2, adx, fma

Memory: 4k page, system-wide physical 16276M (3097M free)
TotalPageFile size 16276M (AvailPageFile size 5M)
current process WorkingSet (physical memory assigned to process): 185M, peak: 185M
current process commit charge ("private bytes"): 406M, peak: 408M

vm_info: OpenJDK 64-Bit Server VM (11.0.8+10-b944.6842174) for windows-amd64 JRE (11.0.8+10-b944.6842174), built on Sep 19 2020 01:11:42 by "builder" with MS VC++ 14.0 (VS2015)

END.
