#
# There is insufficient memory for the Java Runtime Environment to continue.
# Native memory allocation (malloc) failed to allocate 85136 bytes for Chunk::new
# Possible reasons:
#   The system is out of physical RAM or swap space
#   The process is running with CompressedOops enabled, and the Java Heap may be blocking the growth of the native heap
# Possible solutions:
#   Reduce memory load on the system
#   Increase physical memory or swap space
#   Check if swap backing store is full
#   Decrease Java heap size (-Xmx/-Xms)
#   Decrease number of Java threads
#   Decrease Java thread stack sizes (-Xss)
#   Set larger code cache with -XX:ReservedCodeCacheSize=
#   JVM is running with Unscaled Compressed Oops mode in which the Java heap is
#     placed in the first 4GB address space. The Java Heap base address is the
#     maximum limit for the native heap growth. Please use -XX:HeapBaseMinAddress
#     to set the Java Heap base and to place the Java Heap above 4GB virtual address.
# This output file may be truncated or incomplete.
#
#  Out of Memory Error (./src/hotspot/share/memory/arena.cpp:197), pid=13280, tid=3672
#
# JRE version: OpenJDK Runtime Environment (11.0.8+10) (build 11.0.8+10-b944.6842174)
# Java VM: OpenJDK 64-Bit Server VM (11.0.8+10-b944.6842174, mixed mode, tiered, compressed oops, g1 gc, windows-amd64)
# No core dump will be written. Minidumps are not enabled by default on client versions of Windows
#

---------------  S U M M A R Y ------------

Command Line: --add-opens=java.base/java.util=ALL-UNNAMED --add-opens=java.base/java.lang=ALL-UNNAMED --add-opens=java.base/java.lang.invoke=ALL-UNNAMED --add-opens=java.prefs/java.util.prefs=ALL-UNNAMED -Xmx1536M -Dfile.encoding=windows-1252 -Duser.country=US -Duser.language=en -Duser.variant org.gradle.launcher.daemon.bootstrap.GradleDaemon 6.7

Host: Intel(R) Core(TM) i5-7300HQ CPU @ 2.50GHz, 4 cores, 15G,  Windows 10 , 64 bit Build 22000 (10.0.22000.120)
Time: Thu Aug 12 20:39:18 2021 Arab Standard Time elapsed time: 2511 seconds (0d 0h 41m 51s)

---------------  T H R E A D  ---------------

Current thread (0x00000155755df800):  JavaThread "C2 CompilerThread0" daemon [_thread_in_native, id=3672, stack(0x0000004710d00000,0x0000004710e00000)]


Current CompileTask:
C2:2511427 26783       4       java.util.WeakHashMap$HashIterator::hasNext (95 bytes)

Stack: [0x0000004710d00000,0x0000004710e00000]
Native frames: (J=compiled Java code, j=interpreted, Vv=VM code, C=native code)
V  [jvm.dll+0x5de50a]
V  [jvm.dll+0x7122f5]
V  [jvm.dll+0x71384d]
V  [jvm.dll+0x713f03]
V  [jvm.dll+0x23e728]
V  [jvm.dll+0xb899c]
V  [jvm.dll+0xb8e9c]
V  [jvm.dll+0x35024d]
V  [jvm.dll+0x31dea3]
V  [jvm.dll+0x31d39a]
V  [jvm.dll+0x1f7702]
V  [jvm.dll+0x1f68d4]
V  [jvm.dll+0x17f32c]
V  [jvm.dll+0x205047]
V  [jvm.dll+0x203891]
V  [jvm.dll+0x6dad3f]
V  [jvm.dll+0x6d3895]
V  [jvm.dll+0x5dd4a6]
C  [ucrtbase.dll+0x26c0c]
C  [KERNEL32.DLL+0x154e0]
C  [ntdll.dll+0x485b]


---------------  P R O C E S S  ---------------

Threads class SMR info:
_java_thread_list=0x0000015507c0a560, length=58, elements={
0x000001555c5b0800, 0x000001557557f800, 0x0000015575588800, 0x00000155755dd800,
0x00000155755de800, 0x00000155755df800, 0x00000155755e4000, 0x00000155755e5000,
0x0000015575742800, 0x000001557574f000, 0x0000015577764800, 0x0000015576227800,
0x0000015577f2e800, 0x0000015577d66800, 0x0000015577d68800, 0x0000015577d67800,
0x0000015577d65000, 0x000001557b115000, 0x0000015579849800, 0x0000015579854000,
0x0000015579851000, 0x0000015579855800, 0x0000015579858000, 0x000001550589e000,
0x000001550589a800, 0x000001550589b800, 0x0000015505898000, 0x000001550589e800,
0x000001550589d000, 0x000001550589c000, 0x0000015505899000, 0x000001550589f800,
0x000001550589a000, 0x00000155058a1000, 0x00000155058a5000, 0x00000155058a4800,
0x00000155058a3000, 0x00000155058a0800, 0x00000155058a7800, 0x00000155058a2000,
0x00000155058ab000, 0x00000155058ac800, 0x00000155058ac000, 0x00000155058a8800,
0x00000155058af000, 0x00000155058ad800, 0x00000155058a9800, 0x00000155058b0000,
0x00000155058aa000, 0x00000155058b0800, 0x00000155058b3000, 0x00000155058b1800,
0x00000155058b2800, 0x00000155058b4000, 0x00000155058ae000, 0x00000155058b6800,
0x00000155058b7000, 0x00000155058b4800
}

Java Threads: ( => current thread )
  0x000001555c5b0800 JavaThread "main" [_thread_blocked, id=10748, stack(0x0000004710200000,0x0000004710300000)]
  0x000001557557f800 JavaThread "Reference Handler" daemon [_thread_blocked, id=1636, stack(0x0000004710900000,0x0000004710a00000)]
  0x0000015575588800 JavaThread "Finalizer" daemon [_thread_blocked, id=15828, stack(0x0000004710a00000,0x0000004710b00000)]
  0x00000155755dd800 JavaThread "Signal Dispatcher" daemon [_thread_blocked, id=564, stack(0x0000004710b00000,0x0000004710c00000)]
  0x00000155755de800 JavaThread "Attach Listener" daemon [_thread_blocked, id=9580, stack(0x0000004710c00000,0x0000004710d00000)]
=>0x00000155755df800 JavaThread "C2 CompilerThread0" daemon [_thread_in_native, id=3672, stack(0x0000004710d00000,0x0000004710e00000)]
  0x00000155755e4000 JavaThread "C1 CompilerThread0" daemon [_thread_blocked, id=7628, stack(0x0000004710e00000,0x0000004710f00000)]
  0x00000155755e5000 JavaThread "Sweeper thread" daemon [_thread_blocked, id=11152, stack(0x0000004710f00000,0x0000004711000000)]
  0x0000015575742800 JavaThread "Common-Cleaner" daemon [_thread_blocked, id=13700, stack(0x0000004711000000,0x0000004711100000)]
  0x000001557574f000 JavaThread "Service Thread" daemon [_thread_blocked, id=13464, stack(0x0000004711100000,0x0000004711200000)]
  0x0000015577764800 JavaThread "Daemon health stats" [_thread_blocked, id=12452, stack(0x0000004711700000,0x0000004711800000)]
  0x0000015576227800 JavaThread "Incoming local TCP Connector on port 60211" [_thread_in_native, id=6268, stack(0x0000004711900000,0x0000004711a00000)]
  0x0000015577f2e800 JavaThread "Daemon periodic checks" [_thread_blocked, id=1356, stack(0x0000004711a00000,0x0000004711b00000)]
  0x0000015577d66800 JavaThread "Cache worker for file hash cache (C:\Users\cheet\.gradle\caches\6.7\fileHashes)" [_thread_blocked, id=3120, stack(0x0000004712300000,0x0000004712400000)]
  0x0000015577d68800 JavaThread "File lock request listener" [_thread_in_native, id=15024, stack(0x0000004712400000,0x0000004712500000)]
  0x0000015577d67800 JavaThread "Cache worker for journal cache (C:\Users\cheet\.gradle\caches\journal-1)" [_thread_blocked, id=14252, stack(0x0000004712500000,0x0000004712600000)]
  0x0000015577d65000 JavaThread "Cache worker for execution history cache (C:\Users\cheet\.gradle\caches\6.7\executionHistory)" [_thread_blocked, id=15224, stack(0x0000004712a00000,0x0000004712b00000)]
  0x000001557b115000 JavaThread "Cache worker for file content cache (C:\Users\cheet\.gradle\caches\6.7\fileContent)" [_thread_blocked, id=11024, stack(0x0000004712c00000,0x0000004712d00000)]
  0x0000015579849800 JavaThread "Memory manager" [_thread_blocked, id=724, stack(0x000000471a100000,0x000000471a200000)]
  0x0000015579854000 JavaThread "RMI Scheduler(0)" daemon [_thread_blocked, id=7104, stack(0x0000004711d00000,0x0000004711e00000)]
  0x0000015579851000 JavaThread "RMI GC Daemon" daemon [_thread_blocked, id=10848, stack(0x000000471aa00000,0x000000471ab00000)]
  0x0000015579855800 JavaThread "RMI TCP Accept-0" daemon [_thread_in_native, id=10060, stack(0x000000471ac00000,0x000000471ad00000)]
  0x0000015579858000 JavaThread "RMI Reaper" [_thread_blocked, id=14520, stack(0x000000471ad00000,0x000000471ae00000)]
  0x000001550589e000 JavaThread "Cache worker for Java compile cache (C:\Users\cheet\.gradle\caches\6.7\javaCompile)" [_thread_blocked, id=7420, stack(0x000000471b800000,0x000000471b900000)]
  0x000001550589a800 JavaThread "ForkJoinPool.commonPool-worker-3" daemon [_thread_blocked, id=8264, stack(0x000000471bd00000,0x000000471be00000)]
  0x000001550589b800 JavaThread "RMI TCP Connection(idle)" daemon [_thread_blocked, id=220, stack(0x0000004710000000,0x0000004710100000)]
  0x0000015505898000 JavaThread "Daemon Thread 3" [_thread_blocked, id=5172, stack(0x000000470ff00000,0x0000004710000000)]
  0x000001550589e800 JavaThread "Handler for socket connection from /127.0.0.1:60211 to /127.0.0.1:55501" [_thread_in_native, id=5408, stack(0x0000004710100000,0x0000004710200000)]
  0x000001550589d000 JavaThread "Cancel handler" [_thread_blocked, id=13304, stack(0x0000004711300000,0x0000004711400000)]
  0x000001550589c000 JavaThread "Daemon worker Thread 3" [_thread_in_native, id=14304, stack(0x0000004711800000,0x0000004711900000)]
  0x0000015505899000 JavaThread "Asynchronous log dispatcher for DefaultDaemonConnection: socket connection from /127.0.0.1:60211 to /127.0.0.1:55501" [_thread_blocked, id=2636, stack(0x0000004711b00000,0x0000004711c00000)]
  0x000001550589f800 JavaThread "Stdin handler" [_thread_blocked, id=3096, stack(0x0000004711c00000,0x0000004711d00000)]
  0x000001550589a000 JavaThread "Thread-294" [_thread_blocked, id=14196, stack(0x0000004711e00000,0x0000004711f00000)]
  0x00000155058a1000 JavaThread "Cache worker for file hash cache (C:\Users\cheet\AndroidStudioProjects\rdrr\android\.gradle\6.7\fileHashes)" [_thread_blocked, id=12808, stack(0x0000004711f00000,0x0000004712000000)]
  0x00000155058a5000 JavaThread "jar transforms Thread 225" [_thread_blocked, id=12892, stack(0x0000004712000000,0x0000004712100000)]
  0x00000155058a4800 JavaThread "jar transforms Thread 226" [_thread_blocked, id=15100, stack(0x0000004712100000,0x0000004712200000)]
  0x00000155058a3000 JavaThread "jar transforms Thread 227" [_thread_blocked, id=5452, stack(0x0000004712200000,0x0000004712300000)]
  0x00000155058a0800 JavaThread "jar transforms Thread 228" [_thread_blocked, id=5860, stack(0x0000004712600000,0x0000004712700000)]
  0x00000155058a7800 JavaThread "jar transforms Thread 229" [_thread_blocked, id=12260, stack(0x0000004712700000,0x0000004712800000)]
  0x00000155058a2000 JavaThread "jar transforms Thread 230" [_thread_blocked, id=6728, stack(0x0000004712800000,0x0000004712900000)]
  0x00000155058ab000 JavaThread "jar transforms Thread 231" [_thread_blocked, id=7932, stack(0x0000004712900000,0x0000004712a00000)]
  0x00000155058ac800 JavaThread "jar transforms Thread 232" [_thread_blocked, id=10036, stack(0x0000004712b00000,0x0000004712c00000)]
  0x00000155058ac000 JavaThread "jar transforms Thread 233" [_thread_blocked, id=14272, stack(0x0000004712d00000,0x0000004712e00000)]
  0x00000155058a8800 JavaThread "jar transforms Thread 234" [_thread_blocked, id=15896, stack(0x0000004712e00000,0x0000004712f00000)]
  0x00000155058af000 JavaThread "jar transforms Thread 235" [_thread_blocked, id=10000, stack(0x0000004712f00000,0x0000004713000000)]
  0x00000155058ad800 JavaThread "jar transforms Thread 236" [_thread_blocked, id=16264, stack(0x0000004713000000,0x0000004713100000)]
  0x00000155058a9800 JavaThread "jar transforms Thread 237" [_thread_blocked, id=1096, stack(0x0000004713100000,0x0000004713200000)]
  0x00000155058b0000 JavaThread "jar transforms Thread 238" [_thread_blocked, id=8464, stack(0x0000004713200000,0x0000004713300000)]
  0x00000155058aa000 JavaThread "jar transforms Thread 239" [_thread_blocked, id=12588, stack(0x0000004713300000,0x0000004713400000)]
  0x00000155058b0800 JavaThread "jar transforms Thread 240" [_thread_blocked, id=14424, stack(0x0000004713400000,0x0000004713500000)]
  0x00000155058b3000 JavaThread "jar transforms Thread 241" [_thread_blocked, id=16248, stack(0x0000004713500000,0x0000004713600000)]
  0x00000155058b1800 JavaThread "jar transforms Thread 242" [_thread_blocked, id=6664, stack(0x0000004713600000,0x0000004713700000)]
  0x00000155058b2800 JavaThread "jar transforms Thread 243" [_thread_blocked, id=2180, stack(0x0000004713700000,0x0000004713800000)]
  0x00000155058b4000 JavaThread "jar transforms Thread 244" [_thread_blocked, id=7456, stack(0x0000004713800000,0x0000004713900000)]
  0x00000155058ae000 JavaThread "jar transforms Thread 245" [_thread_blocked, id=4896, stack(0x0000004713900000,0x0000004713a00000)]
  0x00000155058b6800 JavaThread "Cache worker for checksums cache (C:\Users\cheet\AndroidStudioProjects\rdrr\android\.gradle\checksums)" [_thread_blocked, id=4328, stack(0x0000004713a00000,0x0000004713b00000)]
  0x00000155058b7000 JavaThread "Cache worker for cache directory md-supplier (C:\Users\cheet\.gradle\caches\6.7\md-supplier)" [_thread_blocked, id=15680, stack(0x0000004713b00000,0x0000004713c00000)]
  0x00000155058b4800 JavaThread "Cache worker for cache directory md-rule (C:\Users\cheet\.gradle\caches\6.7\md-rule)" [_thread_blocked, id=1044, stack(0x0000004713c00000,0x0000004713d00000)]

Other Threads:
  0x000001557555a800 VMThread "VM Thread" [stack: 0x0000004710800000,0x0000004710900000] [id=12952]
  0x0000015575780000 WatcherThread [stack: 0x0000004711200000,0x0000004711300000] [id=14416]
  0x000001555c5c8000 GCTaskThread "GC Thread#0" [stack: 0x0000004710300000,0x0000004710400000] [id=1968]
  0x0000015575d78800 GCTaskThread "GC Thread#1" [stack: 0x0000004711400000,0x0000004711500000] [id=8564]
  0x0000015575d3c800 GCTaskThread "GC Thread#2" [stack: 0x0000004711500000,0x0000004711600000] [id=10028]
  0x0000015575fcf800 GCTaskThread "GC Thread#3" [stack: 0x0000004711600000,0x0000004711700000] [id=7552]
  0x000001555c5ec800 ConcurrentGCThread "G1 Main Marker" [stack: 0x0000004710400000,0x0000004710500000] [id=5292]
  0x000001555c5ee000 ConcurrentGCThread "G1 Conc#0" [stack: 0x0000004710500000,0x0000004710600000] [id=4008]
  0x0000015574bbe800 ConcurrentGCThread "G1 Refine#0" [stack: 0x0000004710600000,0x0000004710700000] [id=9960]
  0x000001557ee1d000 ConcurrentGCThread "G1 Refine#1" [stack: 0x000000471b300000,0x000000471b400000] [id=12144]
  0x000001557ee1e000 ConcurrentGCThread "G1 Refine#2" [stack: 0x000000471b400000,0x000000471b500000] [id=13456]
  0x000001557ee1c800 ConcurrentGCThread "G1 Refine#3" [stack: 0x000000471b500000,0x000000471b600000] [id=7036]
  0x0000015574bbf800 ConcurrentGCThread "G1 Young RemSet Sampling" [stack: 0x0000004710700000,0x0000004710800000] [id=5916]

Threads with active compile tasks:
C2 CompilerThread02511459 26783       4       java.util.WeakHashMap$HashIterator::hasNext (95 bytes)

VM state:not at safepoint (normal execution)

VM Mutex/Monitor currently owned by a thread: None

OutOfMemory and StackOverflow Exception counts:
OutOfMemoryError java_heap_errors=1
LinkageErrors=237

Heap address: 0x00000000a0000000, size: 1536 MB, Compressed Oops mode: 32-bit
Narrow klass base: 0x0000000000000000, Narrow klass shift: 3
Compressed class space size: 1073741824 Address: 0x0000000100000000

Heap:
 garbage-first heap   total 338944K, used 193024K [0x00000000a0000000, 0x0000000100000000)
  region size 1024K, 45 young (46080K), 2 survivors (2048K)
 Metaspace       used 186106K, capacity 190456K, committed 192420K, reserved 1216512K
  class space    used 23086K, capacity 24754K, committed 25344K, reserved 1048576K
Heap Regions: E=young(eden), S=young(survivor), O=old, HS=humongous(starts), HC=humongous(continues), CS=collection set, F=free, A=archive, TAMS=top-at-mark-start (previous, next)
|   0|0x00000000a0000000, 0x00000000a0100000, 0x00000000a0100000|100%| O|  |TAMS 0x00000000a0100000, 0x00000000a0000000| Untracked 
|   1|0x00000000a0100000, 0x00000000a0200000, 0x00000000a0200000|100%| O|  |TAMS 0x00000000a0200000, 0x00000000a0100000| Untracked 
|   2|0x00000000a0200000, 0x00000000a0300000, 0x00000000a0300000|100%| O|  |TAMS 0x00000000a0300000, 0x00000000a0200000| Untracked 
|   3|0x00000000a0300000, 0x00000000a0400000, 0x00000000a0400000|100%|HS|  |TAMS 0x00000000a0400000, 0x00000000a0300000| Complete 
|   4|0x00000000a0400000, 0x00000000a0500000, 0x00000000a0500000|100%|HC|  |TAMS 0x00000000a0500000, 0x00000000a0400000| Complete 
|   5|0x00000000a0500000, 0x00000000a0600000, 0x00000000a0600000|100%|HC|  |TAMS 0x00000000a0600000, 0x00000000a0500000| Complete 
|   6|0x00000000a0600000, 0x00000000a0700000, 0x00000000a0700000|100%| O|  |TAMS 0x00000000a0700000, 0x00000000a0600000| Untracked 
|   7|0x00000000a0700000, 0x00000000a0800000, 0x00000000a0800000|100%| O|  |TAMS 0x00000000a0800000, 0x00000000a0700000| Untracked 
|   8|0x00000000a0800000, 0x00000000a0900000, 0x00000000a0900000|100%| O|  |TAMS 0x00000000a0900000, 0x00000000a0800000| Untracked 
|   9|0x00000000a0900000, 0x00000000a0a00000, 0x00000000a0a00000|100%| O|  |TAMS 0x00000000a0a00000, 0x00000000a0900000| Untracked 
|  10|0x00000000a0a00000, 0x00000000a0b00000, 0x00000000a0b00000|100%| O|  |TAMS 0x00000000a0b00000, 0x00000000a0a00000| Untracked 
|  11|0x00000000a0b00000, 0x00000000a0c00000, 0x00000000a0c00000|100%| O|  |TAMS 0x00000000a0c00000, 0x00000000a0b00000| Untracked 
|  12|0x00000000a0c00000, 0x00000000a0d00000, 0x00000000a0d00000|100%| O|  |TAMS 0x00000000a0d00000, 0x00000000a0c00000| Untracked 
|  13|0x00000000a0d00000, 0x00000000a0e00000, 0x00000000a0e00000|100%|HS|  |TAMS 0x00000000a0e00000, 0x00000000a0d00000| Complete 
|  14|0x00000000a0e00000, 0x00000000a0f00000, 0x00000000a0f00000|100%|HS|  |TAMS 0x00000000a0f00000, 0x00000000a0e00000| Complete 
|  15|0x00000000a0f00000, 0x00000000a1000000, 0x00000000a1000000|100%|HC|  |TAMS 0x00000000a1000000, 0x00000000a0f00000| Complete 
|  16|0x00000000a1000000, 0x00000000a1100000, 0x00000000a1100000|100%|HC|  |TAMS 0x00000000a1100000, 0x00000000a1000000| Complete 
|  17|0x00000000a1100000, 0x00000000a1200000, 0x00000000a1200000|100%|HS|  |TAMS 0x00000000a1200000, 0x00000000a1100000| Complete 
|  18|0x00000000a1200000, 0x00000000a1300000, 0x00000000a1300000|100%|HC|  |TAMS 0x00000000a1300000, 0x00000000a1200000| Complete 
|  19|0x00000000a1300000, 0x00000000a1400000, 0x00000000a1400000|100%| O|  |TAMS 0x00000000a1400000, 0x00000000a1300000| Untracked 
|  20|0x00000000a1400000, 0x00000000a1500000, 0x00000000a1500000|100%| O|  |TAMS 0x00000000a1500000, 0x00000000a1400000| Untracked 
|  21|0x00000000a1500000, 0x00000000a1600000, 0x00000000a1600000|100%| O|  |TAMS 0x00000000a1600000, 0x00000000a1500000| Untracked 
|  22|0x00000000a1600000, 0x00000000a1700000, 0x00000000a1700000|100%| O|  |TAMS 0x00000000a1700000, 0x00000000a1600000| Untracked 
|  23|0x00000000a1700000, 0x00000000a1800000, 0x00000000a1800000|100%| O|  |TAMS 0x00000000a1800000, 0x00000000a1700000| Untracked 
|  24|0x00000000a1800000, 0x00000000a1900000, 0x00000000a1900000|100%| O|  |TAMS 0x00000000a1900000, 0x00000000a1800000| Untracked 
|  25|0x00000000a1900000, 0x00000000a1a00000, 0x00000000a1a00000|100%| O|  |TAMS 0x00000000a1a00000, 0x00000000a1900000| Untracked 
|  26|0x00000000a1a00000, 0x00000000a1b00000, 0x00000000a1b00000|100%| O|  |TAMS 0x00000000a1b00000, 0x00000000a1a00000| Untracked 
|  27|0x00000000a1b00000, 0x00000000a1c00000, 0x00000000a1c00000|100%| O|  |TAMS 0x00000000a1c00000, 0x00000000a1b00000| Untracked 
|  28|0x00000000a1c00000, 0x00000000a1d00000, 0x00000000a1d00000|100%| O|  |TAMS 0x00000000a1c00000, 0x00000000a1c00000| Untracked 
|  29|0x00000000a1d00000, 0x00000000a1e00000, 0x00000000a1e00000|100%| O|  |TAMS 0x00000000a1d00000, 0x00000000a1d00000| Untracked 
|  30|0x00000000a1e00000, 0x00000000a1f00000, 0x00000000a1f00000|100%| O|  |TAMS 0x00000000a1f00000, 0x00000000a1e00000| Untracked 
|  31|0x00000000a1f00000, 0x00000000a2000000, 0x00000000a2000000|100%| O|  |TAMS 0x00000000a2000000, 0x00000000a1f00000| Untracked 
|  32|0x00000000a2000000, 0x00000000a2100000, 0x00000000a2100000|100%| O|  |TAMS 0x00000000a2100000, 0x00000000a2000000| Untracked 
|  33|0x00000000a2100000, 0x00000000a2200000, 0x00000000a2200000|100%| O|  |TAMS 0x00000000a2200000, 0x00000000a2100000| Untracked 
|  34|0x00000000a2200000, 0x00000000a2300000, 0x00000000a2300000|100%| O|  |TAMS 0x00000000a2300000, 0x00000000a2200000| Untracked 
|  35|0x00000000a2300000, 0x00000000a2400000, 0x00000000a2400000|100%| O|  |TAMS 0x00000000a2400000, 0x00000000a2300000| Untracked 
|  36|0x00000000a2400000, 0x00000000a2500000, 0x00000000a2500000|100%| O|  |TAMS 0x00000000a2500000, 0x00000000a2400000| Untracked 
|  37|0x00000000a2500000, 0x00000000a2600000, 0x00000000a2600000|100%| O|  |TAMS 0x00000000a2500000, 0x00000000a2500000| Untracked 
|  38|0x00000000a2600000, 0x00000000a2700000, 0x00000000a2700000|100%| O|  |TAMS 0x00000000a2700000, 0x00000000a2600000| Untracked 
|  39|0x00000000a2700000, 0x00000000a2800000, 0x00000000a2800000|100%| O|  |TAMS 0x00000000a2800000, 0x00000000a2700000| Untracked 
|  40|0x00000000a2800000, 0x00000000a2900000, 0x00000000a2900000|100%| O|  |TAMS 0x00000000a2900000, 0x00000000a2800000| Untracked 
|  41|0x00000000a2900000, 0x00000000a2a00000, 0x00000000a2a00000|100%| O|  |TAMS 0x00000000a2a00000, 0x00000000a2900000| Untracked 
|  42|0x00000000a2a00000, 0x00000000a2b00000, 0x00000000a2b00000|100%| O|  |TAMS 0x00000000a2b00000, 0x00000000a2a00000| Untracked 
|  43|0x00000000a2b00000, 0x00000000a2c00000, 0x00000000a2c00000|100%| O|  |TAMS 0x00000000a2b00000, 0x00000000a2b00000| Untracked 
|  44|0x00000000a2c00000, 0x00000000a2d00000, 0x00000000a2d00000|100%| O|  |TAMS 0x00000000a2c00000, 0x00000000a2c00000| Untracked 
|  45|0x00000000a2d00000, 0x00000000a2e00000, 0x00000000a2e00000|100%|HS|  |TAMS 0x00000000a2e00000, 0x00000000a2d00000| Complete 
|  46|0x00000000a2e00000, 0x00000000a2f00000, 0x00000000a2f00000|100%|HC|  |TAMS 0x00000000a2f00000, 0x00000000a2e00000| Complete 
|  47|0x00000000a2f00000, 0x00000000a3000000, 0x00000000a3000000|100%| O|  |TAMS 0x00000000a2f00000, 0x00000000a2f00000| Untracked 
|  48|0x00000000a3000000, 0x00000000a3100000, 0x00000000a3100000|100%| O|  |TAMS 0x00000000a3000000, 0x00000000a3000000| Untracked 
|  49|0x00000000a3100000, 0x00000000a3200000, 0x00000000a3200000|100%| O|  |TAMS 0x00000000a3200000, 0x00000000a3100000| Untracked 
|  50|0x00000000a3200000, 0x00000000a3300000, 0x00000000a3300000|100%| O|  |TAMS 0x00000000a3200000, 0x00000000a3200000| Untracked 
|  51|0x00000000a3300000, 0x00000000a3400000, 0x00000000a3400000|100%| O|  |TAMS 0x00000000a3400000, 0x00000000a3300000| Untracked 
|  52|0x00000000a3400000, 0x00000000a3500000, 0x00000000a3500000|100%| O|  |TAMS 0x00000000a3500000, 0x00000000a3400000| Untracked 
|  53|0x00000000a3500000, 0x00000000a3500000, 0x00000000a3600000|  0%| F|  |TAMS 0x00000000a3500000, 0x00000000a3500000| Untracked 
|  54|0x00000000a3600000, 0x00000000a3680000, 0x00000000a3700000| 50%| O|  |TAMS 0x00000000a3600000, 0x00000000a3600000| Untracked 
|  55|0x00000000a3700000, 0x00000000a3800000, 0x00000000a3800000|100%| O|  |TAMS 0x00000000a3800000, 0x00000000a3700000| Untracked 
|  56|0x00000000a3800000, 0x00000000a3900000, 0x00000000a3900000|100%| O|  |TAMS 0x00000000a3900000, 0x00000000a3800000| Untracked 
|  57|0x00000000a3900000, 0x00000000a3900000, 0x00000000a3a00000|  0%| F|  |TAMS 0x00000000a3900000, 0x00000000a3900000| Untracked 
|  58|0x00000000a3a00000, 0x00000000a3a00000, 0x00000000a3b00000|  0%| F|  |TAMS 0x00000000a3a00000, 0x00000000a3a00000| Untracked 
|  59|0x00000000a3b00000, 0x00000000a3c00000, 0x00000000a3c00000|100%| O|  |TAMS 0x00000000a3b00000, 0x00000000a3b00000| Untracked 
|  60|0x00000000a3c00000, 0x00000000a3c00000, 0x00000000a3d00000|  0%| F|  |TAMS 0x00000000a3c00000, 0x00000000a3c00000| Untracked 
|  61|0x00000000a3d00000, 0x00000000a3e00000, 0x00000000a3e00000|100%| O|  |TAMS 0x00000000a3e00000, 0x00000000a3d00000| Untracked 
|  62|0x00000000a3e00000, 0x00000000a3f00000, 0x00000000a3f00000|100%| O|  |TAMS 0x00000000a3f00000, 0x00000000a3e00000| Untracked 
|  63|0x00000000a3f00000, 0x00000000a4000000, 0x00000000a4000000|100%| O|  |TAMS 0x00000000a4000000, 0x00000000a3f00000| Untracked 
|  64|0x00000000a4000000, 0x00000000a4100000, 0x00000000a4100000|100%| O|  |TAMS 0x00000000a4000000, 0x00000000a4000000| Untracked 
|  65|0x00000000a4100000, 0x00000000a4100000, 0x00000000a4200000|  0%| F|  |TAMS 0x00000000a4100000, 0x00000000a4100000| Untracked 
|  66|0x00000000a4200000, 0x00000000a4200000, 0x00000000a4300000|  0%| F|  |TAMS 0x00000000a4200000, 0x00000000a4200000| Untracked 
|  67|0x00000000a4300000, 0x00000000a4400000, 0x00000000a4400000|100%| O|  |TAMS 0x00000000a4400000, 0x00000000a4300000| Untracked 
|  68|0x00000000a4400000, 0x00000000a4500000, 0x00000000a4500000|100%| O|  |TAMS 0x00000000a4500000, 0x00000000a4400000| Untracked 
|  69|0x00000000a4500000, 0x00000000a4600000, 0x00000000a4600000|100%| O|  |TAMS 0x00000000a4600000, 0x00000000a4500000| Untracked 
|  70|0x00000000a4600000, 0x00000000a4700000, 0x00000000a4700000|100%| O|  |TAMS 0x00000000a4700000, 0x00000000a4600000| Untracked 
|  71|0x00000000a4700000, 0x00000000a4800000, 0x00000000a4800000|100%| O|  |TAMS 0x00000000a4800000, 0x00000000a4700000| Untracked 
|  72|0x00000000a4800000, 0x00000000a4900000, 0x00000000a4900000|100%| O|  |TAMS 0x00000000a4900000, 0x00000000a4800000| Untracked 
|  73|0x00000000a4900000, 0x00000000a4900000, 0x00000000a4a00000|  0%| F|  |TAMS 0x00000000a4900000, 0x00000000a4900000| Untracked 
|  74|0x00000000a4a00000, 0x00000000a4b00000, 0x00000000a4b00000|100%| O|  |TAMS 0x00000000a4b00000, 0x00000000a4a00000| Untracked 
|  75|0x00000000a4b00000, 0x00000000a4c00000, 0x00000000a4c00000|100%| O|  |TAMS 0x00000000a4c00000, 0x00000000a4b00000| Untracked 
|  76|0x00000000a4c00000, 0x00000000a4d00000, 0x00000000a4d00000|100%| O|  |TAMS 0x00000000a4c00000, 0x00000000a4c00000| Untracked 
|  77|0x00000000a4d00000, 0x00000000a4d00000, 0x00000000a4e00000|  0%| F|  |TAMS 0x00000000a4d00000, 0x00000000a4d00000| Untracked 
|  78|0x00000000a4e00000, 0x00000000a4f00000, 0x00000000a4f00000|100%| O|  |TAMS 0x00000000a4e00000, 0x00000000a4e00000| Untracked 
|  79|0x00000000a4f00000, 0x00000000a5000000, 0x00000000a5000000|100%| O|  |TAMS 0x00000000a4f00000, 0x00000000a4f00000| Untracked 
|  80|0x00000000a5000000, 0x00000000a5100000, 0x00000000a5100000|100%| O|  |TAMS 0x00000000a5000000, 0x00000000a5000000| Untracked 
|  81|0x00000000a5100000, 0x00000000a5100000, 0x00000000a5200000|  0%| F|  |TAMS 0x00000000a5100000, 0x00000000a5100000| Untracked 
|  82|0x00000000a5200000, 0x00000000a5300000, 0x00000000a5300000|100%| O|  |TAMS 0x00000000a5300000, 0x00000000a5200000| Untracked 
|  83|0x00000000a5300000, 0x00000000a5400000, 0x00000000a5400000|100%| O|  |TAMS 0x00000000a5400000, 0x00000000a5300000| Untracked 
|  84|0x00000000a5400000, 0x00000000a5400000, 0x00000000a5500000|  0%| F|  |TAMS 0x00000000a5400000, 0x00000000a5400000| Untracked 
|  85|0x00000000a5500000, 0x00000000a5600000, 0x00000000a5600000|100%| O|  |TAMS 0x00000000a5600000, 0x00000000a5500000| Untracked 
|  86|0x00000000a5600000, 0x00000000a5600000, 0x00000000a5700000|  0%| F|  |TAMS 0x00000000a5600000, 0x00000000a5600000| Untracked 
|  87|0x00000000a5700000, 0x00000000a5700000, 0x00000000a5800000|  0%| F|  |TAMS 0x00000000a5700000, 0x00000000a5700000| Untracked 
|  88|0x00000000a5800000, 0x00000000a5900000, 0x00000000a5900000|100%| O|  |TAMS 0x00000000a5900000, 0x00000000a5800000| Untracked 
|  89|0x00000000a5900000, 0x00000000a5a00000, 0x00000000a5a00000|100%| O|  |TAMS 0x00000000a5900000, 0x00000000a5900000| Untracked 
|  90|0x00000000a5a00000, 0x00000000a5b00000, 0x00000000a5b00000|100%| O|  |TAMS 0x00000000a5b00000, 0x00000000a5a00000| Untracked 
|  91|0x00000000a5b00000, 0x00000000a5b00000, 0x00000000a5c00000|  0%| F|  |TAMS 0x00000000a5b00000, 0x00000000a5b00000| Untracked 
|  92|0x00000000a5c00000, 0x00000000a5d00000, 0x00000000a5d00000|100%| O|  |TAMS 0x00000000a5d00000, 0x00000000a5c00000| Untracked 
|  93|0x00000000a5d00000, 0x00000000a5d00000, 0x00000000a5e00000|  0%| F|  |TAMS 0x00000000a5d00000, 0x00000000a5d00000| Untracked 
|  94|0x00000000a5e00000, 0x00000000a5f00000, 0x00000000a5f00000|100%| O|  |TAMS 0x00000000a5f00000, 0x00000000a5e00000| Untracked 
|  95|0x00000000a5f00000, 0x00000000a6000000, 0x00000000a6000000|100%| O|  |TAMS 0x00000000a6000000, 0x00000000a5f00000| Untracked 
|  96|0x00000000a6000000, 0x00000000a6000000, 0x00000000a6100000|  0%| F|  |TAMS 0x00000000a6000000, 0x00000000a6000000| Untracked 
|  97|0x00000000a6100000, 0x00000000a6100000, 0x00000000a6200000|  0%| F|  |TAMS 0x00000000a6100000, 0x00000000a6100000| Untracked 
|  98|0x00000000a6200000, 0x00000000a6300000, 0x00000000a6300000|100%| O|  |TAMS 0x00000000a6300000, 0x00000000a6200000| Untracked 
|  99|0x00000000a6300000, 0x00000000a6400000, 0x00000000a6400000|100%|HS|  |TAMS 0x00000000a6400000, 0x00000000a6300000| Complete 
| 100|0x00000000a6400000, 0x00000000a6500000, 0x00000000a6500000|100%|HC|  |TAMS 0x00000000a6500000, 0x00000000a6400000| Complete 
| 101|0x00000000a6500000, 0x00000000a6600000, 0x00000000a6600000|100%| O|  |TAMS 0x00000000a6500000, 0x00000000a6500000| Untracked 
| 102|0x00000000a6600000, 0x00000000a6700000, 0x00000000a6700000|100%|HS|  |TAMS 0x00000000a6700000, 0x00000000a6600000| Complete 
| 103|0x00000000a6700000, 0x00000000a6800000, 0x00000000a6800000|100%|HC|  |TAMS 0x00000000a6800000, 0x00000000a6700000| Complete 
| 104|0x00000000a6800000, 0x00000000a6900000, 0x00000000a6900000|100%|HC|  |TAMS 0x00000000a6900000, 0x00000000a6800000| Complete 
| 105|0x00000000a6900000, 0x00000000a6a00000, 0x00000000a6a00000|100%| O|  |TAMS 0x00000000a6900000, 0x00000000a6900000| Untracked 
| 106|0x00000000a6a00000, 0x00000000a6b00000, 0x00000000a6b00000|100%| O|  |TAMS 0x00000000a6b00000, 0x00000000a6a00000| Untracked 
| 107|0x00000000a6b00000, 0x00000000a6c00000, 0x00000000a6c00000|100%| O|  |TAMS 0x00000000a6c00000, 0x00000000a6b00000| Untracked 
| 108|0x00000000a6c00000, 0x00000000a6d00000, 0x00000000a6d00000|100%| O|  |TAMS 0x00000000a6d00000, 0x00000000a6c00000| Untracked 
| 109|0x00000000a6d00000, 0x00000000a6e00000, 0x00000000a6e00000|100%| O|  |TAMS 0x00000000a6d00000, 0x00000000a6d00000| Untracked 
| 110|0x00000000a6e00000, 0x00000000a6e00000, 0x00000000a6f00000|  0%| F|  |TAMS 0x00000000a6e00000, 0x00000000a6e00000| Untracked 
| 111|0x00000000a6f00000, 0x00000000a6f00000, 0x00000000a7000000|  0%| F|  |TAMS 0x00000000a6f00000, 0x00000000a6f00000| Untracked 
| 112|0x00000000a7000000, 0x00000000a7100000, 0x00000000a7100000|100%| O|  |TAMS 0x00000000a7100000, 0x00000000a7000000| Untracked 
| 113|0x00000000a7100000, 0x00000000a7100000, 0x00000000a7200000|  0%| F|  |TAMS 0x00000000a7100000, 0x00000000a7100000| Untracked 
| 114|0x00000000a7200000, 0x00000000a7200000, 0x00000000a7300000|  0%| F|  |TAMS 0x00000000a7200000, 0x00000000a7200000| Untracked 
| 115|0x00000000a7300000, 0x00000000a7300000, 0x00000000a7400000|  0%| F|  |TAMS 0x00000000a7300000, 0x00000000a7300000| Untracked 
| 116|0x00000000a7400000, 0x00000000a7500000, 0x00000000a7500000|100%|HS|  |TAMS 0x00000000a7500000, 0x00000000a7400000| Complete 
| 117|0x00000000a7500000, 0x00000000a7600000, 0x00000000a7600000|100%|HC|  |TAMS 0x00000000a7600000, 0x00000000a7500000| Complete 
| 118|0x00000000a7600000, 0x00000000a7700000, 0x00000000a7700000|100%|HC|  |TAMS 0x00000000a7700000, 0x00000000a7600000| Complete 
| 119|0x00000000a7700000, 0x00000000a7800000, 0x00000000a7800000|100%|HC|  |TAMS 0x00000000a7800000, 0x00000000a7700000| Complete 
| 120|0x00000000a7800000, 0x00000000a7800000, 0x00000000a7900000|  0%| F|  |TAMS 0x00000000a7800000, 0x00000000a7800000| Untracked 
| 121|0x00000000a7900000, 0x00000000a7a00000, 0x00000000a7a00000|100%| O|  |TAMS 0x00000000a7900000, 0x00000000a7900000| Untracked 
| 122|0x00000000a7a00000, 0x00000000a7b00000, 0x00000000a7b00000|100%| O|  |TAMS 0x00000000a7a00000, 0x00000000a7a00000| Untracked 
| 123|0x00000000a7b00000, 0x00000000a7c00000, 0x00000000a7c00000|100%| O|  |TAMS 0x00000000a7b00000, 0x00000000a7b00000| Untracked 
| 124|0x00000000a7c00000, 0x00000000a7d00000, 0x00000000a7d00000|100%|HS|  |TAMS 0x00000000a7d00000, 0x00000000a7c00000| Complete 
| 125|0x00000000a7d00000, 0x00000000a7e00000, 0x00000000a7e00000|100%|HS|  |TAMS 0x00000000a7e00000, 0x00000000a7d00000| Complete 
| 126|0x00000000a7e00000, 0x00000000a7f00000, 0x00000000a7f00000|100%|HC|  |TAMS 0x00000000a7f00000, 0x00000000a7e00000| Complete 
| 127|0x00000000a7f00000, 0x00000000a7f00000, 0x00000000a8000000|  0%| F|  |TAMS 0x00000000a7f00000, 0x00000000a7f00000| Untracked 
| 128|0x00000000a8000000, 0x00000000a8000000, 0x00000000a8100000|  0%| F|  |TAMS 0x00000000a8000000, 0x00000000a8000000| Untracked 
| 129|0x00000000a8100000, 0x00000000a8200000, 0x00000000a8200000|100%| O|  |TAMS 0x00000000a8100000, 0x00000000a8100000| Untracked 
| 130|0x00000000a8200000, 0x00000000a8300000, 0x00000000a8300000|100%|HS|  |TAMS 0x00000000a8300000, 0x00000000a8200000| Complete 
| 131|0x00000000a8300000, 0x00000000a8400000, 0x00000000a8400000|100%|HC|  |TAMS 0x00000000a8400000, 0x00000000a8300000| Complete 
| 132|0x00000000a8400000, 0x00000000a8500000, 0x00000000a8500000|100%|HC|  |TAMS 0x00000000a8500000, 0x00000000a8400000| Complete 
| 133|0x00000000a8500000, 0x00000000a8600000, 0x00000000a8600000|100%|HC|  |TAMS 0x00000000a8600000, 0x00000000a8500000| Complete 
| 134|0x00000000a8600000, 0x00000000a8600000, 0x00000000a8700000|  0%| F|  |TAMS 0x00000000a8600000, 0x00000000a8600000| Untracked 
| 135|0x00000000a8700000, 0x00000000a8700000, 0x00000000a8800000|  0%| F|  |TAMS 0x00000000a8700000, 0x00000000a8700000| Untracked 
| 136|0x00000000a8800000, 0x00000000a8900000, 0x00000000a8900000|100%| O|  |TAMS 0x00000000a8900000, 0x00000000a8800000| Untracked 
| 137|0x00000000a8900000, 0x00000000a8a00000, 0x00000000a8a00000|100%| O|  |TAMS 0x00000000a8a00000, 0x00000000a8900000| Untracked 
| 138|0x00000000a8a00000, 0x00000000a8b00000, 0x00000000a8b00000|100%| O|  |TAMS 0x00000000a8b00000, 0x00000000a8a00000| Untracked 
| 139|0x00000000a8b00000, 0x00000000a8c00000, 0x00000000a8c00000|100%| O|  |TAMS 0x00000000a8c00000, 0x00000000a8b00000| Untracked 
| 140|0x00000000a8c00000, 0x00000000a8d00000, 0x00000000a8d00000|100%| O|  |TAMS 0x00000000a8d00000, 0x00000000a8c00000| Untracked 
| 141|0x00000000a8d00000, 0x00000000a8e00000, 0x00000000a8e00000|100%| O|  |TAMS 0x00000000a8e00000, 0x00000000a8d00000| Untracked 
| 142|0x00000000a8e00000, 0x00000000a8f00000, 0x00000000a8f00000|100%| O|  |TAMS 0x00000000a8f00000, 0x00000000a8e00000| Untracked 
| 143|0x00000000a8f00000, 0x00000000a9000000, 0x00000000a9000000|100%| O|  |TAMS 0x00000000a8f00000, 0x00000000a8f00000| Untracked 
| 144|0x00000000a9000000, 0x00000000a9100000, 0x00000000a9100000|100%| O|  |TAMS 0x00000000a9000000, 0x00000000a9000000| Untracked 
| 145|0x00000000a9100000, 0x00000000a9200000, 0x00000000a9200000|100%| O|  |TAMS 0x00000000a9200000, 0x00000000a9100000| Untracked 
| 146|0x00000000a9200000, 0x00000000a9300000, 0x00000000a9300000|100%| O|  |TAMS 0x00000000a9200000, 0x00000000a9200000| Untracked 
| 147|0x00000000a9300000, 0x00000000a9400000, 0x00000000a9400000|100%| O|  |TAMS 0x00000000a9300000, 0x00000000a9300000| Untracked 
| 148|0x00000000a9400000, 0x00000000a9500000, 0x00000000a9500000|100%| O|  |TAMS 0x00000000a9400000, 0x00000000a9400000| Untracked 
| 149|0x00000000a9500000, 0x00000000a9600000, 0x00000000a9600000|100%| O|  |TAMS 0x00000000a9500000, 0x00000000a9500000| Untracked 
| 150|0x00000000a9600000, 0x00000000a9700000, 0x00000000a9700000|100%| O|  |TAMS 0x00000000a9600000, 0x00000000a9600000| Untracked 
| 151|0x00000000a9700000, 0x00000000a9700000, 0x00000000a9800000|  0%| F|  |TAMS 0x00000000a9700000, 0x00000000a9700000| Untracked 
| 152|0x00000000a9800000, 0x00000000a9900000, 0x00000000a9900000|100%| O|  |TAMS 0x00000000a9900000, 0x00000000a9800000| Untracked 
| 153|0x00000000a9900000, 0x00000000a9900000, 0x00000000a9a00000|  0%| F|  |TAMS 0x00000000a9900000, 0x00000000a9900000| Untracked 
| 154|0x00000000a9a00000, 0x00000000a9b00000, 0x00000000a9b00000|100%| O|  |TAMS 0x00000000a9b00000, 0x00000000a9a00000| Untracked 
| 155|0x00000000a9b00000, 0x00000000a9c00000, 0x00000000a9c00000|100%| O|  |TAMS 0x00000000a9b00000, 0x00000000a9b00000| Untracked 
| 156|0x00000000a9c00000, 0x00000000a9d00000, 0x00000000a9d00000|100%| O|  |TAMS 0x00000000a9d00000, 0x00000000a9c00000| Untracked 
| 157|0x00000000a9d00000, 0x00000000a9d00000, 0x00000000a9e00000|  0%| F|  |TAMS 0x00000000a9d00000, 0x00000000a9d00000| Untracked 
| 158|0x00000000a9e00000, 0x00000000a9f00000, 0x00000000a9f00000|100%| O|  |TAMS 0x00000000a9e00000, 0x00000000a9e00000| Untracked 
| 159|0x00000000a9f00000, 0x00000000aa000000, 0x00000000aa000000|100%| O|  |TAMS 0x00000000a9f00000, 0x00000000a9f00000| Untracked 
| 160|0x00000000aa000000, 0x00000000aa100000, 0x00000000aa100000|100%| O|  |TAMS 0x00000000aa000000, 0x00000000aa000000| Untracked 
| 161|0x00000000aa100000, 0x00000000aa100000, 0x00000000aa200000|  0%| F|  |TAMS 0x00000000aa100000, 0x00000000aa100000| Untracked 
| 162|0x00000000aa200000, 0x00000000aa300000, 0x00000000aa300000|100%| O|  |TAMS 0x00000000aa200000, 0x00000000aa200000| Untracked 
| 163|0x00000000aa300000, 0x00000000aa400000, 0x00000000aa400000|100%| O|  |TAMS 0x00000000aa300000, 0x00000000aa300000| Untracked 
| 164|0x00000000aa400000, 0x00000000aa500000, 0x00000000aa500000|100%| O|  |TAMS 0x00000000aa500000, 0x00000000aa400000| Untracked 
| 165|0x00000000aa500000, 0x00000000aa600000, 0x00000000aa600000|100%| O|  |TAMS 0x00000000aa500000, 0x00000000aa500000| Untracked 
| 166|0x00000000aa600000, 0x00000000aa700000, 0x00000000aa700000|100%| O|  |TAMS 0x00000000aa600000, 0x00000000aa600000| Untracked 
| 167|0x00000000aa700000, 0x00000000aa800000, 0x00000000aa800000|100%| O|  |TAMS 0x00000000aa700000, 0x00000000aa700000| Untracked 
| 168|0x00000000aa800000, 0x00000000aa900000, 0x00000000aa900000|100%| O|  |TAMS 0x00000000aa800000, 0x00000000aa800000| Untracked 
| 169|0x00000000aa900000, 0x00000000aaa00000, 0x00000000aaa00000|100%| O|  |TAMS 0x00000000aa900000, 0x00000000aa900000| Untracked 
| 170|0x00000000aaa00000, 0x00000000aab00000, 0x00000000aab00000|100%| O|  |TAMS 0x00000000aaa00000, 0x00000000aaa00000| Untracked 
| 171|0x00000000aab00000, 0x00000000aab00000, 0x00000000aac00000|  0%| F|  |TAMS 0x00000000aab00000, 0x00000000aab00000| Untracked 
| 172|0x00000000aac00000, 0x00000000aac00000, 0x00000000aad00000|  0%| F|  |TAMS 0x00000000aac00000, 0x00000000aac00000| Untracked 
| 173|0x00000000aad00000, 0x00000000aad00000, 0x00000000aae00000|  0%| F|  |TAMS 0x00000000aad00000, 0x00000000aad00000| Untracked 
| 174|0x00000000aae00000, 0x00000000aae00000, 0x00000000aaf00000|  0%| F|  |TAMS 0x00000000aae00000, 0x00000000aae00000| Untracked 
| 175|0x00000000aaf00000, 0x00000000aaf00000, 0x00000000ab000000|  0%| F|  |TAMS 0x00000000aaf00000, 0x00000000aaf00000| Untracked 
| 176|0x00000000ab000000, 0x00000000ab000000, 0x00000000ab100000|  0%| F|  |TAMS 0x00000000ab000000, 0x00000000ab000000| Untracked 
| 177|0x00000000ab100000, 0x00000000ab100000, 0x00000000ab200000|  0%| F|  |TAMS 0x00000000ab100000, 0x00000000ab100000| Untracked 
| 178|0x00000000ab200000, 0x00000000ab200000, 0x00000000ab300000|  0%| F|  |TAMS 0x00000000ab200000, 0x00000000ab200000| Untracked 
| 179|0x00000000ab300000, 0x00000000ab300000, 0x00000000ab400000|  0%| F|  |TAMS 0x00000000ab300000, 0x00000000ab300000| Untracked 
| 180|0x00000000ab400000, 0x00000000ab400000, 0x00000000ab500000|  0%| F|  |TAMS 0x00000000ab400000, 0x00000000ab400000| Untracked 
| 181|0x00000000ab500000, 0x00000000ab500000, 0x00000000ab600000|  0%| F|  |TAMS 0x00000000ab500000, 0x00000000ab500000| Untracked 
| 182|0x00000000ab600000, 0x00000000ab600000, 0x00000000ab700000|  0%| F|  |TAMS 0x00000000ab600000, 0x00000000ab600000| Untracked 
| 183|0x00000000ab700000, 0x00000000ab700000, 0x00000000ab800000|  0%| F|  |TAMS 0x00000000ab700000, 0x00000000ab700000| Untracked 
| 184|0x00000000ab800000, 0x00000000ab900000, 0x00000000ab900000|100%| O|  |TAMS 0x00000000ab900000, 0x00000000ab800000| Untracked 
| 185|0x00000000ab900000, 0x00000000ab900000, 0x00000000aba00000|  0%| F|  |TAMS 0x00000000ab900000, 0x00000000ab900000| Untracked 
| 186|0x00000000aba00000, 0x00000000aba00000, 0x00000000abb00000|  0%| F|  |TAMS 0x00000000aba00000, 0x00000000aba00000| Untracked 
| 187|0x00000000abb00000, 0x00000000abb00000, 0x00000000abc00000|  0%| F|  |TAMS 0x00000000abb00000, 0x00000000abb00000| Untracked 
| 188|0x00000000abc00000, 0x00000000abc00000, 0x00000000abd00000|  0%| F|  |TAMS 0x00000000abc00000, 0x00000000abc00000| Untracked 
| 189|0x00000000abd00000, 0x00000000abd00000, 0x00000000abe00000|  0%| F|  |TAMS 0x00000000abd00000, 0x00000000abd00000| Untracked 
| 190|0x00000000abe00000, 0x00000000abe00000, 0x00000000abf00000|  0%| F|  |TAMS 0x00000000abe00000, 0x00000000abe00000| Untracked 
| 191|0x00000000abf00000, 0x00000000abf00000, 0x00000000ac000000|  0%| F|  |TAMS 0x00000000abf00000, 0x00000000abf00000| Untracked 
| 192|0x00000000ac000000, 0x00000000ac000000, 0x00000000ac100000|  0%| F|  |TAMS 0x00000000ac000000, 0x00000000ac000000| Untracked 
| 193|0x00000000ac100000, 0x00000000ac200000, 0x00000000ac200000|100%| O|  |TAMS 0x00000000ac200000, 0x00000000ac100000| Untracked 
| 194|0x00000000ac200000, 0x00000000ac200000, 0x00000000ac300000|  0%| F|  |TAMS 0x00000000ac200000, 0x00000000ac200000| Untracked 
| 195|0x00000000ac300000, 0x00000000ac300000, 0x00000000ac400000|  0%| F|  |TAMS 0x00000000ac300000, 0x00000000ac300000| Untracked 
| 196|0x00000000ac400000, 0x00000000ac400000, 0x00000000ac500000|  0%| F|  |TAMS 0x00000000ac400000, 0x00000000ac400000| Untracked 
| 197|0x00000000ac500000, 0x00000000ac500000, 0x00000000ac600000|  0%| F|  |TAMS 0x00000000ac500000, 0x00000000ac500000| Untracked 
| 198|0x00000000ac600000, 0x00000000ac600000, 0x00000000ac700000|  0%| F|  |TAMS 0x00000000ac600000, 0x00000000ac600000| Untracked 
| 199|0x00000000ac700000, 0x00000000ac700000, 0x00000000ac800000|  0%| F|  |TAMS 0x00000000ac700000, 0x00000000ac700000| Untracked 
| 200|0x00000000ac800000, 0x00000000ac800000, 0x00000000ac900000|  0%| F|  |TAMS 0x00000000ac800000, 0x00000000ac800000| Untracked 
| 201|0x00000000ac900000, 0x00000000ac900000, 0x00000000aca00000|  0%| F|  |TAMS 0x00000000ac900000, 0x00000000ac900000| Untracked 
| 202|0x00000000aca00000, 0x00000000aca00000, 0x00000000acb00000|  0%| F|  |TAMS 0x00000000aca00000, 0x00000000aca00000| Untracked 
| 203|0x00000000acb00000, 0x00000000acb00000, 0x00000000acc00000|  0%| F|  |TAMS 0x00000000acb00000, 0x00000000acb00000| Untracked 
| 204|0x00000000acc00000, 0x00000000acc00000, 0x00000000acd00000|  0%| F|  |TAMS 0x00000000acc00000, 0x00000000acc00000| Untracked 
| 205|0x00000000acd00000, 0x00000000acd00000, 0x00000000ace00000|  0%| F|  |TAMS 0x00000000acd00000, 0x00000000acd00000| Untracked 
| 206|0x00000000ace00000, 0x00000000ace00000, 0x00000000acf00000|  0%| F|  |TAMS 0x00000000ace00000, 0x00000000ace00000| Untracked 
| 207|0x00000000acf00000, 0x00000000acf00000, 0x00000000ad000000|  0%| F|  |TAMS 0x00000000acf00000, 0x00000000acf00000| Untracked 
| 208|0x00000000ad000000, 0x00000000ad000000, 0x00000000ad100000|  0%| F|  |TAMS 0x00000000ad000000, 0x00000000ad000000| Untracked 
| 209|0x00000000ad100000, 0x00000000ad100000, 0x00000000ad200000|  0%| F|  |TAMS 0x00000000ad100000, 0x00000000ad100000| Untracked 
| 210|0x00000000ad200000, 0x00000000ad200000, 0x00000000ad300000|  0%| F|  |TAMS 0x00000000ad200000, 0x00000000ad200000| Untracked 
| 211|0x00000000ad300000, 0x00000000ad300000, 0x00000000ad400000|  0%| F|  |TAMS 0x00000000ad300000, 0x00000000ad300000| Untracked 
| 212|0x00000000ad400000, 0x00000000ad400000, 0x00000000ad500000|  0%| F|  |TAMS 0x00000000ad400000, 0x00000000ad400000| Untracked 
| 213|0x00000000ad500000, 0x00000000ad500000, 0x00000000ad600000|  0%| F|  |TAMS 0x00000000ad500000, 0x00000000ad500000| Untracked 
| 214|0x00000000ad600000, 0x00000000ad600000, 0x00000000ad700000|  0%| F|  |TAMS 0x00000000ad600000, 0x00000000ad600000| Untracked 
| 215|0x00000000ad700000, 0x00000000ad700000, 0x00000000ad800000|  0%| F|  |TAMS 0x00000000ad700000, 0x00000000ad700000| Untracked 
| 216|0x00000000ad800000, 0x00000000ad800000, 0x00000000ad900000|  0%| F|  |TAMS 0x00000000ad800000, 0x00000000ad800000| Untracked 
| 217|0x00000000ad900000, 0x00000000ad900000, 0x00000000ada00000|  0%| F|  |TAMS 0x00000000ad900000, 0x00000000ad900000| Untracked 
| 218|0x00000000ada00000, 0x00000000ada00000, 0x00000000adb00000|  0%| F|  |TAMS 0x00000000ada00000, 0x00000000ada00000| Untracked 
| 219|0x00000000adb00000, 0x00000000adb00000, 0x00000000adc00000|  0%| F|  |TAMS 0x00000000adb00000, 0x00000000adb00000| Untracked 
| 220|0x00000000adc00000, 0x00000000adc00000, 0x00000000add00000|  0%| F|  |TAMS 0x00000000adc00000, 0x00000000adc00000| Untracked 
| 221|0x00000000add00000, 0x00000000add00000, 0x00000000ade00000|  0%| F|  |TAMS 0x00000000add00000, 0x00000000add00000| Untracked 
| 222|0x00000000ade00000, 0x00000000ade00000, 0x00000000adf00000|  0%| F|  |TAMS 0x00000000ade00000, 0x00000000ade00000| Untracked 
| 223|0x00000000adf00000, 0x00000000adf00000, 0x00000000ae000000|  0%| F|  |TAMS 0x00000000adf00000, 0x00000000adf00000| Untracked 
| 224|0x00000000ae000000, 0x00000000ae000000, 0x00000000ae100000|  0%| F|  |TAMS 0x00000000ae000000, 0x00000000ae000000| Untracked 
| 225|0x00000000ae100000, 0x00000000ae100000, 0x00000000ae200000|  0%| F|  |TAMS 0x00000000ae100000, 0x00000000ae100000| Untracked 
| 226|0x00000000ae200000, 0x00000000ae200000, 0x00000000ae300000|  0%| F|  |TAMS 0x00000000ae200000, 0x00000000ae200000| Untracked 
| 227|0x00000000ae300000, 0x00000000ae300000, 0x00000000ae400000|  0%| F|  |TAMS 0x00000000ae300000, 0x00000000ae300000| Untracked 
| 228|0x00000000ae400000, 0x00000000ae400000, 0x00000000ae500000|  0%| F|  |TAMS 0x00000000ae400000, 0x00000000ae400000| Untracked 
| 229|0x00000000ae500000, 0x00000000ae500000, 0x00000000ae600000|  0%| F|  |TAMS 0x00000000ae500000, 0x00000000ae500000| Untracked 
| 230|0x00000000ae600000, 0x00000000ae600000, 0x00000000ae700000|  0%| F|  |TAMS 0x00000000ae600000, 0x00000000ae600000| Untracked 
| 231|0x00000000ae700000, 0x00000000ae700000, 0x00000000ae800000|  0%| F|  |TAMS 0x00000000ae700000, 0x00000000ae700000| Untracked 
| 232|0x00000000ae800000, 0x00000000ae800000, 0x00000000ae900000|  0%| F|  |TAMS 0x00000000ae800000, 0x00000000ae800000| Untracked 
| 233|0x00000000ae900000, 0x00000000ae900000, 0x00000000aea00000|  0%| F|  |TAMS 0x00000000ae900000, 0x00000000ae900000| Untracked 
| 234|0x00000000aea00000, 0x00000000aea00000, 0x00000000aeb00000|  0%| F|  |TAMS 0x00000000aea00000, 0x00000000aea00000| Untracked 
| 235|0x00000000aeb00000, 0x00000000aeb00000, 0x00000000aec00000|  0%| F|  |TAMS 0x00000000aeb00000, 0x00000000aeb00000| Untracked 
| 236|0x00000000aec00000, 0x00000000aec00000, 0x00000000aed00000|  0%| F|  |TAMS 0x00000000aec00000, 0x00000000aec00000| Untracked 
| 237|0x00000000aed00000, 0x00000000aed00000, 0x00000000aee00000|  0%| F|  |TAMS 0x00000000aed00000, 0x00000000aed00000| Untracked 
| 238|0x00000000aee00000, 0x00000000aee00000, 0x00000000aef00000|  0%| F|  |TAMS 0x00000000aee00000, 0x00000000aee00000| Untracked 
| 239|0x00000000aef00000, 0x00000000aef00000, 0x00000000af000000|  0%| F|  |TAMS 0x00000000aef00000, 0x00000000aef00000| Untracked 
| 240|0x00000000af000000, 0x00000000af000000, 0x00000000af100000|  0%| F|  |TAMS 0x00000000af000000, 0x00000000af000000| Untracked 
| 241|0x00000000af100000, 0x00000000af100000, 0x00000000af200000|  0%| F|  |TAMS 0x00000000af100000, 0x00000000af100000| Untracked 
| 242|0x00000000af200000, 0x00000000af200000, 0x00000000af300000|  0%| F|  |TAMS 0x00000000af200000, 0x00000000af200000| Untracked 
| 243|0x00000000af300000, 0x00000000af300000, 0x00000000af400000|  0%| F|  |TAMS 0x00000000af300000, 0x00000000af300000| Untracked 
| 244|0x00000000af400000, 0x00000000af400000, 0x00000000af500000|  0%| F|  |TAMS 0x00000000af400000, 0x00000000af400000| Untracked 
| 245|0x00000000af500000, 0x00000000af500000, 0x00000000af600000|  0%| F|  |TAMS 0x00000000af500000, 0x00000000af500000| Untracked 
| 246|0x00000000af600000, 0x00000000af600000, 0x00000000af700000|  0%| F|  |TAMS 0x00000000af600000, 0x00000000af600000| Untracked 
| 247|0x00000000af700000, 0x00000000af700000, 0x00000000af800000|  0%| F|  |TAMS 0x00000000af700000, 0x00000000af700000| Untracked 
| 248|0x00000000af800000, 0x00000000af800000, 0x00000000af900000|  0%| F|  |TAMS 0x00000000af800000, 0x00000000af800000| Untracked 
| 249|0x00000000af900000, 0x00000000af900000, 0x00000000afa00000|  0%| F|  |TAMS 0x00000000af900000, 0x00000000af900000| Untracked 
| 250|0x00000000afa00000, 0x00000000afa00000, 0x00000000afb00000|  0%| F|  |TAMS 0x00000000afa00000, 0x00000000afa00000| Untracked 
| 251|0x00000000afb00000, 0x00000000afb00000, 0x00000000afc00000|  0%| F|  |TAMS 0x00000000afb00000, 0x00000000afb00000| Untracked 
| 252|0x00000000afc00000, 0x00000000afc00000, 0x00000000afd00000|  0%| F|  |TAMS 0x00000000afc00000, 0x00000000afc00000| Untracked 
| 253|0x00000000afd00000, 0x00000000afd00000, 0x00000000afe00000|  0%| F|  |TAMS 0x00000000afd00000, 0x00000000afd00000| Untracked 
| 254|0x00000000afe00000, 0x00000000afe00000, 0x00000000aff00000|  0%| F|  |TAMS 0x00000000afe00000, 0x00000000afe00000| Untracked 
| 255|0x00000000aff00000, 0x00000000aff00000, 0x00000000b0000000|  0%| F|  |TAMS 0x00000000aff00000, 0x00000000aff00000| Untracked 
| 256|0x00000000b0000000, 0x00000000b0000000, 0x00000000b0100000|  0%| F|  |TAMS 0x00000000b0000000, 0x00000000b0000000| Untracked 
| 257|0x00000000b0100000, 0x00000000b0100000, 0x00000000b0200000|  0%| F|  |TAMS 0x00000000b0100000, 0x00000000b0100000| Untracked 
| 258|0x00000000b0200000, 0x00000000b0300000, 0x00000000b0300000|100%| O|  |TAMS 0x00000000b0300000, 0x00000000b0200000| Untracked 
| 259|0x00000000b0300000, 0x00000000b0300000, 0x00000000b0400000|  0%| F|  |TAMS 0x00000000b0300000, 0x00000000b0300000| Untracked 
| 260|0x00000000b0400000, 0x00000000b0500000, 0x00000000b0500000|100%| O|  |TAMS 0x00000000b0500000, 0x00000000b0400000| Untracked 
| 261|0x00000000b0500000, 0x00000000b0500000, 0x00000000b0600000|  0%| F|  |TAMS 0x00000000b0500000, 0x00000000b0500000| Untracked 
| 262|0x00000000b0600000, 0x00000000b0600000, 0x00000000b0700000|  0%| F|  |TAMS 0x00000000b0600000, 0x00000000b0600000| Untracked 
| 263|0x00000000b0700000, 0x00000000b0700000, 0x00000000b0800000|  0%| F|  |TAMS 0x00000000b0700000, 0x00000000b0700000| Untracked 
| 264|0x00000000b0800000, 0x00000000b0800000, 0x00000000b0900000|  0%| F|  |TAMS 0x00000000b0800000, 0x00000000b0800000| Untracked 
| 265|0x00000000b0900000, 0x00000000b0900000, 0x00000000b0a00000|  0%| F|  |TAMS 0x00000000b0900000, 0x00000000b0900000| Untracked 
| 266|0x00000000b0a00000, 0x00000000b0a00000, 0x00000000b0b00000|  0%| F|  |TAMS 0x00000000b0a00000, 0x00000000b0a00000| Untracked 
| 267|0x00000000b0b00000, 0x00000000b0b00000, 0x00000000b0c00000|  0%| F|  |TAMS 0x00000000b0b00000, 0x00000000b0b00000| Untracked 
| 268|0x00000000b0c00000, 0x00000000b0c00000, 0x00000000b0d00000|  0%| F|  |TAMS 0x00000000b0c00000, 0x00000000b0c00000| Untracked 
| 269|0x00000000b0d00000, 0x00000000b0d00000, 0x00000000b0e00000|  0%| F|  |TAMS 0x00000000b0d00000, 0x00000000b0d00000| Untracked 
| 270|0x00000000b0e00000, 0x00000000b0e00000, 0x00000000b0f00000|  0%| F|  |TAMS 0x00000000b0e00000, 0x00000000b0e00000| Untracked 
| 271|0x00000000b0f00000, 0x00000000b0f00000, 0x00000000b1000000|  0%| F|  |TAMS 0x00000000b0f00000, 0x00000000b0f00000| Untracked 
| 272|0x00000000b1000000, 0x00000000b1000000, 0x00000000b1100000|  0%| F|  |TAMS 0x00000000b1000000, 0x00000000b1000000| Untracked 
| 273|0x00000000b1100000, 0x00000000b1100000, 0x00000000b1200000|  0%| F|  |TAMS 0x00000000b1100000, 0x00000000b1100000| Untracked 
| 274|0x00000000b1200000, 0x00000000b1200000, 0x00000000b1300000|  0%| F|  |TAMS 0x00000000b1200000, 0x00000000b1200000| Untracked 
| 275|0x00000000b1300000, 0x00000000b1300000, 0x00000000b1400000|  0%| F|  |TAMS 0x00000000b1300000, 0x00000000b1300000| Untracked 
| 276|0x00000000b1400000, 0x00000000b1400000, 0x00000000b1500000|  0%| F|  |TAMS 0x00000000b1400000, 0x00000000b1400000| Untracked 
| 277|0x00000000b1500000, 0x00000000b1500000, 0x00000000b1600000|  0%| F|  |TAMS 0x00000000b1500000, 0x00000000b1500000| Untracked 
| 278|0x00000000b1600000, 0x00000000b1600000, 0x00000000b1700000|  0%| F|  |TAMS 0x00000000b1600000, 0x00000000b1600000| Untracked 
| 279|0x00000000b1700000, 0x00000000b1700000, 0x00000000b1800000|  0%| F|  |TAMS 0x00000000b1700000, 0x00000000b1700000| Untracked 
| 280|0x00000000b1800000, 0x00000000b1800000, 0x00000000b1900000|  0%| F|  |TAMS 0x00000000b1800000, 0x00000000b1800000| Untracked 
| 281|0x00000000b1900000, 0x00000000b1900000, 0x00000000b1a00000|  0%| F|  |TAMS 0x00000000b1900000, 0x00000000b1900000| Untracked 
| 282|0x00000000b1a00000, 0x00000000b1a00000, 0x00000000b1b00000|  0%| F|  |TAMS 0x00000000b1a00000, 0x00000000b1a00000| Untracked 
| 283|0x00000000b1b00000, 0x00000000b1b00000, 0x00000000b1c00000|  0%| F|  |TAMS 0x00000000b1b00000, 0x00000000b1b00000| Untracked 
| 284|0x00000000b1c00000, 0x00000000b1c00000, 0x00000000b1d00000|  0%| F|  |TAMS 0x00000000b1c00000, 0x00000000b1c00000| Untracked 
| 285|0x00000000b1d00000, 0x00000000b1d00000, 0x00000000b1e00000|  0%| F|  |TAMS 0x00000000b1d00000, 0x00000000b1d00000| Untracked 
| 286|0x00000000b1e00000, 0x00000000b1e8b6c8, 0x00000000b1f00000| 54%| E|  |TAMS 0x00000000b1e00000, 0x00000000b1e00000| Complete 
| 287|0x00000000b1f00000, 0x00000000b2000000, 0x00000000b2000000|100%| E|CS|TAMS 0x00000000b1f00000, 0x00000000b1f00000| Complete 
| 288|0x00000000b2000000, 0x00000000b2100000, 0x00000000b2100000|100%| E|CS|TAMS 0x00000000b2000000, 0x00000000b2000000| Complete 
| 289|0x00000000b2100000, 0x00000000b2200000, 0x00000000b2200000|100%| E|CS|TAMS 0x00000000b2100000, 0x00000000b2100000| Complete 
| 290|0x00000000b2200000, 0x00000000b2300000, 0x00000000b2300000|100%| E|CS|TAMS 0x00000000b2200000, 0x00000000b2200000| Complete 
| 291|0x00000000b2300000, 0x00000000b2400000, 0x00000000b2400000|100%| E|CS|TAMS 0x00000000b2300000, 0x00000000b2300000| Complete 
| 292|0x00000000b2400000, 0x00000000b2500000, 0x00000000b2500000|100%| E|CS|TAMS 0x00000000b2400000, 0x00000000b2400000| Complete 
| 293|0x00000000b2500000, 0x00000000b2600000, 0x00000000b2600000|100%| E|CS|TAMS 0x00000000b2500000, 0x00000000b2500000| Complete 
| 294|0x00000000b2600000, 0x00000000b2700000, 0x00000000b2700000|100%| E|CS|TAMS 0x00000000b2600000, 0x00000000b2600000| Complete 
| 295|0x00000000b2700000, 0x00000000b2800000, 0x00000000b2800000|100%| E|CS|TAMS 0x00000000b2700000, 0x00000000b2700000| Complete 
| 296|0x00000000b2800000, 0x00000000b2900000, 0x00000000b2900000|100%| E|CS|TAMS 0x00000000b2800000, 0x00000000b2800000| Complete 
| 297|0x00000000b2900000, 0x00000000b2a00000, 0x00000000b2a00000|100%| E|CS|TAMS 0x00000000b2900000, 0x00000000b2900000| Complete 
| 298|0x00000000b2a00000, 0x00000000b2b00000, 0x00000000b2b00000|100%| E|CS|TAMS 0x00000000b2a00000, 0x00000000b2a00000| Complete 
| 299|0x00000000b2b00000, 0x00000000b2c00000, 0x00000000b2c00000|100%| E|CS|TAMS 0x00000000b2b00000, 0x00000000b2b00000| Complete 
| 300|0x00000000b2c00000, 0x00000000b2d00000, 0x00000000b2d00000|100%| E|CS|TAMS 0x00000000b2c00000, 0x00000000b2c00000| Complete 
| 301|0x00000000b2d00000, 0x00000000b2e00000, 0x00000000b2e00000|100%| E|CS|TAMS 0x00000000b2d00000, 0x00000000b2d00000| Complete 
| 302|0x00000000b2e00000, 0x00000000b2f00000, 0x00000000b2f00000|100%| E|CS|TAMS 0x00000000b2e00000, 0x00000000b2e00000| Complete 
| 303|0x00000000b2f00000, 0x00000000b3000000, 0x00000000b3000000|100%| E|CS|TAMS 0x00000000b2f00000, 0x00000000b2f00000| Complete 
| 304|0x00000000b3000000, 0x00000000b3100000, 0x00000000b3100000|100%| E|CS|TAMS 0x00000000b3000000, 0x00000000b3000000| Complete 
| 305|0x00000000b3100000, 0x00000000b3200000, 0x00000000b3200000|100%| E|CS|TAMS 0x00000000b3100000, 0x00000000b3100000| Complete 
| 306|0x00000000b3200000, 0x00000000b3300000, 0x00000000b3300000|100%| E|CS|TAMS 0x00000000b3200000, 0x00000000b3200000| Complete 
| 307|0x00000000b3300000, 0x00000000b3400000, 0x00000000b3400000|100%| E|CS|TAMS 0x00000000b3300000, 0x00000000b3300000| Complete 
| 308|0x00000000b3400000, 0x00000000b3500000, 0x00000000b3500000|100%| E|CS|TAMS 0x00000000b3400000, 0x00000000b3400000| Complete 
| 309|0x00000000b3500000, 0x00000000b3600000, 0x00000000b3600000|100%| E|CS|TAMS 0x00000000b3500000, 0x00000000b3500000| Complete 
| 310|0x00000000b3600000, 0x00000000b3700000, 0x00000000b3700000|100%| E|CS|TAMS 0x00000000b3600000, 0x00000000b3600000| Complete 
| 311|0x00000000b3700000, 0x00000000b3800000, 0x00000000b3800000|100%| E|CS|TAMS 0x00000000b3700000, 0x00000000b3700000| Complete 
| 312|0x00000000b3800000, 0x00000000b3900000, 0x00000000b3900000|100%| E|CS|TAMS 0x00000000b3800000, 0x00000000b3800000| Complete 
| 313|0x00000000b3900000, 0x00000000b3a00000, 0x00000000b3a00000|100%| S|CS|TAMS 0x00000000b3900000, 0x00000000b3900000| Complete 
| 314|0x00000000b3a00000, 0x00000000b3b00000, 0x00000000b3b00000|100%| S|CS|TAMS 0x00000000b3a00000, 0x00000000b3a00000| Complete 
| 315|0x00000000b3b00000, 0x00000000b3c00000, 0x00000000b3c00000|100%| E|CS|TAMS 0x00000000b3b00000, 0x00000000b3b00000| Complete 
| 316|0x00000000b3c00000, 0x00000000b3d00000, 0x00000000b3d00000|100%| E|CS|TAMS 0x00000000b3c00000, 0x00000000b3c00000| Complete 
| 317|0x00000000b3d00000, 0x00000000b3e00000, 0x00000000b3e00000|100%| E|CS|TAMS 0x00000000b3d00000, 0x00000000b3d00000| Complete 
| 318|0x00000000b3e00000, 0x00000000b3f00000, 0x00000000b3f00000|100%| E|CS|TAMS 0x00000000b3e00000, 0x00000000b3e00000| Complete 
| 319|0x00000000b3f00000, 0x00000000b4000000, 0x00000000b4000000|100%| E|CS|TAMS 0x00000000b3f00000, 0x00000000b3f00000| Complete 
| 320|0x00000000b4000000, 0x00000000b4100000, 0x00000000b4100000|100%| E|CS|TAMS 0x00000000b4000000, 0x00000000b4000000| Complete 
| 321|0x00000000b4100000, 0x00000000b4200000, 0x00000000b4200000|100%| E|CS|TAMS 0x00000000b4100000, 0x00000000b4100000| Complete 
| 322|0x00000000b4200000, 0x00000000b4300000, 0x00000000b4300000|100%| E|CS|TAMS 0x00000000b4200000, 0x00000000b4200000| Complete 
| 323|0x00000000b4300000, 0x00000000b4400000, 0x00000000b4400000|100%| E|CS|TAMS 0x00000000b4300000, 0x00000000b4300000| Complete 
| 324|0x00000000b4400000, 0x00000000b4500000, 0x00000000b4500000|100%| E|CS|TAMS 0x00000000b4400000, 0x00000000b4400000| Complete 
| 325|0x00000000b4500000, 0x00000000b4600000, 0x00000000b4600000|100%| E|CS|TAMS 0x00000000b4500000, 0x00000000b4500000| Complete 
| 326|0x00000000b4600000, 0x00000000b4700000, 0x00000000b4700000|100%| E|CS|TAMS 0x00000000b4600000, 0x00000000b4600000| Complete 
| 327|0x00000000b4700000, 0x00000000b4800000, 0x00000000b4800000|100%| E|CS|TAMS 0x00000000b4700000, 0x00000000b4700000| Complete 
| 328|0x00000000b4800000, 0x00000000b4900000, 0x00000000b4900000|100%| E|CS|TAMS 0x00000000b4800000, 0x00000000b4800000| Complete 
| 329|0x00000000b4900000, 0x00000000b4a00000, 0x00000000b4a00000|100%| E|CS|TAMS 0x00000000b4900000, 0x00000000b4900000| Complete 
| 330|0x00000000b4a00000, 0x00000000b4b00000, 0x00000000b4b00000|100%| E|CS|TAMS 0x00000000b4a00000, 0x00000000b4a00000| Complete 

Card table byte_map: [0x000001556f220000,0x000001556f520000] _byte_map_base: 0x000001556ed20000

Marking Bits (Prev, Next): (CMBitMap*) 0x000001555c5e5da8, (CMBitMap*) 0x000001555c5e5de0
 Prev Bits: [0x000001556f820000, 0x0000015571020000)
 Next Bits: [0x0000015571020000, 0x0000015572820000)

Polling page: 0x000001555a3b0000

Metaspace:

Usage:
  Non-class:    161.82 MB capacity,   159.20 MB ( 98%) used,     2.07 MB (  1%) free+waste,   562.06 KB ( <1%) overhead. 
      Class:     24.17 MB capacity,    22.54 MB ( 93%) used,     1.39 MB (  6%) free+waste,   240.06 KB ( <1%) overhead. 
       Both:    185.99 MB capacity,   181.74 MB ( 98%) used,     3.46 MB (  2%) free+waste,   802.13 KB ( <1%) overhead. 

Virtual space:
  Non-class space:      164.00 MB reserved,     163.16 MB (>99%) committed 
      Class space:        1.00 GB reserved,      24.75 MB (  2%) committed 
             Both:        1.16 GB reserved,     187.91 MB ( 16%) committed 

Chunk freelists:
   Non-Class:  1.28 MB
       Class:  526.00 KB
        Both:  1.79 MB

MaxMetaspaceSize: 17179869184.00 GB
CompressedClassSpaceSize: 1.00 GB

CodeHeap 'non-profiled nmethods': size=120064Kb used=13907Kb max_used=13907Kb free=106156Kb
 bounds [0x00000155679e0000, 0x0000015568780000, 0x000001556ef20000]
CodeHeap 'profiled nmethods': size=120000Kb used=50786Kb max_used=50786Kb free=69213Kb
 bounds [0x00000155604b0000, 0x0000015563680000, 0x00000155679e0000]
CodeHeap 'non-nmethods': size=5696Kb used=2438Kb max_used=2483Kb free=3258Kb
 bounds [0x000001555ff20000, 0x00000155601b0000, 0x00000155604b0000]
 total_blobs=24243 nmethods=23149 adapters=1003
 compilation: enabled
              stopped_count=0, restarted_count=0
 full_count=0

Compilation events (20 events):
Event: 2511.132 Thread 0x00000155755e4000 nmethod 26775% 0x000001556366cf90 code [0x000001556366d240, 0x000001556366dfe8]
Event: 2511.132 Thread 0x00000155755df800 26771       4       com.google.common.io.ByteStreams::createBuffer (6 bytes)
Event: 2511.133 Thread 0x00000155755df800 nmethod 26771 0x0000015568774410 code [0x00000155687745a0, 0x0000015568774678]
Event: 2511.268 Thread 0x00000155755df800 26776       4       org.gradle.api.internal.changedetection.state.ZipHasher::fingerprintZipEntry (38 bytes)
Event: 2511.295 Thread 0x00000155755df800 nmethod 26776 0x0000015568774710 code [0x0000015568774940, 0x00000155687755a8]
Event: 2511.295 Thread 0x00000155755df800 26777       4       org.gradle.api.internal.changedetection.state.MetaInfAwareClasspathResourceHasher::hash (60 bytes)
Event: 2511.302 Thread 0x00000155755df800 nmethod 26777 0x0000015568775d10 code [0x0000015568775f00, 0x00000155687762e8]
Event: 2511.421 Thread 0x00000155755e4000 26778       3       java.util.WeakHashMap$HashIterator::hasNext (95 bytes)
Event: 2511.421 Thread 0x00000155755e4000 nmethod 26778 0x000001556366e390 code [0x000001556366e580, 0x000001556366ead8]
Event: 2511.421 Thread 0x00000155755e4000 26780       3       java.util.WeakHashMap$HashIterator::nextEntry (81 bytes)
Event: 2511.422 Thread 0x00000155755e4000 nmethod 26780 0x000001556366ec90 code [0x000001556366eea0, 0x000001556366f408]
Event: 2511.422 Thread 0x00000155755e4000 26782       3       java.util.WeakHashMap::unmaskNull (13 bytes)
Event: 2511.422 Thread 0x00000155755e4000 nmethod 26782 0x000001556366f590 code [0x000001556366f740, 0x000001556366f878]
Event: 2511.422 Thread 0x00000155755e4000 26781       3       java.util.WeakHashMap$Entry::getKey (8 bytes)
Event: 2511.422 Thread 0x00000155755e4000 nmethod 26781 0x000001556366f910 code [0x000001556366fac0, 0x000001556366fd38]
Event: 2511.422 Thread 0x00000155755e4000 26779       3       java.util.WeakHashMap$KeyIterator::next (8 bytes)
Event: 2511.422 Thread 0x00000155755e4000 nmethod 26779 0x000001556366fe10 code [0x000001556366ffe0, 0x0000015563670368]
Event: 2511.422 Thread 0x00000155755df800 26783       4       java.util.WeakHashMap$HashIterator::hasNext (95 bytes)
Event: 2511.423 Thread 0x00000155755e4000 26786       3       java.util.Arrays::fill (21 bytes)
Event: 2511.423 Thread 0x00000155755e4000 nmethod 26786 0x0000015563670490 code [0x0000015563670660, 0x0000015563670978]

GC Heap History (20 events):
Event: 496.891 GC heap before
{Heap before GC invocations=81 (full 0):
 garbage-first heap   total 338944K, used 305194K [0x00000000a0000000, 0x0000000100000000)
  region size 1024K, 94 young (96256K), 7 survivors (7168K)
 Metaspace       used 183709K, capacity 188642K, committed 188964K, reserved 1214464K
  class space    used 22974K, capacity 24881K, committed 24960K, reserved 1048576K
}
Event: 496.896 GC heap after
{Heap after GC invocations=82 (full 0):
 garbage-first heap   total 338944K, used 170636K [0x00000000a0000000, 0x0000000100000000)
  region size 1024K, 4 young (4096K), 4 survivors (4096K)
 Metaspace       used 183709K, capacity 188642K, committed 188964K, reserved 1214464K
  class space    used 22974K, capacity 24881K, committed 24960K, reserved 1048576K
}
Event: 1063.342 GC heap before
{Heap before GC invocations=82 (full 0):
 garbage-first heap   total 338944K, used 181900K [0x00000000a0000000, 0x0000000100000000)
  region size 1024K, 16 young (16384K), 4 survivors (4096K)
 Metaspace       used 183788K, capacity 188770K, committed 188964K, reserved 1214464K
  class space    used 22974K, capacity 24881K, committed 24960K, reserved 1048576K
}
Event: 1063.351 GC heap after
{Heap after GC invocations=83 (full 0):
 garbage-first heap   total 338944K, used 167291K [0x00000000a0000000, 0x0000000100000000)
  region size 1024K, 1 young (1024K), 1 survivors (1024K)
 Metaspace       used 183788K, capacity 188770K, committed 188964K, reserved 1214464K
  class space    used 22974K, capacity 24881K, committed 24960K, reserved 1048576K
}
Event: 2509.649 GC heap before
{Heap before GC invocations=83 (full 0):
 garbage-first heap   total 338944K, used 206203K [0x00000000a0000000, 0x0000000100000000)
  region size 1024K, 40 young (40960K), 1 survivors (1024K)
 Metaspace       used 184147K, capacity 189133K, committed 189220K, reserved 1214464K
  class space    used 23027K, capacity 24938K, committed 24960K, reserved 1048576K
}
Event: 2509.654 GC heap after
{Heap after GC invocations=84 (full 0):
 garbage-first heap   total 338944K, used 167631K [0x00000000a0000000, 0x0000000100000000)
  region size 1024K, 2 young (2048K), 2 survivors (2048K)
 Metaspace       used 184147K, capacity 189133K, committed 189220K, reserved 1214464K
  class space    used 23027K, capacity 24938K, committed 24960K, reserved 1048576K
}
Event: 2510.678 GC heap before
{Heap before GC invocations=85 (full 0):
 garbage-first heap   total 338944K, used 251599K [0x00000000a0000000, 0x0000000100000000)
  region size 1024K, 84 young (86016K), 2 survivors (2048K)
 Metaspace       used 186232K, capacity 190669K, committed 192420K, reserved 1216512K
  class space    used 23109K, capacity 24799K, committed 25344K, reserved 1048576K
}
Event: 2510.695 GC heap after
{Heap after GC invocations=86 (full 0):
 garbage-first heap   total 338944K, used 191027K [0x00000000a0000000, 0x0000000100000000)
  region size 1024K, 11 young (11264K), 11 survivors (11264K)
 Metaspace       used 186232K, capacity 190669K, committed 192420K, reserved 1216512K
  class space    used 23109K, capacity 24799K, committed 25344K, reserved 1048576K
}
Event: 2510.712 GC heap before
{Heap before GC invocations=86 (full 0):
 garbage-first heap   total 338944K, used 196147K [0x00000000a0000000, 0x0000000100000000)
  region size 1024K, 16 young (16384K), 11 survivors (11264K)
 Metaspace       used 186232K, capacity 190669K, committed 192420K, reserved 1216512K
  class space    used 23109K, capacity 24799K, committed 25344K, reserved 1048576K
}
Event: 2510.724 GC heap after
{Heap after GC invocations=87 (full 0):
 garbage-first heap   total 338944K, used 161408K [0x00000000a0000000, 0x0000000100000000)
  region size 1024K, 2 young (2048K), 2 survivors (2048K)
 Metaspace       used 186232K, capacity 190669K, committed 192420K, reserved 1216512K
  class space    used 23109K, capacity 24799K, committed 25344K, reserved 1048576K
}
Event: 2510.757 GC heap before
{Heap before GC invocations=87 (full 0):
 garbage-first heap   total 338944K, used 175744K [0x00000000a0000000, 0x0000000100000000)
  region size 1024K, 16 young (16384K), 2 survivors (2048K)
 Metaspace       used 186233K, capacity 190669K, committed 192420K, reserved 1216512K
  class space    used 23110K, capacity 24799K, committed 25344K, reserved 1048576K
}
Event: 2510.774 GC heap after
{Heap after GC invocations=88 (full 0):
 garbage-first heap   total 338944K, used 151529K [0x00000000a0000000, 0x0000000100000000)
  region size 1024K, 2 young (2048K), 2 survivors (2048K)
 Metaspace       used 186233K, capacity 190669K, committed 192420K, reserved 1216512K
  class space    used 23110K, capacity 24799K, committed 25344K, reserved 1048576K
}
Event: 2510.981 GC heap before
{Heap before GC invocations=88 (full 0):
 garbage-first heap   total 338944K, used 240617K [0x00000000a0000000, 0x0000000100000000)
  region size 1024K, 89 young (91136K), 2 survivors (2048K)
 Metaspace       used 186233K, capacity 190669K, committed 192420K, reserved 1216512K
  class space    used 23110K, capacity 24799K, committed 25344K, reserved 1048576K
}
Event: 2510.992 GC heap after
{Heap after GC invocations=89 (full 0):
 garbage-first heap   total 338944K, used 163840K [0x00000000a0000000, 0x0000000100000000)
  region size 1024K, 12 young (12288K), 12 survivors (12288K)
 Metaspace       used 186233K, capacity 190669K, committed 192420K, reserved 1216512K
  class space    used 23110K, capacity 24799K, committed 25344K, reserved 1048576K
}
Event: 2511.220 GC heap before
{Heap before GC invocations=90 (full 0):
 garbage-first heap   total 338944K, used 244736K [0x00000000a0000000, 0x0000000100000000)
  region size 1024K, 96 young (98304K), 12 survivors (12288K)
 Metaspace       used 186103K, capacity 190456K, committed 192420K, reserved 1216512K
  class space    used 23086K, capacity 24754K, committed 25344K, reserved 1048576K
}
Event: 2511.229 GC heap after
{Heap after GC invocations=91 (full 0):
 garbage-first heap   total 338944K, used 175285K [0x00000000a0000000, 0x0000000100000000)
  region size 1024K, 12 young (12288K), 12 survivors (12288K)
 Metaspace       used 186103K, capacity 190456K, committed 192420K, reserved 1216512K
  class space    used 23086K, capacity 24754K, committed 25344K, reserved 1048576K
}
Event: 2511.239 GC heap before
{Heap before GC invocations=91 (full 0):
 garbage-first heap   total 338944K, used 178357K [0x00000000a0000000, 0x0000000100000000)
  region size 1024K, 16 young (16384K), 12 survivors (12288K)
 Metaspace       used 186103K, capacity 190456K, committed 192420K, reserved 1216512K
  class space    used 23086K, capacity 24754K, committed 25344K, reserved 1048576K
}
Event: 2511.249 GC heap after
{Heap after GC invocations=92 (full 0):
 garbage-first heap   total 338944K, used 148992K [0x00000000a0000000, 0x0000000100000000)
  region size 1024K, 2 young (2048K), 2 survivors (2048K)
 Metaspace       used 186103K, capacity 190456K, committed 192420K, reserved 1216512K
  class space    used 23086K, capacity 24754K, committed 25344K, reserved 1048576K
}
Event: 2511.285 GC heap before
{Heap before GC invocations=92 (full 0):
 garbage-first heap   total 338944K, used 163328K [0x00000000a0000000, 0x0000000100000000)
  region size 1024K, 16 young (16384K), 2 survivors (2048K)
 Metaspace       used 186103K, capacity 190456K, committed 192420K, reserved 1216512K
  class space    used 23086K, capacity 24754K, committed 25344K, reserved 1048576K
}
Event: 2511.294 GC heap after
{Heap after GC invocations=93 (full 0):
 garbage-first heap   total 338944K, used 150016K [0x00000000a0000000, 0x0000000100000000)
  region size 1024K, 2 young (2048K), 2 survivors (2048K)
 Metaspace       used 186103K, capacity 190456K, committed 192420K, reserved 1216512K
  class space    used 23086K, capacity 24754K, committed 25344K, reserved 1048576K
}

Deoptimization events (20 events):
Event: 2511.061 Thread 0x000001550589c000 Uncommon trap: trap_request=0xffffff4d fr.pc=0x000001556876bcdc relative=0x000000000000191c
Event: 2511.061 Thread 0x000001550589c000 Uncommon trap: reason=unstable_if action=reinterpret pc=0x000001556876bcdc method=org.gradle.api.internal.changedetection.state.MetaInfAwareClasspathResourceHasher.hash(Lorg/gradle/api/internal/changedetection/state/ZipEntryContext;)Lorg/gradle/internal/h
Event: 2511.061 Thread 0x000001550589c000 DEOPT PACKING pc=0x000001556876bcdc sp=0x00000047118fae90
Event: 2511.061 Thread 0x000001550589c000 DEOPT UNPACKING pc=0x000001555ff474af sp=0x00000047118fae38 mode 2
Event: 2511.061 Thread 0x000001550589c000 Uncommon trap: trap_request=0xffffffde fr.pc=0x000001556876e500 relative=0x0000000000000280
Event: 2511.061 Thread 0x000001550589c000 Uncommon trap: reason=class_check action=maybe_recompile pc=0x000001556876e500 method=com.google.common.io.ByteStreams.copy(Ljava/io/InputStream;Ljava/io/OutputStream;)J @ 18 c2
Event: 2511.061 Thread 0x000001550589c000 DEOPT PACKING pc=0x000001556876e500 sp=0x00000047118face0
Event: 2511.061 Thread 0x000001550589c000 DEOPT UNPACKING pc=0x000001555ff474af sp=0x00000047118fac88 mode 2
Event: 2511.061 Thread 0x000001550589c000 Uncommon trap: trap_request=0xffffffde fr.pc=0x000001556876e500 relative=0x0000000000000280
Event: 2511.061 Thread 0x000001550589c000 Uncommon trap: reason=class_check action=maybe_recompile pc=0x000001556876e500 method=com.google.common.io.ByteStreams.copy(Ljava/io/InputStream;Ljava/io/OutputStream;)J @ 18 c2
Event: 2511.061 Thread 0x000001550589c000 DEOPT PACKING pc=0x000001556876e500 sp=0x00000047118face0
Event: 2511.061 Thread 0x000001550589c000 DEOPT UNPACKING pc=0x000001555ff474af sp=0x00000047118fac88 mode 2
Event: 2511.062 Thread 0x000001550589c000 Uncommon trap: trap_request=0xffffffde fr.pc=0x000001556876e500 relative=0x0000000000000280
Event: 2511.062 Thread 0x000001550589c000 Uncommon trap: reason=class_check action=maybe_recompile pc=0x000001556876e500 method=com.google.common.io.ByteStreams.copy(Ljava/io/InputStream;Ljava/io/OutputStream;)J @ 18 c2
Event: 2511.062 Thread 0x000001550589c000 DEOPT PACKING pc=0x000001556876e500 sp=0x00000047118face0
Event: 2511.062 Thread 0x000001550589c000 DEOPT UNPACKING pc=0x000001555ff474af sp=0x00000047118fac88 mode 2
Event: 2511.062 Thread 0x000001550589c000 Uncommon trap: trap_request=0xffffffde fr.pc=0x000001556876e500 relative=0x0000000000000280
Event: 2511.062 Thread 0x000001550589c000 Uncommon trap: reason=class_check action=maybe_recompile pc=0x000001556876e500 method=com.google.common.io.ByteStreams.copy(Ljava/io/InputStream;Ljava/io/OutputStream;)J @ 18 c2
Event: 2511.062 Thread 0x000001550589c000 DEOPT PACKING pc=0x000001556876e500 sp=0x00000047118face0
Event: 2511.062 Thread 0x000001550589c000 DEOPT UNPACKING pc=0x000001555ff474af sp=0x00000047118fac88 mode 2

Classes redefined (0 events):
No events

Internal exceptions (20 events):
Event: 2509.791 Thread 0x000001550589c000 Exception <a 'java/lang/NoSuchMethodError'{0x00000000b445aeb0}: <clinit>> (0x00000000b445aeb0) thrown at [./src/hotspot/share/prims/jni.cpp, line 1362]
Event: 2509.791 Thread 0x000001550589c000 Exception <a 'java/lang/NoSuchMethodError'{0x00000000b445c548}: <clinit>> (0x00000000b445c548) thrown at [./src/hotspot/share/prims/jni.cpp, line 1362]
Event: 2509.791 Thread 0x000001550589c000 Exception <a 'java/lang/NoSuchMethodError'{0x00000000b445da80}: <clinit>> (0x00000000b445da80) thrown at [./src/hotspot/share/prims/jni.cpp, line 1362]
Event: 2509.842 Thread 0x000001550589c000 Implicit null exception at 0x0000015567b5e6c6 to 0x0000015567b5ea3c
Event: 2509.844 Thread 0x000001550589c000 Implicit null exception at 0x00000155684f23bf to 0x00000155684f245c
Event: 2509.844 Thread 0x000001550589c000 Implicit null exception at 0x0000015567b59cce to 0x0000015567b5a270
Event: 2509.848 Thread 0x000001550589c000 Implicit null exception at 0x0000015567c236bf to 0x0000015567c25fb8
Event: 2509.979 Thread 0x000001550589c000 Implicit null exception at 0x0000015567d06c30 to 0x0000015567d0799c
Event: 2509.995 Thread 0x000001550589c000 Implicit null exception at 0x0000015567b971a7 to 0x0000015567b9a8cc
Event: 2510.141 Thread 0x00000155058ae000 Exception <a 'sun/nio/fs/WindowsException'{0x00000000b34d1550}> (0x00000000b34d1550) thrown at [./src/hotspot/share/prims/jni.cpp, line 615]
Event: 2510.142 Thread 0x00000155058ae000 Exception <a 'sun/nio/fs/WindowsException'{0x00000000b34d1740}> (0x00000000b34d1740) thrown at [./src/hotspot/share/prims/jni.cpp, line 615]
Event: 2510.148 Thread 0x000001550589c000 Implicit null exception at 0x0000015567d75a55 to 0x0000015567d75dc8
Event: 2510.149 Thread 0x000001550589c000 Implicit null exception at 0x0000015567cf391b to 0x0000015567cf39e4
Event: 2510.149 Thread 0x000001550589c000 Implicit null exception at 0x0000015568183155 to 0x00000155681834c8
Event: 2510.157 Thread 0x000001550589c000 Exception <a 'java/lang/ClassNotFoundException'{0x00000000b3240180}: sync_studio_tooling1_4zwjl2pm6vk4a5en7wrq62zaBeanInfo> (0x00000000b3240180) thrown at [./src/hotspot/share/classfile/systemDictionary.cpp, line 231]
Event: 2510.158 Thread 0x000001550589c000 Exception <a 'java/lang/ClassNotFoundException'{0x00000000b324fd98}: org/gradle/initialization/InitScriptBeanInfo> (0x00000000b324fd98) thrown at [./src/hotspot/share/classfile/systemDictionary.cpp, line 231]
Event: 2510.158 Thread 0x000001550589c000 Exception <a 'java/lang/ClassNotFoundException'{0x00000000b325f9c0}: org/gradle/initialization/InitScriptCustomizer> (0x00000000b325f9c0) thrown at [./src/hotspot/share/classfile/systemDictionary.cpp, line 231]
Event: 2510.158 Thread 0x000001550589c000 Implicit null exception at 0x0000015567da388d to 0x0000015567daba40
Event: 2510.160 Thread 0x000001550589c000 Exception <a 'java/lang/ClassNotFoundException'{0x00000000b32c3c80}: sync_studio_tooling1_4zwjl2pm6vk4a5en7wrq62zaCustomizer> (0x00000000b32c3c80) thrown at [./src/hotspot/share/classfile/systemDictionary.cpp, line 231]
Event: 2511.421 Thread 0x000001550589c000 Exception <a 'java/lang/OutOfMemoryError'{0x00000000b1e7bad8}> (0x00000000b1e7bad8) thrown at [./src/hotspot/share/prims/jni.cpp, line 636]

Events (20 events):
Event: 2510.757 Executing VM operation: G1CollectForAllocation
Event: 2510.774 Executing VM operation: G1CollectForAllocation done
Event: 2510.981 Executing VM operation: G1CollectForAllocation
Event: 2510.992 Executing VM operation: G1CollectForAllocation done
Event: 2511.060 loading class org/gradle/api/internal/file/archive/impl/StreamZipInput
Event: 2511.060 loading class org/gradle/api/internal/file/archive/impl/StreamZipInput done
Event: 2511.060 loading class org/gradle/api/internal/file/archive/impl/StreamZipInput$1
Event: 2511.060 loading class org/gradle/api/internal/file/archive/impl/StreamZipInput$1 done
Event: 2511.061 loading class org/gradle/api/internal/file/archive/impl/StreamZipInput$1$1
Event: 2511.061 loading class org/gradle/api/internal/file/archive/impl/StreamZipInput$1$1 done
Event: 2511.102 Executing VM operation: CGC_Operation
Event: 2511.131 Executing VM operation: CGC_Operation done
Event: 2511.192 Executing VM operation: CGC_Operation
Event: 2511.192 Executing VM operation: CGC_Operation done
Event: 2511.220 Executing VM operation: G1CollectForAllocation
Event: 2511.229 Executing VM operation: G1CollectForAllocation done
Event: 2511.239 Executing VM operation: G1CollectForAllocation
Event: 2511.249 Executing VM operation: G1CollectForAllocation done
Event: 2511.284 Executing VM operation: G1CollectForAllocation
Event: 2511.294 Executing VM operation: G1CollectForAllocation done


Dynamic libraries:
0x00007ff7a48b0000 - 0x00007ff7a48ba000 	C:\Program Files\Android\Android Studio\jre\bin\java.exe
0x00007ffe4b6e0000 - 0x00007ffe4b8e7000 	C:\WINDOWS\SYSTEM32\ntdll.dll
0x00007ffe4a2a0000 - 0x00007ffe4a35d000 	C:\WINDOWS\System32\KERNEL32.DLL
0x00007ffe48c30000 - 0x00007ffe48fa4000 	C:\WINDOWS\System32\KERNELBASE.dll
0x00007ffe461a0000 - 0x00007ffe46231000 	C:\WINDOWS\SYSTEM32\apphelp.dll
0x00007ffe490d0000 - 0x00007ffe491e1000 	C:\WINDOWS\System32\ucrtbase.dll
0x00007ffe2f1f0000 - 0x00007ffe2f209000 	C:\Program Files\Android\Android Studio\jre\bin\jli.dll
0x00007ffe4afb0000 - 0x00007ffe4b15c000 	C:\WINDOWS\System32\USER32.dll
0x00007ffe49350000 - 0x00007ffe49376000 	C:\WINDOWS\System32\win32u.dll
0x00007ffe4ade0000 - 0x00007ffe4ae09000 	C:\WINDOWS\System32\GDI32.dll
0x00007ffe48fb0000 - 0x00007ffe490c2000 	C:\WINDOWS\System32\gdi32full.dll
0x00007ffe492b0000 - 0x00007ffe4934d000 	C:\WINDOWS\System32\msvcp_win.dll
0x00007ffe35310000 - 0x00007ffe35327000 	C:\Program Files\Android\Android Studio\jre\bin\VCRUNTIME140.dll
0x00007ffe3a180000 - 0x00007ffe3a425000 	C:\WINDOWS\WinSxS\amd64_microsoft.windows.common-controls_6595b64144ccf1df_6.0.22000.120_none_9d947278b86cc467\COMCTL32.dll
0x00007ffe4a8b0000 - 0x00007ffe4a953000 	C:\WINDOWS\System32\msvcrt.dll
0x00007ffe4a460000 - 0x00007ffe4a491000 	C:\WINDOWS\System32\IMM32.DLL
0x00007ffe29d20000 - 0x00007ffe29dbd000 	C:\Program Files\Android\Android Studio\jre\bin\msvcp140.dll
0x00007ffdee020000 - 0x00007ffdeeadc000 	C:\Program Files\Android\Android Studio\jre\bin\server\jvm.dll
0x00007ffe4b270000 - 0x00007ffe4b31c000 	C:\WINDOWS\System32\ADVAPI32.dll
0x00007ffe49570000 - 0x00007ffe4960d000 	C:\WINDOWS\System32\sechost.dll
0x00007ffe4a4a0000 - 0x00007ffe4a5c1000 	C:\WINDOWS\System32\RPCRT4.dll
0x00007ffe4a0d0000 - 0x00007ffe4a0d8000 	C:\WINDOWS\System32\PSAPI.DLL
0x00007ffe452d0000 - 0x00007ffe452d9000 	C:\WINDOWS\SYSTEM32\WSOCK32.dll
0x00007ffe3b4f0000 - 0x00007ffe3b4fa000 	C:\WINDOWS\SYSTEM32\VERSION.dll
0x00007ffe433a0000 - 0x00007ffe433d3000 	C:\WINDOWS\SYSTEM32\WINMM.dll
0x00007ffe49f30000 - 0x00007ffe49f9f000 	C:\WINDOWS\System32\WS2_32.dll
0x00007ffe47cf0000 - 0x00007ffe47d08000 	C:\WINDOWS\SYSTEM32\kernel.appcore.dll
0x00007ffe39180000 - 0x00007ffe39191000 	C:\Program Files\Android\Android Studio\jre\bin\verify.dll
0x00007ffe32fb0000 - 0x00007ffe331d1000 	C:\WINDOWS\SYSTEM32\DBGHELP.DLL
0x00007ffe31880000 - 0x00007ffe318b1000 	C:\WINDOWS\SYSTEM32\dbgcore.DLL
0x00007ffe49380000 - 0x00007ffe49400000 	C:\WINDOWS\System32\bcryptPrimitives.dll
0x00007ffe39030000 - 0x00007ffe39059000 	C:\Program Files\Android\Android Studio\jre\bin\java.dll
0x00007ffe442d0000 - 0x00007ffe442db000 	C:\Program Files\Android\Android Studio\jre\bin\jimage.dll
0x00007ffe39160000 - 0x00007ffe39178000 	C:\Program Files\Android\Android Studio\jre\bin\zip.dll
0x00007ffe49710000 - 0x00007ffe49eb9000 	C:\WINDOWS\System32\SHELL32.dll
0x00007ffe46d70000 - 0x00007ffe475d2000 	C:\WINDOWS\SYSTEM32\windows.storage.dll
0x00007ffe4b320000 - 0x00007ffe4b698000 	C:\WINDOWS\System32\combase.dll
0x00007ffe46c00000 - 0x00007ffe46d66000 	C:\WINDOWS\SYSTEM32\wintypes.dll
0x00007ffe4ae10000 - 0x00007ffe4aefa000 	C:\WINDOWS\System32\SHCORE.dll
0x00007ffe4b210000 - 0x00007ffe4b26d000 	C:\WINDOWS\System32\shlwapi.dll
0x00007ffe48af0000 - 0x00007ffe48b11000 	C:\WINDOWS\SYSTEM32\profapi.dll
0x00007ffe390e0000 - 0x00007ffe390fa000 	C:\Program Files\Android\Android Studio\jre\bin\net.dll
0x00007ffe422c0000 - 0x00007ffe423cc000 	C:\WINDOWS\SYSTEM32\WINHTTP.dll
0x00007ffe481f0000 - 0x00007ffe48257000 	C:\WINDOWS\system32\mswsock.dll
0x00007ffe38920000 - 0x00007ffe38934000 	C:\Program Files\Android\Android Studio\jre\bin\nio.dll
0x00007ffe2a3a0000 - 0x00007ffe2a3c7000 	C:\Users\cheet\.gradle\native\fdc75f09e3144964f2cf3f50f0aa648679c211496f362492102eb8c894070792\windows-amd64\native-platform.dll
0x00007ffdf9af0000 - 0x00007ffdf9c86000 	C:\Users\cheet\.gradle\native\12488b8bf47d2d4c9fbf2f6322a914ad602e24e48041cd04a747c6da556b65c4\windows-amd64\native-platform-file-events.dll
0x00007ffe39090000 - 0x00007ffe3909a000 	C:\Program Files\Android\Android Studio\jre\bin\management.dll
0x00007ffe39020000 - 0x00007ffe3902c000 	C:\Program Files\Android\Android Studio\jre\bin\management_ext.dll
0x00007ffe48440000 - 0x00007ffe48458000 	C:\WINDOWS\SYSTEM32\CRYPTSP.dll
0x00007ffe47c50000 - 0x00007ffe47c85000 	C:\WINDOWS\system32\rsaenh.dll
0x00007ffe482e0000 - 0x00007ffe48309000 	C:\WINDOWS\SYSTEM32\USERENV.dll
0x00007ffe485b0000 - 0x00007ffe485d7000 	C:\WINDOWS\SYSTEM32\bcrypt.dll
0x00007ffe48430000 - 0x00007ffe4843c000 	C:\WINDOWS\SYSTEM32\CRYPTBASE.dll
0x00007ffe47830000 - 0x00007ffe4785d000 	C:\WINDOWS\SYSTEM32\IPHLPAPI.DLL
0x00007ffe4a0c0000 - 0x00007ffe4a0c9000 	C:\WINDOWS\System32\NSI.dll
0x00007ffe41cb0000 - 0x00007ffe41cc9000 	C:\WINDOWS\SYSTEM32\dhcpcsvc6.DLL
0x00007ffe43200000 - 0x00007ffe4321e000 	C:\WINDOWS\SYSTEM32\dhcpcsvc.DLL
0x00007ffe47860000 - 0x00007ffe47947000 	C:\WINDOWS\SYSTEM32\DNSAPI.dll
0x00007ffe41be0000 - 0x00007ffe41bec000 	C:\WINDOWS\SYSTEM32\WINNSI.DLL
0x00007ffe46590000 - 0x00007ffe465c4000 	C:\WINDOWS\SYSTEM32\ntmarta.dll
0x00007ffe45320000 - 0x00007ffe4533e000 	C:\Users\cheet\AppData\Local\Temp\native-platform16936029843370361176dir\native-platform.dll
0x00007ffe45390000 - 0x00007ffe45398000 	C:\Program Files\Android\Android Studio\jre\bin\rmi.dll
0x00007ffe35000000 - 0x00007ffe35027000 	C:\Program Files\Android\Android Studio\jre\bin\sunec.dll

dbghelp: loaded successfully - version: 4.0.5 - missing functions: none
symbol engine: initialized successfully - sym options: 0x614 - pdb path: .;C:\Program Files\Android\Android Studio\jre\bin;C:\WINDOWS\SYSTEM32;C:\WINDOWS\WinSxS\amd64_microsoft.windows.common-controls_6595b64144ccf1df_6.0.22000.120_none_9d947278b86cc467;C:\Program Files\Android\Android Studio\jre\bin\server;C:\Users\cheet\.gradle\native\fdc75f09e3144964f2cf3f50f0aa648679c211496f362492102eb8c894070792\windows-amd64;C:\Users\cheet\.gradle\native\12488b8bf47d2d4c9fbf2f6322a914ad602e24e48041cd04a747c6da556b65c4\windows-amd64;C:\Users\cheet\AppData\Local\Temp\native-platform16936029843370361176dir

VM Arguments:
jvm_args: --add-opens=java.base/java.util=ALL-UNNAMED --add-opens=java.base/java.lang=ALL-UNNAMED --add-opens=java.base/java.lang.invoke=ALL-UNNAMED --add-opens=java.prefs/java.util.prefs=ALL-UNNAMED -Xmx1536M -Dfile.encoding=windows-1252 -Duser.country=US -Duser.language=en -Duser.variant 
java_command: org.gradle.launcher.daemon.bootstrap.GradleDaemon 6.7
java_class_path (initial): C:\Users\cheet\.gradle\wrapper\dists\gradle-6.7-all\cuy9mc7upwgwgeb72wkcrupxe\gradle-6.7\lib\gradle-launcher-6.7.jar
Launcher Type: SUN_STANDARD

[Global flags]
     intx CICompilerCount                          = 3                                         {product} {ergonomic}
     uint ConcGCThreads                            = 1                                         {product} {ergonomic}
     uint G1ConcRefinementThreads                  = 4                                         {product} {ergonomic}
   size_t G1HeapRegionSize                         = 1048576                                   {product} {ergonomic}
    uintx GCDrainStackTargetSize                   = 64                                        {product} {ergonomic}
   size_t InitialHeapSize                          = 268435456                                 {product} {ergonomic}
   size_t MarkStackSize                            = 4194304                                   {product} {ergonomic}
   size_t MaxHeapSize                              = 1610612736                                {product} {command line}
   size_t MaxNewSize                               = 965738496                                 {product} {ergonomic}
   size_t MinHeapDeltaBytes                        = 1048576                                   {product} {ergonomic}
    uintx NonNMethodCodeHeapSize                   = 5830732                                {pd product} {ergonomic}
    uintx NonProfiledCodeHeapSize                  = 122913754                              {pd product} {ergonomic}
    uintx ProfiledCodeHeapSize                     = 122913754                              {pd product} {ergonomic}
    uintx ReservedCodeCacheSize                    = 251658240                              {pd product} {ergonomic}
     bool SegmentedCodeCache                       = true                                      {product} {ergonomic}
     bool UseCompressedClassPointers               = true                                 {lp64_product} {ergonomic}
     bool UseCompressedOops                        = true                                 {lp64_product} {ergonomic}
     bool UseG1GC                                  = true                                      {product} {ergonomic}
     bool UseLargePagesIndividualAllocation        = false                                  {pd product} {ergonomic}

Logging:
Log output configuration:
 #0: stdout all=warning uptime,level,tags
 #1: stderr all=off uptime,level,tags

Environment Variables:
JAVA_HOME=C:\Program Files\Android\Android Studio\jre
CLASSPATH=C:\Users\cheet\AndroidStudioProjects\rdrr\android\\gradle\wrapper\gradle-wrapper.jar
PATH=C:\Program Files\Common Files\Oracle\Java\javapath;C:\Program Files (x86)\Intel\iCLS Client\;C:\Program Files\Intel\iCLS Client\;C:\Program Files\Python39\Scripts\;C:\Program Files\Python39\;C:\Windows\system32;C:\Windows;C:\Windows\System32\Wbem;C:\Windows\System32\WindowsPowerShell\v1.0\;C:\Windows\System32\OpenSSH\;C:\Program Files (x86)\Intel\Intel(R) Management Engine Components\DAL;C:\Program Files\Intel\Intel(R) Management Engine Components\DAL;C:\Program Files (x86)\Intel\Intel(R) Management Engine Components\IPT;C:\Program Files\Intel\Intel(R) Management Engine Components\IPT;C:\Program Files (x86)\NVIDIA Corporation\PhysX\Common;C:\WINDOWS\system32;C:\WINDOWS;C:\WINDOWS\System32\Wbem;C:\WINDOWS\System32\WindowsPowerShell\v1.0\;C:\WINDOWS\System32\OpenSSH\;C:\Users\cheet\Downloads\flutter_windows_2.2.3-stable\flutter\bin\;C:\Users\cheet\AppData\Local\Microsoft\WindowsApps;;C:\Program Files\JetBrains\IntelliJ IDEA 2021.2\bin;;C:\Users\cheet\Downloads\flutter_windows_2.2.3-stable\flutter\bin\mingit\cmd
USERNAME=cheet
OS=Windows_NT
PROCESSOR_IDENTIFIER=Intel64 Family 6 Model 158 Stepping 9, GenuineIntel



---------------  S Y S T E M  ---------------

OS: Windows 10 , 64 bit Build 22000 (10.0.22000.120)
OS uptime: 1 days 4:35 hours

CPU:total 4 (initial active 4) (4 cores per cpu, 1 threads per core) family 6 model 158 stepping 9, cmov, cx8, fxsr, mmx, sse, sse2, sse3, ssse3, sse4.1, sse4.2, popcnt, avx, avx2, aes, clmul, erms, 3dnowpref, lzcnt, tsc, tscinvbit, bmi1, bmi2, adx, fma

Memory: 4k page, system-wide physical 16276M (2863M free)
TotalPageFile size 16276M (AvailPageFile size 6M)
current process WorkingSet (physical memory assigned to process): 887M, peak: 887M
current process commit charge ("private bytes"): 1213M, peak: 1213M

vm_info: OpenJDK 64-Bit Server VM (11.0.8+10-b944.6842174) for windows-amd64 JRE (11.0.8+10-b944.6842174), built on Sep 19 2020 01:11:42 by "builder" with MS VC++ 14.0 (VS2015)

END.
