#
# There is insufficient memory for the Java Runtime Environment to continue.
# Native memory allocation (mmap) failed to map 268435456 bytes for G1 virtual space
# Possible reasons:
#   The system is out of physical RAM or swap space
#   The process is running with CompressedOops enabled, and the Java Heap may be blocking the growth of the native heap
# Possible solutions:
#   Reduce memory load on the system
#   Increase physical memory or swap space
#   Check if swap backing store is full
#   Decrease Java heap size (-Xmx/-Xms)
#   Decrease number of Java threads
#   Decrease Java thread stack sizes (-Xss)
#   Set larger code cache with -XX:ReservedCodeCacheSize=
#   JVM is running with Zero Based Compressed Oops mode in which the Java heap is
#     placed in the first 32GB address space. The Java Heap base address is the
#     maximum limit for the native heap growth. Please use -XX:HeapBaseMinAddress
#     to set the Java Heap base and to place the Java Heap above 32GB virtual address.
# This output file may be truncated or incomplete.
#
#  Out of Memory Error (os_windows.cpp:3466), pid=14068, tid=9376
#
# JRE version:  (16.0.2+7) (build )
# Java VM: Java HotSpot(TM) 64-Bit Server VM (16.0.2+7-67, mixed mode, sharing, tiered, compressed oops, compressed class ptrs, g1 gc, windows-amd64)
# No core dump will be written. Minidumps are not enabled by default on client versions of Windows
#

---------------  S U M M A R Y ------------

Command Line: -Dorg.gradle.appname=gradlew org.gradle.wrapper.GradleWrapperMain -q -Ptarget-platform=android-arm,android-arm64,android-x64 -Ptarget=lib\main.dart -Pdart-obfuscation=false -Ptrack-widget-creation=true -Ptree-shake-icons=true bundleRelease

Host: Intel(R) Core(TM) i5-7300HQ CPU @ 2.50GHz, 4 cores, 15G,  Windows 10 , 64 bit Build 22000 (10.0.22000.120)
Time: Sat Aug 14 20:49:06 2021 Arab Standard Time elapsed time: 0.013408 seconds (0d 0h 0m 0s)

---------------  T H R E A D  ---------------

Current thread (0x00000205e603d280):  JavaThread "Unknown thread" [_thread_in_vm, id=9376, stack(0x00000016e3200000,0x00000016e3300000)]

Stack: [0x00000016e3200000,0x00000016e3300000]
Native frames: (J=compiled Java code, j=interpreted, Vv=VM code, C=native code)
V  [jvm.dll+0x6681ca]
V  [jvm.dll+0x7c9e69]
V  [jvm.dll+0x7cb61e]
V  [jvm.dll+0x7cbc73]
V  [jvm.dll+0x242c55]
V  [jvm.dll+0x664f89]
V  [jvm.dll+0x659b75]
V  [jvm.dll+0x2fbfbb]
V  [jvm.dll+0x3031b6]
V  [jvm.dll+0x35299e]
V  [jvm.dll+0x352bcf]
V  [jvm.dll+0x2d3028]
V  [jvm.dll+0x2d4264]
V  [jvm.dll+0x79c741]
V  [jvm.dll+0x360791]
V  [jvm.dll+0x77a3f0]
V  [jvm.dll+0x3e4e8f]
V  [jvm.dll+0x3e6961]
C  [jli.dll+0x52fb]
C  [ucrtbase.dll+0x26c0c]
C  [KERNEL32.DLL+0x154e0]
C  [ntdll.dll+0x485b]


---------------  P R O C E S S  ---------------

Threads class SMR info:
_java_thread_list=0x00007ffbaf8bcbb8, length=0, elements={
}

Java Threads: ( => current thread )

Other Threads:
  0x00000205e608e380 GCTaskThread "GC Thread#0" [stack: 0x00000016e3300000,0x00000016e3400000] [id=11928]
  0x00000205e609f9b0 ConcurrentGCThread "G1 Main Marker" [stack: 0x00000016e3400000,0x00000016e3500000] [id=14948]
  0x00000205e60a0420 ConcurrentGCThread "G1 Conc#0" [stack: 0x00000016e3500000,0x00000016e3600000] [id=5796]

[error occurred during error reporting (printing all threads), id 0xc0000005, EXCEPTION_ACCESS_VIOLATION (0xc0000005) at pc=0x00007ffbaf093ee7]

VM state: not at safepoint (not fully initialized)

VM Mutex/Monitor currently owned by a thread:  ([mutex/lock_event])
[0x00000205e60372d0] Heap_lock - owner thread: 0x00000205e603d280

Heap address: 0x0000000701a00000, size: 4070 MB, Compressed Oops mode: Zero based, Oop shift amount: 3

CDS archive(s) mapped at: [0x0000000000000000-0x0000000000000000-0x0000000000000000), size 0, SharedBaseAddress: 0x0000000800000000, ArchiveRelocationMode: 0.
Narrow klass base: 0x0000000000000000, Narrow klass shift: 0, Narrow klass range: 0x0

GC Precious Log:
<Empty>

Heap:
 garbage-first heap   total 0K, used 0K [0x0000000701a00000, 0x0000000800000000)
  region size 2048K, 0 young (0K), 0 survivors (0K)

[error occurred during error reporting (printing heap information), id 0xc0000005, EXCEPTION_ACCESS_VIOLATION (0xc0000005) at pc=0x00007ffbaf471eed]

GC Heap History (0 events):
No events

Deoptimization events (0 events):
No events

Classes unloaded (0 events):
No events

Classes redefined (0 events):
No events

Internal exceptions (0 events):
No events

Events (1 events):
Event: 0.008 Loaded shared library C:\Program Files\Java\jdk-16.0.2\bin\java.dll


Dynamic libraries:
0x00007ff6b4a60000 - 0x00007ff6b4a70000 	C:\Program Files\Java\jdk-16.0.2\bin\java.exe
0x00007ffbe85e0000 - 0x00007ffbe87e7000 	C:\WINDOWS\SYSTEM32\ntdll.dll
0x00007ffbe6fa0000 - 0x00007ffbe705d000 	C:\WINDOWS\System32\KERNEL32.DLL
0x00007ffbe5fa0000 - 0x00007ffbe6314000 	C:\WINDOWS\System32\KERNELBASE.dll
0x00007ffbe5d10000 - 0x00007ffbe5e21000 	C:\WINDOWS\System32\ucrtbase.dll
0x00007ffbe2110000 - 0x00007ffbe2129000 	C:\Program Files\Java\jdk-16.0.2\bin\VCRUNTIME140.dll
0x00007ffbe1740000 - 0x00007ffbe1758000 	C:\Program Files\Java\jdk-16.0.2\bin\jli.dll
0x00007ffbe8310000 - 0x00007ffbe83bc000 	C:\WINDOWS\System32\ADVAPI32.dll
0x00007ffbe7580000 - 0x00007ffbe7623000 	C:\WINDOWS\System32\msvcrt.dll
0x00007ffbe8420000 - 0x00007ffbe84bd000 	C:\WINDOWS\System32\sechost.dll
0x00007ffbe6720000 - 0x00007ffbe6841000 	C:\WINDOWS\System32\RPCRT4.dll
0x00007ffbe80b0000 - 0x00007ffbe825c000 	C:\WINDOWS\System32\USER32.dll
0x00007ffbe63c0000 - 0x00007ffbe63e6000 	C:\WINDOWS\System32\win32u.dll
0x00007ffbd6ce0000 - 0x00007ffbd6f85000 	C:\WINDOWS\WinSxS\amd64_microsoft.windows.common-controls_6595b64144ccf1df_6.0.22000.120_none_9d947278b86cc467\COMCTL32.dll
0x00007ffbe82e0000 - 0x00007ffbe8309000 	C:\WINDOWS\System32\GDI32.dll
0x00007ffbe5ac0000 - 0x00007ffbe5bd2000 	C:\WINDOWS\System32\gdi32full.dll
0x00007ffbe6320000 - 0x00007ffbe63bd000 	C:\WINDOWS\System32\msvcp_win.dll
0x00007ffbde790000 - 0x00007ffbde79a000 	C:\WINDOWS\SYSTEM32\VERSION.dll
0x00007ffbe6470000 - 0x00007ffbe64a1000 	C:\WINDOWS\System32\IMM32.DLL
0x00007ffbe1730000 - 0x00007ffbe173c000 	C:\Program Files\Java\jdk-16.0.2\bin\vcruntime140_1.dll
0x00007ffbcaa80000 - 0x00007ffbcab11000 	C:\Program Files\Java\jdk-16.0.2\bin\msvcp140.dll
0x00007ffbaedb0000 - 0x00007ffbaf95b000 	C:\Program Files\Java\jdk-16.0.2\bin\server\jvm.dll
0x00007ffbe7650000 - 0x00007ffbe7658000 	C:\WINDOWS\System32\PSAPI.DLL
0x00007ffbe2260000 - 0x00007ffbe2269000 	C:\WINDOWS\SYSTEM32\WSOCK32.dll
0x00007ffbe0960000 - 0x00007ffbe0993000 	C:\WINDOWS\SYSTEM32\WINMM.dll
0x00007ffbe7500000 - 0x00007ffbe756f000 	C:\WINDOWS\System32\WS2_32.dll
0x00007ffbe4bf0000 - 0x00007ffbe4c08000 	C:\WINDOWS\SYSTEM32\kernel.appcore.dll
0x00007ffbd6f90000 - 0x00007ffbd6f9a000 	C:\Program Files\Java\jdk-16.0.2\bin\jimage.dll
0x00007ffbd1700000 - 0x00007ffbd1921000 	C:\WINDOWS\SYSTEM32\DBGHELP.DLL
0x00007ffbd1670000 - 0x00007ffbd16a1000 	C:\WINDOWS\SYSTEM32\dbgcore.DLL
0x00007ffbe63f0000 - 0x00007ffbe6470000 	C:\WINDOWS\System32\bcryptPrimitives.dll
0x00007ffbcbe90000 - 0x00007ffbcbeb5000 	C:\Program Files\Java\jdk-16.0.2\bin\java.dll

dbghelp: loaded successfully - version: 4.0.5 - missing functions: none
symbol engine: initialized successfully - sym options: 0x614 - pdb path: .;C:\Program Files\Java\jdk-16.0.2\bin;C:\WINDOWS\SYSTEM32;C:\WINDOWS\WinSxS\amd64_microsoft.windows.common-controls_6595b64144ccf1df_6.0.22000.120_none_9d947278b86cc467;C:\Program Files\Java\jdk-16.0.2\bin\server

VM Arguments:
jvm_args: -Dorg.gradle.appname=gradlew 
java_command: org.gradle.wrapper.GradleWrapperMain -q -Ptarget-platform=android-arm,android-arm64,android-x64 -Ptarget=lib\main.dart -Pdart-obfuscation=false -Ptrack-widget-creation=true -Ptree-shake-icons=true bundleRelease
java_class_path (initial): C:\Users\cheet\AndroidStudioProjects\rdrr\android\\gradle\wrapper\gradle-wrapper.jar
Launcher Type: SUN_STANDARD

[Global flags]
     intx CICompilerCount                          = 3                                         {product} {ergonomic}
     uint ConcGCThreads                            = 1                                         {product} {ergonomic}
     uint G1ConcRefinementThreads                  = 4                                         {product} {ergonomic}
   size_t G1HeapRegionSize                         = 2097152                                   {product} {ergonomic}
    uintx GCDrainStackTargetSize                   = 64                                        {product} {ergonomic}
   size_t InitialHeapSize                          = 268435456                                 {product} {ergonomic}
   size_t MarkStackSize                            = 4194304                                   {product} {ergonomic}
   size_t MaxHeapSize                              = 4267704320                                {product} {ergonomic}
   size_t MinHeapDeltaBytes                        = 2097152                                   {product} {ergonomic}
   size_t MinHeapSize                              = 8388608                                   {product} {ergonomic}
    uintx NonNMethodCodeHeapSize                   = 5832780                                {pd product} {ergonomic}
    uintx NonProfiledCodeHeapSize                  = 122912730                              {pd product} {ergonomic}
    uintx ProfiledCodeHeapSize                     = 122912730                              {pd product} {ergonomic}
    uintx ReservedCodeCacheSize                    = 251658240                              {pd product} {ergonomic}
     bool SegmentedCodeCache                       = true                                      {product} {ergonomic}
   size_t SoftMaxHeapSize                          = 4267704320                             {manageable} {ergonomic}
     bool UseCompressedClassPointers               = true                           {product lp64_product} {ergonomic}
     bool UseCompressedOops                        = true                           {product lp64_product} {ergonomic}
     bool UseG1GC                                  = true                                      {product} {ergonomic}
     bool UseLargePagesIndividualAllocation        = false                                  {pd product} {ergonomic}

Logging:
Log output configuration:
 #0: stdout all=warning uptime,level,tags
 #1: stderr all=off uptime,level,tags

Environment Variables:
JAVA_HOME=C:\Program Files\Java\jdk-16.0.2
CLASSPATH=C:\Users\cheet\AndroidStudioProjects\rdrr\android\\gradle\wrapper\gradle-wrapper.jar
PATH=C:\Program Files\Common Files\Oracle\Java\javapath;C:\Program Files (x86)\Intel\iCLS Client\;C:\Program Files\Intel\iCLS Client\;C:\Program Files\Python39\Scripts\;C:\Program Files\Python39\;C:\Windows\system32;C:\Windows;C:\Windows\System32\Wbem;C:\Windows\System32\WindowsPowerShell\v1.0\;C:\Windows\System32\OpenSSH\;C:\Program Files (x86)\Intel\Intel(R) Management Engine Components\DAL;C:\Program Files\Intel\Intel(R) Management Engine Components\DAL;C:\Program Files (x86)\Intel\Intel(R) Management Engine Components\IPT;C:\Program Files\Intel\Intel(R) Management Engine Components\IPT;C:\Program Files (x86)\NVIDIA Corporation\PhysX\Common;C:\WINDOWS\system32;C:\WINDOWS;C:\WINDOWS\System32\Wbem;C:\WINDOWS\System32\WindowsPowerShell\v1.0\;C:\WINDOWS\System32\OpenSSH\;C:\Users\cheet\Downloads\flutter_windows_2.2.3-stable\flutter\bin\;C:\Users\cheet\AppData\Local\Microsoft\WindowsApps;;C:\Program Files\JetBrains\IntelliJ IDEA 2021.2\bin;;C:\Users\cheet\Downloads\flutter_windows_2.2.3-stable\flutter\bin\mingit\cmd
USERNAME=cheet
OS=Windows_NT
PROCESSOR_IDENTIFIER=Intel64 Family 6 Model 158 Stepping 9, GenuineIntel



---------------  S Y S T E M  ---------------

OS:
 Windows 10 , 64 bit Build 22000 (10.0.22000.120)
OS uptime: 0 days 3:45 hours

CPU: total 4 (initial active 4) (4 cores per cpu, 1 threads per core) family 6 model 158 stepping 9 microcode 0xde, cx8, cmov, fxsr, mmx, 3dnowpref, sse, sse2, sse3, ssse3, sse4.1, sse4.2, popcnt, lzcnt, tsc, tscinvbit, avx, avx2, aes, erms, clmul, bmi1, bmi2, adx, fma, vzeroupper, clflush, clflushopt

Memory: 4k page, system-wide physical 16276M (3682M free)
TotalPageFile size 16276M (AvailPageFile size 119M)
current process WorkingSet (physical memory assigned to process): 10M, peak: 10M
current process commit charge ("private bytes"): 51M, peak: 307M

vm_info: Java HotSpot(TM) 64-Bit Server VM (16.0.2+7-67) for windows-amd64 JRE (16.0.2+7-67), built on Jun  8 2021 23:24:19 by "mach5one" with MS VC++ 16.7 (VS2019)

END.
